My id is: 1
Loading ..
Welcome to (the s)hell!
Type 'help' to ask for help.
> Staking 100.0
> Loading transactions from experiments/input5/trans1.txt
Sending Message "Lunchtime doubly so." to 3
Sending Message "But the plans were on display" to 2
Sending Message "do you have...er..." to 3
Sending Message "Yes" to 2
Sending Message "But look" to 2
Sending Message "Beware of the Leopard" to 2
Sending Message "This has made a lot of people very angry." to 5
Sending Message "Is..." to 2
Sending Message "All right" to 3
Sending Message "Yes" to 5
Sending Message "It is a mistake to think you can solve any major problems just with potatoes." to 5
Sending Message "Yes...!" to 5
Sending Message "There really is one." to 4
Sending Message "That's the display department." to 3
Sending Message "Good Morning" to 5
Sending Message "To Everything?" to 4
Sending Message "But can you do it?" to 2
Sending Message "I'd far rather be happy than right any day." to 3
Sending Message "Of Life, the Universe and Everything..." to 3
Sending Message "Is..." to 5
Sending Message "yes I did" to 2
Sending Message "Don't panic" to 3
Sending Message "O Deep Thought computer" to 4
Sending Message "But the plans were on display" to 5
Sending Message "The Answer to the Great Question..." to 2
Sending Message "Life!" to 5
Sending Message "But look" to 2
Sending Message "This has made a lot of people very angry." to 3
Sending Message "The Universe!" to 2
Sending Message "Is..." to 3
Sending Message "The Answer to what?" to 2
Sending Message "It is a mistake to think you can solve any major problems just with potatoes." to 5
Sending Message "With a flashlight." to 2
Sending Message "That's the display department." to 5
Sending Message "There really is one?" to 5
Sending Message "Good Morning" to 5
Sending Message "Yes..." to 5
Sending Message "To Everything?" to 4
Sending Message "An Answer for you?" to 2
Sending Message "Of Life, the Universe and Everything..." to 5
Sending Message "For a moment, nothing happened." to 3
Sending Message "Nothing travels faster than the speed of light with the possible exception of bad news." to 4
Sending Message "Lunchtime doubly so." to 3
Sending Message "But the plans were on display" to 2
Sending Message "do you have...er..." to 3
Sending Message "Yes" to 2
Sending Message "But look" to 2
Sending Message "Beware of the Leopard" to 2
Sending Message "This has made a lot of people very angry." to 5
Sending Message "Is..." to 2
> ===================================================
Block Index: 1
Block Timestamp: UnixTime {utSeconds = 1712736880, utMicroSeconds = 833439}
Block Transactions: 
	|---------------------------------------------------
	|TX Sender: genesis
	|TX Receiver: bootstrap
	|TX Service: Coins 5000.0
	|TX Nonce: 1
	|---------------------------------------------------
Block Validator: genesis
===================================================
===================================================
Block Index: 2
Block Timestamp: UnixTime {utSeconds = 1712736881, utMicroSeconds = 805725}
Block Transactions: 
	|---------------------------------------------------
	|TX Sender: you
	|TX Receiver: stake
	|TX Service: Coins 100.0
	|TX Nonce: 1
	|---------------------------------------------------
Block Validator: you
===================================================
===================================================
Block Index: 3
Block Timestamp: UnixTime {utSeconds = 1712736881, utMicroSeconds = 826248}
Block Transactions: 
	|---------------------------------------------------
	|TX Sender: 3
	|TX Receiver: stake
	|TX Service: Coins 10.0
	|TX Nonce: 1
	|---------------------------------------------------
Block Validator: you
===================================================
===================================================
Block Index: 4
Block Timestamp: UnixTime {utSeconds = 1712736881, utMicroSeconds = 844872}
Block Transactions: 
	|---------------------------------------------------
	|TX Sender: 4
	|TX Receiver: stake
	|TX Service: Coins 10.0
	|TX Nonce: 1
	|---------------------------------------------------
Block Validator: you
===================================================
===================================================
Block Index: 5
Block Timestamp: UnixTime {utSeconds = 1712736881, utMicroSeconds = 855543}
Block Transactions: 
	|---------------------------------------------------
	|TX Sender: 5
	|TX Receiver: stake
	|TX Service: Coins 10.0
	|TX Nonce: 1
	|---------------------------------------------------
Block Validator: 3
===================================================
===================================================
Block Index: 6
Block Timestamp: UnixTime {utSeconds = 1712736881, utMicroSeconds = 877520}
Block Transactions: 
	|---------------------------------------------------
	|TX Sender: 2
	|TX Receiver: stake
	|TX Service: Coins 10.0
	|TX Nonce: 1
	|---------------------------------------------------
Block Validator: you
===================================================
===================================================
Block Index: 7
Block Timestamp: UnixTime {utSeconds = 1712736881, utMicroSeconds = 910377}
Block Transactions: 
	|---------------------------------------------------
	|TX Sender: you
	|TX Receiver: 3
	|TX Service: Message "Lunchtime doubly so."
	|TX Nonce: 2
	|---------------------------------------------------
Block Validator: you
===================================================
===================================================
Block Index: 8
Block Timestamp: UnixTime {utSeconds = 1712736881, utMicroSeconds = 936363}
Block Transactions: 
	|---------------------------------------------------
	|TX Sender: 3
	|TX Receiver: 2
	|TX Service: Message "Forty-two, said Deep Thought, with infinite majesty and calm."
	|TX Nonce: 2
	|---------------------------------------------------
Block Validator: 2
===================================================
===================================================
Block Index: 9
Block Timestamp: UnixTime {utSeconds = 1712736881, utMicroSeconds = 949554}
Block Transactions: 
	|---------------------------------------------------
	|TX Sender: 4
	|TX Receiver: 3
	|TX Service: Message "The Answer to what?"
	|TX Nonce: 2
	|---------------------------------------------------
Block Validator: 5
===================================================
===================================================
Block Index: 10
Block Timestamp: UnixTime {utSeconds = 1712736881, utMicroSeconds = 964223}
Block Transactions: 
	|---------------------------------------------------
	|TX Sender: 5
	|TX Receiver: 2
	|TX Service: Message "In the beginning the Universe was created."
	|TX Nonce: 2
	|---------------------------------------------------
Block Validator: you
===================================================
===================================================
Block Index: 11
Block Timestamp: UnixTime {utSeconds = 1712736881, utMicroSeconds = 979115}
Block Transactions: 
	|---------------------------------------------------
	|TX Sender: 4
	|TX Receiver: 2
	|TX Service: Message "Forty-two"
	|TX Nonce: 3
	|---------------------------------------------------
Block Validator: you
===================================================
===================================================
Block Index: 12
Block Timestamp: UnixTime {utSeconds = 1712736881, utMicroSeconds = 997627}
Block Transactions: 
	|---------------------------------------------------
	|TX Sender: 2
	|TX Receiver: 4
	|TX Service: Message "I eventually had to go down to the cellar to find them."
	|TX Nonce: 2
	|---------------------------------------------------
Block Validator: you
===================================================
===================================================
Block Index: 13
Block Timestamp: UnixTime {utSeconds = 1712736882, utMicroSeconds = 14931}
Block Transactions: 
	|---------------------------------------------------
	|TX Sender: 5
	|TX Receiver: 3
	|TX Service: Message "Don't panic"
	|TX Nonce: 3
	|---------------------------------------------------
Block Validator: you
===================================================
===================================================
Block Index: 14
Block Timestamp: UnixTime {utSeconds = 1712736882, utMicroSeconds = 22951}
Block Transactions: 
	|---------------------------------------------------
	|TX Sender: you
	|TX Receiver: 2
	|TX Service: Message "But the plans were on display"
	|TX Nonce: 3
	|---------------------------------------------------
Block Validator: 5
===================================================
===================================================
Block Index: 15
Block Timestamp: UnixTime {utSeconds = 1712736882, utMicroSeconds = 46194}
Block Transactions: 
	|---------------------------------------------------
	|TX Sender: 4
	|TX Receiver: 2
	|TX Service: Message "It is a mistake to think you can solve any major problems just with potatoes."
	|TX Nonce: 4
	|---------------------------------------------------
Block Validator: 2
===================================================
===================================================
Block Index: 16
Block Timestamp: UnixTime {utSeconds = 1712736882, utMicroSeconds = 64267}
Block Transactions: 
	|---------------------------------------------------
	|TX Sender: 5
	|TX Receiver: 2
	|TX Service: Message "Yes..."
	|TX Nonce: 4
	|---------------------------------------------------
Block Validator: you
===================================================
===================================================
Block Index: 17
Block Timestamp: UnixTime {utSeconds = 1712736882, utMicroSeconds = 83015}
Block Transactions: 
	|---------------------------------------------------
	|TX Sender: 4
	|TX Receiver: you
	|TX Service: Message "Tricky"
	|TX Nonce: 5
	|---------------------------------------------------
Block Validator: you
===================================================
===================================================
Block Index: 18
Block Timestamp: UnixTime {utSeconds = 1712736882, utMicroSeconds = 105703}
Block Transactions: 
	|---------------------------------------------------
	|TX Sender: 3
	|TX Receiver: 4
	|TX Service: Message "There is an answer?"
	|TX Nonce: 4
	|---------------------------------------------------
Block Validator: you
===================================================
===================================================
Block Index: 19
Block Timestamp: UnixTime {utSeconds = 1712736882, utMicroSeconds = 111856}
Block Transactions: 
	|---------------------------------------------------
	|TX Sender: you
	|TX Receiver: 3
	|TX Service: Message "do you have...er..."
	|TX Nonce: 4
	|---------------------------------------------------
Block Validator: you
===================================================
===================================================
Block Index: 20
Block Timestamp: UnixTime {utSeconds = 1712736882, utMicroSeconds = 122029}
Block Transactions: 
	|---------------------------------------------------
	|TX Sender: 2
	|TX Receiver: 5
	|TX Service: Message "With a flashlight."
	|TX Nonce: 3
	|---------------------------------------------------
Block Validator: you
===================================================
===================================================
Block Index: 21
Block Timestamp: UnixTime {utSeconds = 1712736882, utMicroSeconds = 127124}
Block Transactions: 
	|---------------------------------------------------
	|TX Sender: 5
	|TX Receiver: 3
	|TX Service: Message "Tricky"
	|TX Nonce: 5
	|---------------------------------------------------
Block Validator: you
===================================================
===================================================
Block Index: 22
Block Timestamp: UnixTime {utSeconds = 1712736882, utMicroSeconds = 131559}
Block Transactions: 
	|---------------------------------------------------
	|TX Sender: 4
	|TX Receiver: you
	|TX Service: Message "do you have...er..."
	|TX Nonce: 6
	|---------------------------------------------------
Block Validator: you
===================================================
===================================================
Block Index: 23
Block Timestamp: UnixTime {utSeconds = 1712736882, utMicroSeconds = 136497}
Block Transactions: 
	|---------------------------------------------------
	|TX Sender: you
	|TX Receiver: 2
	|TX Service: Message "Yes"
	|TX Nonce: 5
	|---------------------------------------------------
Block Validator: you
===================================================
===================================================
Block Index: 24
Block Timestamp: UnixTime {utSeconds = 1712736882, utMicroSeconds = 148694}
Block Transactions: 
	|---------------------------------------------------
	|TX Sender: 2
	|TX Receiver: 5
	|TX Service: Message "Time is an illusion."
	|TX Nonce: 4
	|---------------------------------------------------
Block Validator: you
===================================================
===================================================
Block Index: 25
Block Timestamp: UnixTime {utSeconds = 1712736882, utMicroSeconds = 161853}
Block Transactions: 
	|---------------------------------------------------
	|TX Sender: 4
	|TX Receiver: you
	|TX Service: Message "Beware of the Leopard"
	|TX Nonce: 7
	|---------------------------------------------------
Block Validator: you
===================================================
===================================================
Block Index: 26
Block Timestamp: UnixTime {utSeconds = 1712736882, utMicroSeconds = 167020}
Block Transactions: 
	|---------------------------------------------------
	|TX Sender: 3
	|TX Receiver: 4
	|TX Service: Message "Forty-two"
	|TX Nonce: 5
	|---------------------------------------------------
Block Validator: you
===================================================
===================================================
Block Index: 27
Block Timestamp: UnixTime {utSeconds = 1712736882, utMicroSeconds = 173871}
Block Transactions: 
	|---------------------------------------------------
	|TX Sender: 5
	|TX Receiver: 4
	|TX Service: Message "Yes...!"
	|TX Nonce: 6
	|---------------------------------------------------
Block Validator: you
===================================================
===================================================
Block Index: 28
Block Timestamp: UnixTime {utSeconds = 1712736882, utMicroSeconds = 179205}
Block Transactions: 
	|---------------------------------------------------
	|TX Sender: you
	|TX Receiver: 2
	|TX Service: Message "But look"
	|TX Nonce: 6
	|---------------------------------------------------
Block Validator: you
===================================================
Mean time between blocks: 1.030115227027695e-2
> 1119.8999999999999
> Exiting ..
