My id is: 5
Loading ..
Welcome to (the s)hell!
Type 'help' to ask for help.
> Staking 10.0
> Loading transactions from experiments/input5/trans5.txt
Sending Message "In the beginning the Universe was created." to 2
Sending Message "Don't panic" to 3
Sending Message "Yes..." to 2
Sending Message "Tricky" to 3
Sending Message "Yes...!" to 4
Sending Message "The Universe!" to 1
Sending Message "But look" to 4
Sending Message "That's the display department." to 2
Sending Message "There really is one?" to 2
Sending Message "All right" to 3
Sending Message "Everything!" to 2
Sending Message "It is a mistake to think you can solve any major problems just with potatoes." to 4
Sending Message "To Everything?" to 4
Sending Message "Beware of the Leopard" to 2
Sending Message "Doesn't matter!" to 3
Sending Message "With a flashlight." to 3
Sending Message "Nothing travels faster than the speed of light with the possible exception of bad news." to 2
Sending Message "We want you to tell us...The Answer" to 1
Sending Message "Forty-two, said Deep Thought, with infinite majesty and calm." to 4
Sending Message "For a moment, nothing happened." to 2
Sending Message "I eventually had to go down to the cellar to find them." to 4
Sending Message "Yes" to 1
Sending Message "Good Morning" to 4
Sending Message "There is an answer?" to 3
Sending Message "Don't panic" to 3
Sending Message "Yes..." to 4
Sending Message "I'd far rather be happy than right any day." to 3
Sending Message "Yes." to 1
Sending Message "Of Life, the Universe and Everything..." to 3
Sending Message "The Universe!" to 1
Sending Message "Lunchtime doubly so." to 3
Sending Message "That's the display department." to 2
Sending Message "There really is one?" to 4
Sending Message "All right" to 3
Sending Message "On display?" to 4
Sending Message "To Everything?" to 1
Sending Message "There really is one." to 4
Sending Message "The Answer to what?" to 4
Sending Message "Beware of the Leopard" to 2
Sending Message "Doesn't matter!" to 3
Sending Message "But can you do it?" to 3
Sending Message "Er..good morning, O Deep Thought" to 4
Sending Message "Nothing travels faster than the speed of light with the possible exception of bad news." to 4
Sending Message "O Deep Thought computer" to 4
Sending Message "For a moment, nothing happened." to 4
Sending Message "I eventually had to go down to the cellar to find them." to 4
Sending Message "Yes" to 1
Sending Message "Ah, well, the lights had probably gone." to 1
Sending Message "Forty-two" to 2
Sending Message "In the beginning the Universe was created." to 2
> ===================================================
Block Index: 1
Block Timestamp: UnixTime {utSeconds = 1712736880, utMicroSeconds = 833439}
Block Transactions: 
	|---------------------------------------------------
	|TX Sender: genesis
	|TX Receiver: bootstrap
	|TX Service: Coins 5000.0
	|TX Nonce: 1
	|---------------------------------------------------
Block Validator: genesis
===================================================
===================================================
Block Index: 2
Block Timestamp: UnixTime {utSeconds = 1712736881, utMicroSeconds = 805725}
Block Transactions: 
	|---------------------------------------------------
	|TX Sender: 1
	|TX Receiver: stake
	|TX Service: Coins 100.0
	|TX Nonce: 1
	|---------------------------------------------------
Block Validator: 1
===================================================
===================================================
Block Index: 3
Block Timestamp: UnixTime {utSeconds = 1712736881, utMicroSeconds = 826248}
Block Transactions: 
	|---------------------------------------------------
	|TX Sender: 3
	|TX Receiver: stake
	|TX Service: Coins 10.0
	|TX Nonce: 1
	|---------------------------------------------------
Block Validator: 1
===================================================
===================================================
Block Index: 4
Block Timestamp: UnixTime {utSeconds = 1712736881, utMicroSeconds = 844872}
Block Transactions: 
	|---------------------------------------------------
	|TX Sender: 4
	|TX Receiver: stake
	|TX Service: Coins 10.0
	|TX Nonce: 1
	|---------------------------------------------------
Block Validator: 1
===================================================
===================================================
Block Index: 5
Block Timestamp: UnixTime {utSeconds = 1712736881, utMicroSeconds = 855543}
Block Transactions: 
	|---------------------------------------------------
	|TX Sender: you
	|TX Receiver: stake
	|TX Service: Coins 10.0
	|TX Nonce: 1
	|---------------------------------------------------
Block Validator: 3
===================================================
===================================================
Block Index: 6
Block Timestamp: UnixTime {utSeconds = 1712736881, utMicroSeconds = 877520}
Block Transactions: 
	|---------------------------------------------------
	|TX Sender: 2
	|TX Receiver: stake
	|TX Service: Coins 10.0
	|TX Nonce: 1
	|---------------------------------------------------
Block Validator: 1
===================================================
===================================================
Block Index: 7
Block Timestamp: UnixTime {utSeconds = 1712736881, utMicroSeconds = 910377}
Block Transactions: 
	|---------------------------------------------------
	|TX Sender: 1
	|TX Receiver: 3
	|TX Service: Message "Lunchtime doubly so."
	|TX Nonce: 2
	|---------------------------------------------------
Block Validator: 1
===================================================
===================================================
Block Index: 8
Block Timestamp: UnixTime {utSeconds = 1712736881, utMicroSeconds = 936363}
Block Transactions: 
	|---------------------------------------------------
	|TX Sender: 3
	|TX Receiver: 2
	|TX Service: Message "Forty-two, said Deep Thought, with infinite majesty and calm."
	|TX Nonce: 2
	|---------------------------------------------------
Block Validator: 2
===================================================
===================================================
Block Index: 9
Block Timestamp: UnixTime {utSeconds = 1712736881, utMicroSeconds = 949554}
Block Transactions: 
	|---------------------------------------------------
	|TX Sender: 4
	|TX Receiver: 3
	|TX Service: Message "The Answer to what?"
	|TX Nonce: 2
	|---------------------------------------------------
Block Validator: you
===================================================
===================================================
Block Index: 10
Block Timestamp: UnixTime {utSeconds = 1712736881, utMicroSeconds = 964223}
Block Transactions: 
	|---------------------------------------------------
	|TX Sender: you
	|TX Receiver: 2
	|TX Service: Message "In the beginning the Universe was created."
	|TX Nonce: 2
	|---------------------------------------------------
Block Validator: 1
===================================================
===================================================
Block Index: 11
Block Timestamp: UnixTime {utSeconds = 1712736881, utMicroSeconds = 979115}
Block Transactions: 
	|---------------------------------------------------
	|TX Sender: 4
	|TX Receiver: 2
	|TX Service: Message "Forty-two"
	|TX Nonce: 3
	|---------------------------------------------------
Block Validator: 1
===================================================
===================================================
Block Index: 12
Block Timestamp: UnixTime {utSeconds = 1712736881, utMicroSeconds = 997627}
Block Transactions: 
	|---------------------------------------------------
	|TX Sender: 2
	|TX Receiver: 4
	|TX Service: Message "I eventually had to go down to the cellar to find them."
	|TX Nonce: 2
	|---------------------------------------------------
Block Validator: 1
===================================================
===================================================
Block Index: 13
Block Timestamp: UnixTime {utSeconds = 1712736882, utMicroSeconds = 14931}
Block Transactions: 
	|---------------------------------------------------
	|TX Sender: you
	|TX Receiver: 3
	|TX Service: Message "Don't panic"
	|TX Nonce: 3
	|---------------------------------------------------
Block Validator: 1
===================================================
===================================================
Block Index: 14
Block Timestamp: UnixTime {utSeconds = 1712736882, utMicroSeconds = 22951}
Block Transactions: 
	|---------------------------------------------------
	|TX Sender: 1
	|TX Receiver: 2
	|TX Service: Message "But the plans were on display"
	|TX Nonce: 3
	|---------------------------------------------------
Block Validator: you
===================================================
===================================================
Block Index: 15
Block Timestamp: UnixTime {utSeconds = 1712736882, utMicroSeconds = 46194}
Block Transactions: 
	|---------------------------------------------------
	|TX Sender: 4
	|TX Receiver: 2
	|TX Service: Message "It is a mistake to think you can solve any major problems just with potatoes."
	|TX Nonce: 4
	|---------------------------------------------------
Block Validator: 2
===================================================
===================================================
Block Index: 16
Block Timestamp: UnixTime {utSeconds = 1712736882, utMicroSeconds = 64267}
Block Transactions: 
	|---------------------------------------------------
	|TX Sender: you
	|TX Receiver: 2
	|TX Service: Message "Yes..."
	|TX Nonce: 4
	|---------------------------------------------------
Block Validator: 1
===================================================
===================================================
Block Index: 17
Block Timestamp: UnixTime {utSeconds = 1712736882, utMicroSeconds = 83015}
Block Transactions: 
	|---------------------------------------------------
	|TX Sender: 4
	|TX Receiver: 1
	|TX Service: Message "Tricky"
	|TX Nonce: 5
	|---------------------------------------------------
Block Validator: 1
===================================================
===================================================
Block Index: 18
Block Timestamp: UnixTime {utSeconds = 1712736882, utMicroSeconds = 105703}
Block Transactions: 
	|---------------------------------------------------
	|TX Sender: 3
	|TX Receiver: 4
	|TX Service: Message "There is an answer?"
	|TX Nonce: 4
	|---------------------------------------------------
Block Validator: 1
===================================================
===================================================
Block Index: 19
Block Timestamp: UnixTime {utSeconds = 1712736882, utMicroSeconds = 111856}
Block Transactions: 
	|---------------------------------------------------
	|TX Sender: 1
	|TX Receiver: 3
	|TX Service: Message "do you have...er..."
	|TX Nonce: 4
	|---------------------------------------------------
Block Validator: 1
===================================================
===================================================
Block Index: 20
Block Timestamp: UnixTime {utSeconds = 1712736882, utMicroSeconds = 122029}
Block Transactions: 
	|---------------------------------------------------
	|TX Sender: 2
	|TX Receiver: you
	|TX Service: Message "With a flashlight."
	|TX Nonce: 3
	|---------------------------------------------------
Block Validator: 1
===================================================
===================================================
Block Index: 21
Block Timestamp: UnixTime {utSeconds = 1712736882, utMicroSeconds = 127124}
Block Transactions: 
	|---------------------------------------------------
	|TX Sender: you
	|TX Receiver: 3
	|TX Service: Message "Tricky"
	|TX Nonce: 5
	|---------------------------------------------------
Block Validator: 1
===================================================
Mean time between blocks: 1.346522972098072e-2
> 972.7
> Exiting ..
