My id is: 3
Loading ..
Welcome to (the s)hell!
Type 'help' to ask for help.
> Staking 10.0
> Loading transactions from experiments/input5/trans3.txt
Sending Message "Forty-two, said Deep Thought, with infinite majesty and calm." to 2
Sending Message "There really is one." to 4
Sending Message "There is an answer?" to 4
Sending Message "Forty-two" to 4
Sending Message "With a flashlight." to 4
Sending Message "Yes..." to 2
Sending Message "Of Life, the Universe and Everything..." to 1
Sending Message "Tricky" to 2
Sending Message "To Everything?" to 4
Sending Message "The Universe!" to 2
Sending Message "This has made a lot of people very angry." to 2
Sending Message "All right" to 2
Sending Message "I'd far rather be happy than right any day." to 2
Sending Message "Is..." to 1
Sending Message "So had the stairs." to 1
Sending Message "In the beginning the Universe was created." to 1
Sending Message "But the plans were on display" to 2
Sending Message "An Answer for you?" to 4
Sending Message "Er..good morning, O Deep Thought" to 1
Sending Message "Everything!" to 4
Sending Message "For a moment, nothing happened." to 5
Sending Message "Life!" to 5
Sending Message "That's the display department." to 5
Sending Message "There really is one?" to 1
Sending Message "O Deep Thought computer" to 4
Sending Message "Forty-two, said Deep Thought, with infinite majesty and calm." to 4
Sending Message "yes I did" to 2
Sending Message "There is an answer?" to 5
Sending Message "Forty-two" to 4
Sending Message "Though I don't think that you're going to like it" to 4
Sending Message "The Answer to what?" to 2
Sending Message "Yes..." to 2
Sending Message "Yes...!" to 1
Sending Message "This has made a lot of people very angry." to 1
Sending Message "I'd far rather be happy than right any day." to 4
Sending Message "Yes" to 4
Sending Message "On display?" to 2
Sending Message "But can you do it?" to 4
Sending Message "Is..." to 4
Sending Message "Is..." to 4
Sending Message "Don't panic" to 4
Sending Message "So had the stairs." to 4
Sending Message "An Answer for you?" to 4
Sending Message "We want you to tell us...The Answer" to 4
Sending Message "do you have...er..." to 1
Sending Message "Ah, well, the lights had probably gone." to 2
Sending Message "Lunchtime doubly so." to 5
Sending Message "O Deep Thought computer" to 5
Sending Message "Lunchtime doubly so." to 5
Sending Message "O Deep Thought computer" to 5
> ===================================================
Block Index: 1
Block Timestamp: UnixTime {utSeconds = 1712736630, utMicroSeconds = 263789}
Block Transactions: 
	|---------------------------------------------------
	|TX Sender: genesis
	|TX Receiver: bootstrap
	|TX Service: Coins 5000.0
	|TX Nonce: 1
	|---------------------------------------------------
Block Validator: genesis
===================================================
===================================================
Block Index: 2
Block Timestamp: UnixTime {utSeconds = 1712736630, utMicroSeconds = 735057}
Block Transactions: 
	|---------------------------------------------------
	|TX Sender: you
	|TX Receiver: stake
	|TX Service: Coins 10.0
	|TX Nonce: 1
	|---------------------------------------------------
Block Validator: 4
===================================================
===================================================
Block Index: 3
Block Timestamp: UnixTime {utSeconds = 1712736630, utMicroSeconds = 739116}
Block Transactions: 
	|---------------------------------------------------
	|TX Sender: 2
	|TX Receiver: stake
	|TX Service: Coins 10.0
	|TX Nonce: 1
	|---------------------------------------------------
Block Validator: you
===================================================
===================================================
Block Index: 4
Block Timestamp: UnixTime {utSeconds = 1712736630, utMicroSeconds = 749669}
Block Transactions: 
	|---------------------------------------------------
	|TX Sender: 4
	|TX Receiver: stake
	|TX Service: Coins 10.0
	|TX Nonce: 1
	|---------------------------------------------------
Block Validator: 2
===================================================
===================================================
Block Index: 5
Block Timestamp: UnixTime {utSeconds = 1712736630, utMicroSeconds = 763256}
Block Transactions: 
	|---------------------------------------------------
	|TX Sender: 5
	|TX Receiver: stake
	|TX Service: Coins 10.0
	|TX Nonce: 1
	|---------------------------------------------------
Block Validator: you
===================================================
===================================================
Block Index: 6
Block Timestamp: UnixTime {utSeconds = 1712736630, utMicroSeconds = 765919}
Block Transactions: 
	|---------------------------------------------------
	|TX Sender: 2
	|TX Receiver: 4
	|TX Service: Message "I eventually had to go down to the cellar to find them."
	|TX Nonce: 2
	|---------------------------------------------------
Block Validator: 5
===================================================
Mean time between blocks: 5.061740686974097e-3
> 990.3
> Exiting ..
