My id is: 1
Loading ..
Welcome to (the s)hell!
Type 'help' to ask for help.
> Staking 10.0
> Loading transactions from experiments/input5/trans1.txt
Sending Message "Lunchtime doubly so." to 3
Sending Message "But the plans were on display" to 2
Sending Message "do you have...er..." to 3
Sending Message "Yes" to 2
Sending Message "But look" to 2
Sending Message "Beware of the Leopard" to 2
Sending Message "This has made a lot of people very angry." to 5
Sending Message "Is..." to 2
Sending Message "All right" to 3
Sending Message "Yes" to 5
Sending Message "It is a mistake to think you can solve any major problems just with potatoes." to 5
Sending Message "Yes...!" to 5
Sending Message "There really is one." to 4
Sending Message "That's the display department." to 3
Sending Message "Good Morning" to 5
Sending Message "To Everything?" to 4
Sending Message "But can you do it?" to 2
Sending Message "I'd far rather be happy than right any day." to 3
Sending Message "Of Life, the Universe and Everything..." to 3
Sending Message "Is..." to 5
Sending Message "yes I did" to 2
Sending Message "Don't panic" to 3
Sending Message "O Deep Thought computer" to 4
Sending Message "But the plans were on display" to 5
Sending Message "The Answer to the Great Question..." to 2
Sending Message "Life!" to 5
Sending Message "But look" to 2
Sending Message "This has made a lot of people very angry." to 3
Sending Message "The Universe!" to 2
Sending Message "Is..." to 3
Sending Message "The Answer to what?" to 2
Sending Message "It is a mistake to think you can solve any major problems just with potatoes." to 5
Sending Message "With a flashlight." to 2
Sending Message "That's the display department." to 5
Sending Message "There really is one?" to 5
Sending Message "Good Morning" to 5
Sending Message "Yes..." to 5
Sending Message "To Everything?" to 4
Sending Message "An Answer for you?" to 2
Sending Message "Of Life, the Universe and Everything..." to 5
Sending Message "For a moment, nothing happened." to 3
Sending Message "Nothing travels faster than the speed of light with the possible exception of bad news." to 4
Sending Message "Lunchtime doubly so." to 3
Sending Message "But the plans were on display" to 2
Sending Message "do you have...er..." to 3
Sending Message "Yes" to 2
Sending Message "But look" to 2
Sending Message "Beware of the Leopard" to 2
Sending Message "This has made a lot of people very angry." to 5
Sending Message "Is..." to 2
> ===================================================
Block Index: 1
Block Timestamp: UnixTime {utSeconds = 1712736630, utMicroSeconds = 263789}
Block Transactions: 
	|---------------------------------------------------
	|TX Sender: genesis
	|TX Receiver: bootstrap
	|TX Service: Coins 5000.0
	|TX Nonce: 1
	|---------------------------------------------------
Block Validator: genesis
===================================================
===================================================
Block Index: 2
Block Timestamp: UnixTime {utSeconds = 1712736630, utMicroSeconds = 735057}
Block Transactions: 
	|---------------------------------------------------
	|TX Sender: 3
	|TX Receiver: stake
	|TX Service: Coins 10.0
	|TX Nonce: 1
	|---------------------------------------------------
Block Validator: 4
===================================================
===================================================
Block Index: 3
Block Timestamp: UnixTime {utSeconds = 1712736630, utMicroSeconds = 739116}
Block Transactions: 
	|---------------------------------------------------
	|TX Sender: 2
	|TX Receiver: stake
	|TX Service: Coins 10.0
	|TX Nonce: 1
	|---------------------------------------------------
Block Validator: 3
===================================================
Mean time between blocks: 4.059e-3
> 1000.0
> Exiting ..
