\BOOKMARK [0][-]{part.1}{\376\377\000I\000\040\003\243\003\307\003\265\003\264\003\271\003\261\003\303\003\274\003\314\003\302\000\040\003\243\003\305\003\303\003\304\003\256\003\274\003\261\003\304\003\277\003\302}{}% 1
\BOOKMARK [1][-]{section.1}{\376\377\000B\000a\000c\000k\000-\000e\000n\000d}{part.1}% 2
\BOOKMARK [2][-]{subsection.1.1}{\376\377\003\222\003\261\003\303\003\271\003\272\003\255\003\302\000\040\003\224\003\277\003\274\003\255\003\302\000\040\003\224\003\265\003\264\003\277\003\274\003\255\003\275\003\311\003\275}{section.1}% 3
\BOOKMARK [3][-]{subsubsection.1.1.1}{\376\377\000W\000a\000l\000l\000e\000t}{subsection.1.1}% 4
\BOOKMARK [3][-]{subsubsection.1.1.2}{\376\377\000A\000c\000c\000o\000u\000n\000t}{subsection.1.1}% 5
\BOOKMARK [3][-]{subsubsection.1.1.3}{\376\377\000B\000l\000o\000c\000k}{subsection.1.1}% 6
\BOOKMARK [3][-]{subsubsection.1.1.4}{\376\377\000T\000r\000a\000n\000s\000a\000c\000t\000i\000o\000n}{subsection.1.1}% 7
\BOOKMARK [2][-]{subsection.1.2}{\376\377\003\232\003\314\003\274\003\262\003\277\003\271}{section.1}% 8
\BOOKMARK [3][-]{subsubsection.1.2.1}{\376\377\000B\000o\000o\000t\000s\000t\000r\000a\000p\000N\000o\000d\000e}{subsection.1.2}% 9
\BOOKMARK [3][-]{subsubsection.1.2.2}{\376\377\000O\000r\000d\000i\000n\000a\000r\000y\000N\000o\000d\000e}{subsection.1.2}% 10
\BOOKMARK [1][-]{section.2}{\376\377\000F\000r\000o\000n\000t\000-\000e\000n\000d}{part.1}% 11
\BOOKMARK [0][-]{part.2}{\376\377\000I\000I\000\040\003\240\003\265\003\271\003\301\003\254\003\274\003\261\003\304\003\261}{}% 12
\BOOKMARK [1][-]{section.3}{\376\377\003\240\003\265\003\271\003\301\003\261\003\274\003\261\003\304\003\271\003\272\003\256\000\040\003\224\003\271\003\254\003\304\003\261\003\276\003\267}{part.2}% 13
\BOOKMARK [1][-]{section.4}{\376\377\003\221\003\300\003\314\003\264\003\277\003\303\003\267\000\040\003\304\003\277\003\305\000\040\003\303\003\305\003\303\003\304\003\256\003\274\003\261\003\304\003\277\003\302}{part.2}% 14
\BOOKMARK [2][-]{subsection.4.1}{\376\377\003\247\003\301\003\277\003\275\003\277\003\262\003\314\003\301\003\261\000\040\003\304\003\274\003\256\003\274\003\261\003\304\003\261\000\040\003\304\003\277\003\305\000\040\003\272\003\316\003\264\003\271\003\272\003\261}{section.4}% 15
\BOOKMARK [2][-]{subsection.4.2}{\376\377\003\243\003\305\003\275\003\261\003\301\003\304\003\256\003\303\003\265\003\271\003\302\000\040\003\304\003\277\003\305\000\040\003\303\003\305\003\303\003\304\003\256\003\274\003\261\003\304\003\277\003\302}{section.4}% 16
\BOOKMARK [2][-]{subsection.4.3}{\376\377\003\241\003\305\003\270\003\274\003\261\003\300\003\314\003\264\003\277\003\303\003\267\000\040\003\272\003\261\003\271\000\040\000B\000l\000o\000c\000k\000\040\000t\000i\000m\000e}{section.4}% 17
\BOOKMARK [1][-]{section.5}{\376\377\003\232\003\273\003\271\003\274\003\261\003\272\003\311\003\303\003\271\003\274\003\314\003\304\003\267\003\304\003\261\000\040\003\304\003\277\003\305\000\040\003\303\003\305\003\303\003\304\003\256\003\274\003\261\003\304\003\277\003\302}{part.2}% 18
\BOOKMARK [2][-]{subsection.5.1}{\376\377\003\247\003\301\003\277\003\275\003\277\003\262\003\314\003\301\003\261\000\040\003\304\003\274\003\256\003\274\003\261\003\304\003\261\000\040\003\304\003\277\003\305\000\040\003\272\003\316\003\264\003\271\003\272\003\261}{section.5}% 19
\BOOKMARK [2][-]{subsection.5.2}{\376\377\003\243\003\305\003\275\003\261\003\301\003\304\003\256\003\303\003\265\003\271\003\302\000\040\003\304\003\277\003\305\000\040\003\303\003\305\003\303\003\304\003\256\003\274\003\261\003\304\003\277\003\302}{section.5}% 20
\BOOKMARK [2][-]{subsection.5.3}{\376\377\003\241\003\305\003\270\003\274\003\261\003\300\003\314\003\264\003\277\003\303\003\267\000\040\003\272\003\261\003\271\000\040\000B\000l\000o\000c\000k\000\040\000t\000i\000m\000e}{section.5}% 21
\BOOKMARK [1][-]{section.6}{\376\377\003\224\003\271\003\272\003\261\003\271\003\277\003\303\003\315\003\275\003\267}{part.2}% 22
