My id is: 6
Welcome to (the s)hell!
Type 'help' to ask for help.
> Staking 10.0
> Loading transactions from input10/trans6.txt
Sending Message "Time is an illusion." to 3
Sending Message "Good Morning" to 1
Sending Message "But look" to 2
Sending Message "Is..." to 10
Sending Message "Nothing travels faster than the speed of light with the possible exception of bad news." to 10
Sending Message "Everything!" to 2
Sending Message "We want you to tell us...The Answer" to 4
Sending Message "With a flashlight." to 1
Sending Message "In the beginning the Universe was created." to 2
Sending Message "Ah, well, the lights had probably gone." to 5
Sending Message "Yes...!" to 4
Sending Message "This has made a lot of people very angry." to 9
Sending Message "On display?" to 2
Sending Message "There really is one." to 5
Sending Message "An Answer for you?" to 9
Sending Message "The Answer to what?" to 9
Sending Message "Yes" to 4
Sending Message "Tricky" to 9
Sending Message "Yes..." to 9
Sending Message "It is a mistake to think you can solve any major problems just with potatoes." to 5
Sending Message "Life!" to 9
Sending Message "Er..good morning, O Deep Thought" to 8
Sending Message "Don't panic" to 1
Sending Message "I eventually had to go down to the cellar to find them." to 1
Sending Message "So had the stairs." to 9
Sending Message "Yes." to 8
Sending Message "The Answer to the Great Question..." to 7
Sending Message "do you have...er..." to 7
Sending Message "O Deep Thought computer" to 7
Sending Message "Doesn't matter!" to 1
Sending Message "But can you do it?" to 7
Sending Message "For a moment, nothing happened." to 2
Sending Message "But the plans were on display" to 1
Sending Message "All right" to 3
Sending Message "Beware of the Leopard" to 1
Sending Message "To Everything?" to 1
Sending Message "There is an answer?" to 10
Sending Message "Forty-two" to 4
Sending Message "Of Life, the Universe and Everything..." to 3
Sending Message "Yes" to 4
Sending Message "Forty-two, said Deep Thought, with infinite majesty and calm." to 4
Sending Message "Is..." to 10
Sending Message "Though I don't think that you're going to like it" to 8
Sending Message "There really is one?" to 3
Sending Message "That's the display department." to 7
Sending Message "Lunchtime doubly so." to 10
Sending Message "yes I did" to 1
Sending Message "I'd far rather be happy than right any day." to 1
Sending Message "Yes...!!!...?" to 3
Sending Message "The Universe!" to 4
Sending Message "Time is an illusion." to 3
Sending Message "Good Morning" to 2
Sending Message "But look" to 3
Sending Message "Is..." to 2
Sending Message "Nothing travels faster than the speed of light with the possible exception of bad news." to 2
Sending Message "Everything!" to 2
Sending Message "We want you to tell us...The Answer" to 8
Sending Message "With a flashlight." to 1
Sending Message "In the beginning the Universe was created." to 2
Sending Message "Ah, well, the lights had probably gone." to 7
Sending Message "Yes...!" to 10
Sending Message "This has made a lot of people very angry." to 10
Sending Message "On display?" to 9
Sending Message "There really is one." to 10
Sending Message "An Answer for you?" to 5
Sending Message "The Answer to what?" to 4
Sending Message "Yes" to 1
Sending Message "Tricky" to 9
Sending Message "Yes..." to 3
Sending Message "It is a mistake to think you can solve any major problems just with potatoes." to 1
Sending Message "Life!" to 9
Sending Message "Er..good morning, O Deep Thought" to 7
Sending Message "Don't panic" to 3
Sending Message "I eventually had to go down to the cellar to find them." to 3
Sending Message "So had the stairs." to 5
Sending Message "Yes." to 8
Sending Message "The Answer to the Great Question..." to 9
Sending Message "do you have...er..." to 8
Sending Message "O Deep Thought computer" to 1
Sending Message "Doesn't matter!" to 1
Sending Message "But can you do it?" to 9
Sending Message "For a moment, nothing happened." to 2
Sending Message "But the plans were on display" to 2
Sending Message "All right" to 9
Sending Message "Beware of the Leopard" to 9
Sending Message "To Everything?" to 8
Sending Message "There is an answer?" to 3
Sending Message "Forty-two" to 5
Sending Message "Of Life, the Universe and Everything..." to 1
Sending Message "Yes" to 9
Sending Message "Forty-two, said Deep Thought, with infinite majesty and calm." to 8
Sending Message "Is..." to 7
Sending Message "Though I don't think that you're going to like it" to 9
Sending Message "There really is one?" to 8
Sending Message "That's the display department." to 1
Sending Message "Lunchtime doubly so." to 2
Sending Message "yes I did" to 7
Sending Message "I'd far rather be happy than right any day." to 8
Sending Message "Yes...!!!...?" to 7
Sending Message "The Universe!" to 2
> ===================================================
Block Index: 1
Block Timestamp: UnixTime {utSeconds = 1709899431, utMicroSeconds = 66944}
Block Transactions: 
	|---------------------------------------------------
	|TX Sender: genesis
	|TX Receiver: bootstrap
	|TX Service: Coins 10000.0
	|TX Nonce: 1
	|---------------------------------------------------
Block Validator: genesis
===================================================
===================================================
Block Index: 2
Block Timestamp: UnixTime {utSeconds = 1709899431, utMicroSeconds = 374762}
Block Transactions: 
	|---------------------------------------------------
	|TX Sender: you
	|TX Receiver: stake
	|TX Service: Coins 10.0
	|TX Nonce: 1
	|---------------------------------------------------
	|---------------------------------------------------
	|TX Sender: 3
	|TX Receiver: stake
	|TX Service: Coins 10.0
	|TX Nonce: 1
	|---------------------------------------------------
	|---------------------------------------------------
	|TX Sender: 2
	|TX Receiver: stake
	|TX Service: Coins 10.0
	|TX Nonce: 1
	|---------------------------------------------------
	|---------------------------------------------------
	|TX Sender: 1
	|TX Receiver: stake
	|TX Service: Coins 10.0
	|TX Nonce: 1
	|---------------------------------------------------
	|---------------------------------------------------
	|TX Sender: 5
	|TX Receiver: stake
	|TX Service: Coins 10.0
	|TX Nonce: 1
	|---------------------------------------------------
Block Validator: 5
===================================================
> Exiting...
