My id is: 10
Welcome to (the s)hell!
Type 'help' to ask for help.
> Staking 10.0
> Loading transactions from input10/trans9.txt
Invalid recipient. Check whether the ID was yours or if it does not exist.
Sending Message "I eventually had to go down to the cellar to find them." to 7
Sending Message "But the plans were on display" to 4
Sending Message "The Answer to the Great Question..." to 5
Sending Message "Yes" to 5
Sending Message "O Deep Thought computer" to 4
Invalid recipient. Check whether the ID was yours or if it does not exist.
Sending Message "The Answer to what?" to 3
Sending Message "In the beginning the Universe was created." to 7
Sending Message "Ah, well, the lights had probably gone." to 5
Sending Message "Yes" to 4
Sending Message "Forty-two" to 7
Sending Message "Doesn't matter!" to 7
Sending Message "For a moment, nothing happened." to 7
Sending Message "There is an answer?" to 2
Sending Message "That's the display department." to 1
Sending Message "To Everything?" to 2
Sending Message "The Universe!" to 6
Sending Message "Yes...!" to 8
Sending Message "There really is one?" to 5
Sending Message "Beware of the Leopard" to 1
Sending Message "On display?" to 4
Invalid recipient. Check whether the ID was yours or if it does not exist.
Sending Message "Life!" to 8
Sending Message "With a flashlight." to 2
Sending Message "Tricky" to 1
Sending Message "Forty-two, said Deep Thought, with infinite majesty and calm." to 4
Sending Message "Though I don't think that you're going to like it" to 4
Sending Message "So had the stairs." to 8
Sending Message "Yes...!!!...?" to 3
Sending Message "Everything!" to 8
Sending Message "It is a mistake to think you can solve any major problems just with potatoes." to 1
Sending Message "Lunchtime doubly so." to 3
Sending Message "Nothing travels faster than the speed of light with the possible exception of bad news." to 6
Sending Message "Is..." to 2
Sending Message "Time is an illusion." to 3
Sending Message "Don't panic" to 5
Sending Message "But look" to 6
Sending Message "Of Life, the Universe and Everything..." to 1
Sending Message "yes I did" to 7
Sending Message "Is..." to 4
Sending Message "Er..good morning, O Deep Thought" to 2
Sending Message "I'd far rather be happy than right any day." to 5
Sending Message "Yes." to 5
Sending Message "There really is one." to 2
Sending Message "Yes..." to 8
Sending Message "do you have...er..." to 5
Sending Message "An Answer for you?" to 8
Sending Message "This has made a lot of people very angry." to 8
Sending Message "We want you to tell us...The Answer" to 5
Sending Message "Good Morning" to 1
Invalid recipient. Check whether the ID was yours or if it does not exist.
Sending Message "But the plans were on display" to 6
Sending Message "The Answer to the Great Question..." to 5
Sending Message "Yes" to 1
Sending Message "O Deep Thought computer" to 7
Sending Message "But can you do it?" to 2
Invalid recipient. Check whether the ID was yours or if it does not exist.
Sending Message "In the beginning the Universe was created." to 7
Sending Message "Ah, well, the lights had probably gone." to 3
Invalid recipient. Check whether the ID was yours or if it does not exist.
Sending Message "Forty-two" to 1
Sending Message "Doesn't matter!" to 8
Sending Message "For a moment, nothing happened." to 2
Sending Message "There is an answer?" to 2
Sending Message "That's the display department." to 8
Sending Message "To Everything?" to 1
Sending Message "The Universe!" to 3
Sending Message "Yes...!" to 1
Sending Message "There really is one?" to 3
Sending Message "Beware of the Leopard" to 2
Sending Message "On display?" to 8
Sending Message "All right" to 8
Sending Message "Life!" to 6
Sending Message "With a flashlight." to 5
Sending Message "Tricky" to 2
Sending Message "Forty-two, said Deep Thought, with infinite majesty and calm." to 5
Sending Message "Though I don't think that you're going to like it" to 7
Sending Message "So had the stairs." to 8
Sending Message "Yes...!!!...?" to 8
Sending Message "Everything!" to 3
Sending Message "It is a mistake to think you can solve any major problems just with potatoes." to 6
Sending Message "Lunchtime doubly so." to 4
Invalid recipient. Check whether the ID was yours or if it does not exist.
Sending Message "Is..." to 1
Sending Message "Time is an illusion." to 6
Sending Message "Don't panic" to 8
Sending Message "But look" to 6
Sending Message "Of Life, the Universe and Everything..." to 7
Invalid recipient. Check whether the ID was yours or if it does not exist.
Sending Message "Is..." to 1
Sending Message "Er..good morning, O Deep Thought" to 2
Sending Message "I'd far rather be happy than right any day." to 7
Invalid recipient. Check whether the ID was yours or if it does not exist.
Sending Message "There really is one." to 2
Sending Message "Yes..." to 8
Sending Message "do you have...er..." to 7
Invalid recipient. Check whether the ID was yours or if it does not exist.
Sending Message "This has made a lot of people very angry." to 6
Sending Message "We want you to tell us...The Answer" to 1
> ===================================================
Block Index: 1
Block Timestamp: UnixTime {utSeconds = 1709899431, utMicroSeconds = 66944}
Block Transactions: 
	|---------------------------------------------------
	|TX Sender: genesis
	|TX Receiver: bootstrap
	|TX Service: Coins 10000.0
	|TX Nonce: 1
	|---------------------------------------------------
Block Validator: genesis
===================================================
> Exiting...
