My id is: 3
Loading ..
Welcome to (the s)hell!
Type 'help' to ask for help.
> Staking 10.0
> Loading transactions from input5/trans3.txt
Sending Message "Forty-two, said Deep Thought, with infinite majesty and calm." to 2 with 913 bytes
Sending Message "There really is one." to 4 with 872 bytes
Sending Message "There is an answer?" to 4 with 871 bytes
Sending Message "Forty-two" to 4 with 861 bytes
Sending Message "With a flashlight." to 4 with 870 bytes
Sending Message "Yes..." to 2 with 858 bytes
Sending Message "Of Life, the Universe and Everything..." to 1 with 891 bytes
broadcasting block msg 9130 bytes
Sending Message "Tricky" to 2 with 858 bytes
Sending Message "To Everything?" to 4 with 866 bytes
Sending Message "The Universe!" to 2 with 865 bytes
Sending Message "This has made a lot of people very angry." to 2 with 893 bytes
Sending Message "All right" to 2 with 861 bytes
Sending Message "I'd far rather be happy than right any day." to 2 with 895 bytes
Sending Message "Is..." to 1 with 857 bytes
Sending Message "So had the stairs." to 1 with 870 bytes
broadcasting block msg 9100 bytes
Sending Message "In the beginning the Universe was created." to 1 with 894 bytes
Sending Message "But the plans were on display" to 2 with 881 bytes
broadcasting block msg 9190 bytes
Sending Message "An Answer for you?" to 4 with 870 bytes
Sending Message "Er..good morning, O Deep Thought" to 1 with 884 bytes
Sending Message "Everything!" to 4 with 863 bytes
Sending Message "For a moment, nothing happened." to 5 with 883 bytes
Sending Message "Life!" to 5 with 857 bytes
Sending Message "That's the display department." to 5 with 882 bytes
Sending Message "There really is one?" to 1 with 872 bytes
Sending Message "O Deep Thought computer" to 4 with 875 bytes
Sending Message "Forty-two, said Deep Thought, with infinite majesty and calm." to 4 with 913 bytes
Sending Message "yes I did" to 2 with 861 bytes
Sending Message "There is an answer?" to 5 with 871 bytes
Sending Message "Forty-two" to 4 with 861 bytes
Sending Message "Though I don't think that you're going to like it" to 4 with 901 bytes
Sending Message "The Answer to what?" to 2 with 871 bytes
Sending Message "Yes..." to 2 with 858 bytes
Sending Message "Yes...!" to 1 with 859 bytes
Sending Message "This has made a lot of people very angry." to 1 with 893 bytes
Sending Message "I'd far rather be happy than right any day." to 4 with 895 bytes
Sending Message "Yes" to 4 with 855 bytes
Sending Message "On display?" to 2 with 863 bytes
Sending Message "But can you do it?" to 4 with 870 bytes
Sending Message "Is..." to 4 with 857 bytes
Sending Message "Is..." to 4 with 857 bytes
Sending Message "Don't panic" to 4 with 863 bytes
Sending Message "So had the stairs." to 4 with 870 bytes
Sending Message "An Answer for you?" to 4 with 870 bytes
Sending Message "We want you to tell us...The Answer" to 4 with 887 bytes
Sending Message "do you have...er..." to 1 with 871 bytes
Sending Message "Ah, well, the lights had probably gone." to 2 with 891 bytes
Sending Message "Lunchtime doubly so." to 5 with 872 bytes
Sending Message "O Deep Thought computer" to 5 with 875 bytes
Sending Message "Lunchtime doubly so." to 5 with 872 bytes
Sending Message "O Deep Thought computer" to 5 with 875 bytes
> ===================================================
Block Index: 1
Block Timestamp: UnixTime {utSeconds = 1710937610, utMicroSeconds = 222020}
Block Transactions: 
	|---------------------------------------------------
	|TX Sender: genesis
	|TX Receiver: bootstrap
	|TX Service: Coins 5000.0
	|TX Nonce: 1
	|---------------------------------------------------
Block Validator: genesis
===================================================
===================================================
Block Index: 2
Block Timestamp: UnixTime {utSeconds = 1710937613, utMicroSeconds = 992100}
Block Transactions: 
	|---------------------------------------------------
	|TX Sender: 4
	|TX Receiver: stake
	|TX Service: Coins 10.0
	|TX Nonce: 1
	|---------------------------------------------------
	|---------------------------------------------------
	|TX Sender: 5
	|TX Receiver: stake
	|TX Service: Coins 10.0
	|TX Nonce: 1
	|---------------------------------------------------
	|---------------------------------------------------
	|TX Sender: 2
	|TX Receiver: stake
	|TX Service: Coins 10.0
	|TX Nonce: 1
	|---------------------------------------------------
	|---------------------------------------------------
	|TX Sender: 1
	|TX Receiver: stake
	|TX Service: Coins 10.0
	|TX Nonce: 1
	|---------------------------------------------------
	|---------------------------------------------------
	|TX Sender: you
	|TX Receiver: stake
	|TX Service: Coins 10.0
	|TX Nonce: 1
	|---------------------------------------------------
	|---------------------------------------------------
	|TX Sender: 5
	|TX Receiver: 2
	|TX Service: Message "In the beginning the Universe was created."
	|TX Nonce: 2
	|---------------------------------------------------
	|---------------------------------------------------
	|TX Sender: 2
	|TX Receiver: 4
	|TX Service: Message "I eventually had to go down to the cellar to find them."
	|TX Nonce: 2
	|---------------------------------------------------
	|---------------------------------------------------
	|TX Sender: 4
	|TX Receiver: you
	|TX Service: Message "The Answer to what?"
	|TX Nonce: 2
	|---------------------------------------------------
	|---------------------------------------------------
	|TX Sender: you
	|TX Receiver: 2
	|TX Service: Message "Forty-two, said Deep Thought, with infinite majesty and calm."
	|TX Nonce: 2
	|---------------------------------------------------
	|---------------------------------------------------
	|TX Sender: 1
	|TX Receiver: you
	|TX Service: Message "Lunchtime doubly so."
	|TX Nonce: 2
	|---------------------------------------------------
Block Validator: 2
===================================================
===================================================
Block Index: 3
Block Timestamp: UnixTime {utSeconds = 1710937615, utMicroSeconds = 15226}
Block Transactions: 
	|---------------------------------------------------
	|TX Sender: 5
	|TX Receiver: you
	|TX Service: Message "Don't panic"
	|TX Nonce: 3
	|---------------------------------------------------
	|---------------------------------------------------
	|TX Sender: 2
	|TX Receiver: 5
	|TX Service: Message "With a flashlight."
	|TX Nonce: 3
	|---------------------------------------------------
	|---------------------------------------------------
	|TX Sender: 4
	|TX Receiver: 2
	|TX Service: Message "Forty-two"
	|TX Nonce: 3
	|---------------------------------------------------
	|---------------------------------------------------
	|TX Sender: you
	|TX Receiver: 4
	|TX Service: Message "There really is one."
	|TX Nonce: 3
	|---------------------------------------------------
	|---------------------------------------------------
	|TX Sender: 1
	|TX Receiver: 2
	|TX Service: Message "But the plans were on display"
	|TX Nonce: 3
	|---------------------------------------------------
	|---------------------------------------------------
	|TX Sender: 5
	|TX Receiver: 2
	|TX Service: Message "Yes..."
	|TX Nonce: 4
	|---------------------------------------------------
	|---------------------------------------------------
	|TX Sender: 2
	|TX Receiver: 5
	|TX Service: Message "Time is an illusion."
	|TX Nonce: 4
	|---------------------------------------------------
	|---------------------------------------------------
	|TX Sender: 4
	|TX Receiver: 2
	|TX Service: Message "It is a mistake to think you can solve any major problems just with potatoes."
	|TX Nonce: 4
	|---------------------------------------------------
	|---------------------------------------------------
	|TX Sender: you
	|TX Receiver: 4
	|TX Service: Message "There is an answer?"
	|TX Nonce: 4
	|---------------------------------------------------
	|---------------------------------------------------
	|TX Sender: 1
	|TX Receiver: you
	|TX Service: Message "do you have...er..."
	|TX Nonce: 4
	|---------------------------------------------------
Block Validator: 1
===================================================
===================================================
Block Index: 4
Block Timestamp: UnixTime {utSeconds = 1710937616, utMicroSeconds = 34117}
Block Transactions: 
	|---------------------------------------------------
	|TX Sender: 5
	|TX Receiver: you
	|TX Service: Message "Tricky"
	|TX Nonce: 5
	|---------------------------------------------------
	|---------------------------------------------------
	|TX Sender: 4
	|TX Receiver: 1
	|TX Service: Message "Tricky"
	|TX Nonce: 5
	|---------------------------------------------------
	|---------------------------------------------------
	|TX Sender: 2
	|TX Receiver: you
	|TX Service: Message "Everything!"
	|TX Nonce: 5
	|---------------------------------------------------
	|---------------------------------------------------
	|TX Sender: you
	|TX Receiver: 4
	|TX Service: Message "Forty-two"
	|TX Nonce: 5
	|---------------------------------------------------
	|---------------------------------------------------
	|TX Sender: 1
	|TX Receiver: 2
	|TX Service: Message "Yes"
	|TX Nonce: 5
	|---------------------------------------------------
	|---------------------------------------------------
	|TX Sender: 5
	|TX Receiver: 4
	|TX Service: Message "Yes...!"
	|TX Nonce: 6
	|---------------------------------------------------
	|---------------------------------------------------
	|TX Sender: 4
	|TX Receiver: 1
	|TX Service: Message "do you have...er..."
	|TX Nonce: 6
	|---------------------------------------------------
	|---------------------------------------------------
	|TX Sender: 2
	|TX Receiver: 5
	|TX Service: Message "Though I don't think that you're going to like it"
	|TX Nonce: 6
	|---------------------------------------------------
	|---------------------------------------------------
	|TX Sender: 1
	|TX Receiver: 2
	|TX Service: Message "But look"
	|TX Nonce: 6
	|---------------------------------------------------
	|---------------------------------------------------
	|TX Sender: you
	|TX Receiver: 4
	|TX Service: Message "With a flashlight."
	|TX Nonce: 6
	|---------------------------------------------------
Block Validator: 4
===================================================
===================================================
Block Index: 5
Block Timestamp: UnixTime {utSeconds = 1710937617, utMicroSeconds = 57387}
Block Transactions: 
	|---------------------------------------------------
	|TX Sender: 5
	|TX Receiver: 1
	|TX Service: Message "The Universe!"
	|TX Nonce: 7
	|---------------------------------------------------
	|---------------------------------------------------
	|TX Sender: 4
	|TX Receiver: 1
	|TX Service: Message "Beware of the Leopard"
	|TX Nonce: 7
	|---------------------------------------------------
	|---------------------------------------------------
	|TX Sender: 2
	|TX Receiver: you
	|TX Service: Message "Ah, well, the lights had probably gone."
	|TX Nonce: 7
	|---------------------------------------------------
	|---------------------------------------------------
	|TX Sender: 1
	|TX Receiver: 2
	|TX Service: Message "Beware of the Leopard"
	|TX Nonce: 7
	|---------------------------------------------------
	|---------------------------------------------------
	|TX Sender: you
	|TX Receiver: 2
	|TX Service: Message "Yes..."
	|TX Nonce: 7
	|---------------------------------------------------
	|---------------------------------------------------
	|TX Sender: 5
	|TX Receiver: 4
	|TX Service: Message "But look"
	|TX Nonce: 8
	|---------------------------------------------------
	|---------------------------------------------------
	|TX Sender: 4
	|TX Receiver: 5
	|TX Service: Message "This has made a lot of people very angry."
	|TX Nonce: 8
	|---------------------------------------------------
	|---------------------------------------------------
	|TX Sender: 2
	|TX Receiver: 1
	|TX Service: Message "Yes...!"
	|TX Nonce: 8
	|---------------------------------------------------
	|---------------------------------------------------
	|TX Sender: 1
	|TX Receiver: 5
	|TX Service: Message "This has made a lot of people very angry."
	|TX Nonce: 8
	|---------------------------------------------------
	|---------------------------------------------------
	|TX Sender: you
	|TX Receiver: 1
	|TX Service: Message "Of Life, the Universe and Everything..."
	|TX Nonce: 8
	|---------------------------------------------------
Block Validator: you
===================================================
===================================================
Block Index: 6
Block Timestamp: UnixTime {utSeconds = 1710937618, utMicroSeconds = 73286}
Block Transactions: 
	|---------------------------------------------------
	|TX Sender: 5
	|TX Receiver: 2
	|TX Service: Message "That's the display department."
	|TX Nonce: 9
	|---------------------------------------------------
	|---------------------------------------------------
	|TX Sender: 4
	|TX Receiver: 2
	|TX Service: Message "There really is one?"
	|TX Nonce: 9
	|---------------------------------------------------
	|---------------------------------------------------
	|TX Sender: 2
	|TX Receiver: 5
	|TX Service: Message "Lunchtime doubly so."
	|TX Nonce: 9
	|---------------------------------------------------
	|---------------------------------------------------
	|TX Sender: 1
	|TX Receiver: 2
	|TX Service: Message "Is..."
	|TX Nonce: 9
	|---------------------------------------------------
	|---------------------------------------------------
	|TX Sender: you
	|TX Receiver: 2
	|TX Service: Message "Tricky"
	|TX Nonce: 9
	|---------------------------------------------------
	|---------------------------------------------------
	|TX Sender: 5
	|TX Receiver: 2
	|TX Service: Message "There really is one?"
	|TX Nonce: 10
	|---------------------------------------------------
	|---------------------------------------------------
	|TX Sender: 4
	|TX Receiver: 1
	|TX Service: Message "To Everything?"
	|TX Nonce: 10
	|---------------------------------------------------
	|---------------------------------------------------
	|TX Sender: 2
	|TX Receiver: you
	|TX Service: Message "Is..."
	|TX Nonce: 10
	|---------------------------------------------------
	|---------------------------------------------------
	|TX Sender: 1
	|TX Receiver: you
	|TX Service: Message "All right"
	|TX Nonce: 10
	|---------------------------------------------------
	|---------------------------------------------------
	|TX Sender: you
	|TX Receiver: 4
	|TX Service: Message "To Everything?"
	|TX Nonce: 10
	|---------------------------------------------------
Block Validator: 1
===================================================
===================================================
Block Index: 7
Block Timestamp: UnixTime {utSeconds = 1710937619, utMicroSeconds = 89543}
Block Transactions: 
	|---------------------------------------------------
	|TX Sender: 5
	|TX Receiver: you
	|TX Service: Message "All right"
	|TX Nonce: 11
	|---------------------------------------------------
	|---------------------------------------------------
	|TX Sender: 4
	|TX Receiver: 5
	|TX Service: Message "An Answer for you?"
	|TX Nonce: 11
	|---------------------------------------------------
	|---------------------------------------------------
	|TX Sender: 2
	|TX Receiver: you
	|TX Service: Message "All right"
	|TX Nonce: 11
	|---------------------------------------------------
	|---------------------------------------------------
	|TX Sender: 1
	|TX Receiver: 5
	|TX Service: Message "Yes"
	|TX Nonce: 11
	|---------------------------------------------------
	|---------------------------------------------------
	|TX Sender: you
	|TX Receiver: 2
	|TX Service: Message "The Universe!"
	|TX Nonce: 11
	|---------------------------------------------------
	|---------------------------------------------------
	|TX Sender: 5
	|TX Receiver: 2
	|TX Service: Message "Everything!"
	|TX Nonce: 12
	|---------------------------------------------------
	|---------------------------------------------------
	|TX Sender: 4
	|TX Receiver: 1
	|TX Service: Message "The Answer to the Great Question..."
	|TX Nonce: 12
	|---------------------------------------------------
	|---------------------------------------------------
	|TX Sender: 2
	|TX Receiver: 4
	|TX Service: Message "It is a mistake to think you can solve any major problems just with potatoes."
	|TX Nonce: 12
	|---------------------------------------------------
	|---------------------------------------------------
	|TX Sender: 1
	|TX Receiver: 5
	|TX Service: Message "It is a mistake to think you can solve any major problems just with potatoes."
	|TX Nonce: 12
	|---------------------------------------------------
	|---------------------------------------------------
	|TX Sender: you
	|TX Receiver: 2
	|TX Service: Message "This has made a lot of people very angry."
	|TX Nonce: 12
	|---------------------------------------------------
Block Validator: 4
===================================================
===================================================
Block Index: 8
Block Timestamp: UnixTime {utSeconds = 1710937620, utMicroSeconds = 106915}
Block Transactions: 
	|---------------------------------------------------
	|TX Sender: 5
	|TX Receiver: 4
	|TX Service: Message "It is a mistake to think you can solve any major problems just with potatoes."
	|TX Nonce: 13
	|---------------------------------------------------
	|---------------------------------------------------
	|TX Sender: 4
	|TX Receiver: you
	|TX Service: Message "On display?"
	|TX Nonce: 13
	|---------------------------------------------------
	|---------------------------------------------------
	|TX Sender: 2
	|TX Receiver: 4
	|TX Service: Message "But look"
	|TX Nonce: 13
	|---------------------------------------------------
	|---------------------------------------------------
	|TX Sender: 1
	|TX Receiver: 5
	|TX Service: Message "Yes...!"
	|TX Nonce: 13
	|---------------------------------------------------
	|---------------------------------------------------
	|TX Sender: you
	|TX Receiver: 2
	|TX Service: Message "All right"
	|TX Nonce: 13
	|---------------------------------------------------
	|---------------------------------------------------
	|TX Sender: 5
	|TX Receiver: 4
	|TX Service: Message "To Everything?"
	|TX Nonce: 14
	|---------------------------------------------------
	|---------------------------------------------------
	|TX Sender: 2
	|TX Receiver: 1
	|TX Service: Message "Yes"
	|TX Nonce: 14
	|---------------------------------------------------
	|---------------------------------------------------
	|TX Sender: 4
	|TX Receiver: 5
	|TX Service: Message "Though I don't think that you're going to like it"
	|TX Nonce: 14
	|---------------------------------------------------
	|---------------------------------------------------
	|TX Sender: 1
	|TX Receiver: 4
	|TX Service: Message "There really is one."
	|TX Nonce: 14
	|---------------------------------------------------
	|---------------------------------------------------
	|TX Sender: you
	|TX Receiver: 2
	|TX Service: Message "I'd far rather be happy than right any day."
	|TX Nonce: 14
	|---------------------------------------------------
Block Validator: 1
===================================================
===================================================
Block Index: 9
Block Timestamp: UnixTime {utSeconds = 1710937621, utMicroSeconds = 125614}
Block Transactions: 
	|---------------------------------------------------
	|TX Sender: 5
	|TX Receiver: 2
	|TX Service: Message "Beware of the Leopard"
	|TX Nonce: 15
	|---------------------------------------------------
	|---------------------------------------------------
	|TX Sender: 4
	|TX Receiver: 1
	|TX Service: Message "I'd far rather be happy than right any day."
	|TX Nonce: 15
	|---------------------------------------------------
	|---------------------------------------------------
	|TX Sender: 1
	|TX Receiver: you
	|TX Service: Message "That's the display department."
	|TX Nonce: 15
	|---------------------------------------------------
	|---------------------------------------------------
	|TX Sender: 2
	|TX Receiver: 4
	|TX Service: Message "This has made a lot of people very angry."
	|TX Nonce: 15
	|---------------------------------------------------
	|---------------------------------------------------
	|TX Sender: you
	|TX Receiver: 1
	|TX Service: Message "Is..."
	|TX Nonce: 15
	|---------------------------------------------------
	|---------------------------------------------------
	|TX Sender: 5
	|TX Receiver: you
	|TX Service: Message "Doesn't matter!"
	|TX Nonce: 16
	|---------------------------------------------------
	|---------------------------------------------------
	|TX Sender: 1
	|TX Receiver: 5
	|TX Service: Message "Good Morning"
	|TX Nonce: 16
	|---------------------------------------------------
	|---------------------------------------------------
	|TX Sender: you
	|TX Receiver: 1
	|TX Service: Message "So had the stairs."
	|TX Nonce: 16
	|---------------------------------------------------
	|---------------------------------------------------
	|TX Sender: 4
	|TX Receiver: you
	|TX Service: Message "Doesn't matter!"
	|TX Nonce: 16
	|---------------------------------------------------
	|---------------------------------------------------
	|TX Sender: 2
	|TX Receiver: 4
	|TX Service: Message "Tricky"
	|TX Nonce: 16
	|---------------------------------------------------
Block Validator: you
===================================================
===================================================
Block Index: 10
Block Timestamp: UnixTime {utSeconds = 1710937622, utMicroSeconds = 144146}
Block Transactions: 
	|---------------------------------------------------
	|TX Sender: 5
	|TX Receiver: you
	|TX Service: Message "With a flashlight."
	|TX Nonce: 17
	|---------------------------------------------------
	|---------------------------------------------------
	|TX Sender: 1
	|TX Receiver: 4
	|TX Service: Message "To Everything?"
	|TX Nonce: 17
	|---------------------------------------------------
	|---------------------------------------------------
	|TX Sender: you
	|TX Receiver: 1
	|TX Service: Message "In the beginning the Universe was created."
	|TX Nonce: 17
	|---------------------------------------------------
	|---------------------------------------------------
	|TX Sender: 4
	|TX Receiver: 2
	|TX Service: Message "Ah, well, the lights had probably gone."
	|TX Nonce: 17
	|---------------------------------------------------
	|---------------------------------------------------
	|TX Sender: 2
	|TX Receiver: 5
	|TX Service: Message "Good Morning"
	|TX Nonce: 17
	|---------------------------------------------------
	|---------------------------------------------------
	|TX Sender: 5
	|TX Receiver: 2
	|TX Service: Message "Nothing travels faster than the speed of light with the possible exception of bad news."
	|TX Nonce: 18
	|---------------------------------------------------
	|---------------------------------------------------
	|TX Sender: 1
	|TX Receiver: 2
	|TX Service: Message "But can you do it?"
	|TX Nonce: 18
	|---------------------------------------------------
	|---------------------------------------------------
	|TX Sender: you
	|TX Receiver: 2
	|TX Service: Message "But the plans were on display"
	|TX Nonce: 18
	|---------------------------------------------------
	|---------------------------------------------------
	|TX Sender: 2
	|TX Receiver: 1
	|TX Service: Message "There is an answer?"
	|TX Nonce: 18
	|---------------------------------------------------
	|---------------------------------------------------
	|TX Sender: 4
	|TX Receiver: you
	|TX Service: Message "With a flashlight."
	|TX Nonce: 18
	|---------------------------------------------------
Block Validator: you
===================================================
===================================================
Block Index: 11
Block Timestamp: UnixTime {utSeconds = 1710937623, utMicroSeconds = 161430}
Block Transactions: 
	|---------------------------------------------------
	|TX Sender: 5
	|TX Receiver: 1
	|TX Service: Message "We want you to tell us...The Answer"
	|TX Nonce: 19
	|---------------------------------------------------
	|---------------------------------------------------
	|TX Sender: 1
	|TX Receiver: you
	|TX Service: Message "I'd far rather be happy than right any day."
	|TX Nonce: 19
	|---------------------------------------------------
	|---------------------------------------------------
	|TX Sender: you
	|TX Receiver: 4
	|TX Service: Message "An Answer for you?"
	|TX Nonce: 19
	|---------------------------------------------------
	|---------------------------------------------------
	|TX Sender: 2
	|TX Receiver: 1
	|TX Service: Message "Forty-two"
	|TX Nonce: 19
	|---------------------------------------------------
	|---------------------------------------------------
	|TX Sender: 4
	|TX Receiver: 2
	|TX Service: Message "Yes...!!!...?"
	|TX Nonce: 19
	|---------------------------------------------------
	|---------------------------------------------------
	|TX Sender: 5
	|TX Receiver: 4
	|TX Service: Message "Forty-two, said Deep Thought, with infinite majesty and calm."
	|TX Nonce: 20
	|---------------------------------------------------
	|---------------------------------------------------
	|TX Sender: 1
	|TX Receiver: you
	|TX Service: Message "Of Life, the Universe and Everything..."
	|TX Nonce: 20
	|---------------------------------------------------
	|---------------------------------------------------
	|TX Sender: 2
	|TX Receiver: 1
	|TX Service: Message "yes I did"
	|TX Nonce: 20
	|---------------------------------------------------
	|---------------------------------------------------
	|TX Sender: you
	|TX Receiver: 1
	|TX Service: Message "Er..good morning, O Deep Thought"
	|TX Nonce: 20
	|---------------------------------------------------
	|---------------------------------------------------
	|TX Sender: 4
	|TX Receiver: 2
	|TX Service: Message "Life!"
	|TX Nonce: 20
	|---------------------------------------------------
Block Validator: 4
===================================================
===================================================
Block Index: 12
Block Timestamp: UnixTime {utSeconds = 1710937624, utMicroSeconds = 182643}
Block Transactions: 
	|---------------------------------------------------
	|TX Sender: 5
	|TX Receiver: 2
	|TX Service: Message "For a moment, nothing happened."
	|TX Nonce: 21
	|---------------------------------------------------
	|---------------------------------------------------
	|TX Sender: 1
	|TX Receiver: 5
	|TX Service: Message "Is..."
	|TX Nonce: 21
	|---------------------------------------------------
	|---------------------------------------------------
	|TX Sender: 2
	|TX Receiver: you
	|TX Service: Message "Beware of the Leopard"
	|TX Nonce: 21
	|---------------------------------------------------
	|---------------------------------------------------
	|TX Sender: 4
	|TX Receiver: 5
	|TX Service: Message "Yes."
	|TX Nonce: 21
	|---------------------------------------------------
	|---------------------------------------------------
	|TX Sender: you
	|TX Receiver: 4
	|TX Service: Message "Everything!"
	|TX Nonce: 21
	|---------------------------------------------------
	|---------------------------------------------------
	|TX Sender: 5
	|TX Receiver: 4
	|TX Service: Message "I eventually had to go down to the cellar to find them."
	|TX Nonce: 22
	|---------------------------------------------------
	|---------------------------------------------------
	|TX Sender: 1
	|TX Receiver: 2
	|TX Service: Message "yes I did"
	|TX Nonce: 22
	|---------------------------------------------------
	|---------------------------------------------------
	|TX Sender: 2
	|TX Receiver: 1
	|TX Service: Message "do you have...er..."
	|TX Nonce: 22
	|---------------------------------------------------
	|---------------------------------------------------
	|TX Sender: 4
	|TX Receiver: 5
	|TX Service: Message "For a moment, nothing happened."
	|TX Nonce: 22
	|---------------------------------------------------
	|---------------------------------------------------
	|TX Sender: you
	|TX Receiver: 5
	|TX Service: Message "For a moment, nothing happened."
	|TX Nonce: 22
	|---------------------------------------------------
Block Validator: 1
===================================================
===================================================
Block Index: 13
Block Timestamp: UnixTime {utSeconds = 1710937625, utMicroSeconds = 198986}
Block Transactions: 
	|---------------------------------------------------
	|TX Sender: 5
	|TX Receiver: 1
	|TX Service: Message "Yes"
	|TX Nonce: 23
	|---------------------------------------------------
	|---------------------------------------------------
	|TX Sender: 1
	|TX Receiver: you
	|TX Service: Message "Don't panic"
	|TX Nonce: 23
	|---------------------------------------------------
	|---------------------------------------------------
	|TX Sender: 2
	|TX Receiver: 5
	|TX Service: Message "But can you do it?"
	|TX Nonce: 23
	|---------------------------------------------------
	|---------------------------------------------------
	|TX Sender: 4
	|TX Receiver: 5
	|TX Service: Message "We want you to tell us...The Answer"
	|TX Nonce: 23
	|---------------------------------------------------
	|---------------------------------------------------
	|TX Sender: you
	|TX Receiver: 5
	|TX Service: Message "Life!"
	|TX Nonce: 23
	|---------------------------------------------------
	|---------------------------------------------------
	|TX Sender: 5
	|TX Receiver: 4
	|TX Service: Message "Good Morning"
	|TX Nonce: 24
	|---------------------------------------------------
	|---------------------------------------------------
	|TX Sender: 1
	|TX Receiver: 4
	|TX Service: Message "O Deep Thought computer"
	|TX Nonce: 24
	|---------------------------------------------------
	|---------------------------------------------------
	|TX Sender: 2
	|TX Receiver: 1
	|TX Service: Message "But the plans were on display"
	|TX Nonce: 24
	|---------------------------------------------------
	|---------------------------------------------------
	|TX Sender: 4
	|TX Receiver: 1
	|TX Service: Message "The Universe!"
	|TX Nonce: 24
	|---------------------------------------------------
	|---------------------------------------------------
	|TX Sender: you
	|TX Receiver: 5
	|TX Service: Message "That's the display department."
	|TX Nonce: 24
	|---------------------------------------------------
Block Validator: 1
===================================================
===================================================
Block Index: 14
Block Timestamp: UnixTime {utSeconds = 1710937626, utMicroSeconds = 215767}
Block Transactions: 
	|---------------------------------------------------
	|TX Sender: 5
	|TX Receiver: you
	|TX Service: Message "There is an answer?"
	|TX Nonce: 25
	|---------------------------------------------------
	|---------------------------------------------------
	|TX Sender: 1
	|TX Receiver: 5
	|TX Service: Message "But the plans were on display"
	|TX Nonce: 25
	|---------------------------------------------------
	|---------------------------------------------------
	|TX Sender: 2
	|TX Receiver: 1
	|TX Service: Message "Forty-two, said Deep Thought, with infinite majesty and calm."
	|TX Nonce: 25
	|---------------------------------------------------
	|---------------------------------------------------
	|TX Sender: 4
	|TX Receiver: 5
	|TX Service: Message "Is..."
	|TX Nonce: 25
	|---------------------------------------------------
	|---------------------------------------------------
	|TX Sender: you
	|TX Receiver: 1
	|TX Service: Message "There really is one?"
	|TX Nonce: 25
	|---------------------------------------------------
	|---------------------------------------------------
	|TX Sender: 5
	|TX Receiver: you
	|TX Service: Message "Don't panic"
	|TX Nonce: 26
	|---------------------------------------------------
	|---------------------------------------------------
	|TX Sender: 1
	|TX Receiver: 2
	|TX Service: Message "The Answer to the Great Question..."
	|TX Nonce: 26
	|---------------------------------------------------
	|---------------------------------------------------
	|TX Sender: 2
	|TX Receiver: 1
	|TX Service: Message "The Answer to what?"
	|TX Nonce: 26
	|---------------------------------------------------
	|---------------------------------------------------
	|TX Sender: 4
	|TX Receiver: 2
	|TX Service: Message "Good Morning"
	|TX Nonce: 26
	|---------------------------------------------------
	|---------------------------------------------------
	|TX Sender: you
	|TX Receiver: 4
	|TX Service: Message "O Deep Thought computer"
	|TX Nonce: 26
	|---------------------------------------------------
Block Validator: 1
===================================================
===================================================
Block Index: 15
Block Timestamp: UnixTime {utSeconds = 1710937627, utMicroSeconds = 232115}
Block Transactions: 
	|---------------------------------------------------
	|TX Sender: 5
	|TX Receiver: 4
	|TX Service: Message "Yes..."
	|TX Nonce: 27
	|---------------------------------------------------
	|---------------------------------------------------
	|TX Sender: 1
	|TX Receiver: 5
	|TX Service: Message "Life!"
	|TX Nonce: 27
	|---------------------------------------------------
	|---------------------------------------------------
	|TX Sender: 2
	|TX Receiver: 4
	|TX Service: Message "For a moment, nothing happened."
	|TX Nonce: 27
	|---------------------------------------------------
	|---------------------------------------------------
	|TX Sender: 4
	|TX Receiver: 1
	|TX Service: Message "There really is one."
	|TX Nonce: 27
	|---------------------------------------------------
	|---------------------------------------------------
	|TX Sender: you
	|TX Receiver: 4
	|TX Service: Message "Forty-two, said Deep Thought, with infinite majesty and calm."
	|TX Nonce: 27
	|---------------------------------------------------
	|---------------------------------------------------
	|TX Sender: 5
	|TX Receiver: you
	|TX Service: Message "I'd far rather be happy than right any day."
	|TX Nonce: 28
	|---------------------------------------------------
	|---------------------------------------------------
	|TX Sender: 1
	|TX Receiver: 2
	|TX Service: Message "But look"
	|TX Nonce: 28
	|---------------------------------------------------
	|---------------------------------------------------
	|TX Sender: 2
	|TX Receiver: 5
	|TX Service: Message "Of Life, the Universe and Everything..."
	|TX Nonce: 28
	|---------------------------------------------------
	|---------------------------------------------------
	|TX Sender: 4
	|TX Receiver: 1
	|TX Service: Message "Everything!"
	|TX Nonce: 28
	|---------------------------------------------------
	|---------------------------------------------------
	|TX Sender: you
	|TX Receiver: 2
	|TX Service: Message "yes I did"
	|TX Nonce: 28
	|---------------------------------------------------
Block Validator: 4
===================================================
===================================================
Block Index: 16
Block Timestamp: UnixTime {utSeconds = 1710937628, utMicroSeconds = 248654}
Block Transactions: 
	|---------------------------------------------------
	|TX Sender: 5
	|TX Receiver: 1
	|TX Service: Message "Yes."
	|TX Nonce: 29
	|---------------------------------------------------
	|---------------------------------------------------
	|TX Sender: 1
	|TX Receiver: you
	|TX Service: Message "This has made a lot of people very angry."
	|TX Nonce: 29
	|---------------------------------------------------
	|---------------------------------------------------
	|TX Sender: 2
	|TX Receiver: 4
	|TX Service: Message "We want you to tell us...The Answer"
	|TX Nonce: 29
	|---------------------------------------------------
	|---------------------------------------------------
	|TX Sender: 4
	|TX Receiver: 2
	|TX Service: Message "O Deep Thought computer"
	|TX Nonce: 29
	|---------------------------------------------------
	|---------------------------------------------------
	|TX Sender: you
	|TX Receiver: 5
	|TX Service: Message "There is an answer?"
	|TX Nonce: 29
	|---------------------------------------------------
	|---------------------------------------------------
	|TX Sender: 5
	|TX Receiver: you
	|TX Service: Message "Of Life, the Universe and Everything..."
	|TX Nonce: 30
	|---------------------------------------------------
	|---------------------------------------------------
	|TX Sender: 1
	|TX Receiver: 2
	|TX Service: Message "The Universe!"
	|TX Nonce: 30
	|---------------------------------------------------
	|---------------------------------------------------
	|TX Sender: 2
	|TX Receiver: you
	|TX Service: Message "Is..."
	|TX Nonce: 30
	|---------------------------------------------------
	|---------------------------------------------------
	|TX Sender: 4
	|TX Receiver: you
	|TX Service: Message "Yes..."
	|TX Nonce: 30
	|---------------------------------------------------
	|---------------------------------------------------
	|TX Sender: you
	|TX Receiver: 4
	|TX Service: Message "Forty-two"
	|TX Nonce: 30
	|---------------------------------------------------
Block Validator: 4
===================================================
===================================================
Block Index: 17
Block Timestamp: UnixTime {utSeconds = 1710937629, utMicroSeconds = 265507}
Block Transactions: 
	|---------------------------------------------------
	|TX Sender: 5
	|TX Receiver: 1
	|TX Service: Message "The Universe!"
	|TX Nonce: 31
	|---------------------------------------------------
	|---------------------------------------------------
	|TX Sender: 1
	|TX Receiver: you
	|TX Service: Message "Is..."
	|TX Nonce: 31
	|---------------------------------------------------
	|---------------------------------------------------
	|TX Sender: 4
	|TX Receiver: 5
	|TX Service: Message "The Answer to what?"
	|TX Nonce: 31
	|---------------------------------------------------
	|---------------------------------------------------
	|TX Sender: 2
	|TX Receiver: 4
	|TX Service: Message "I'd far rather be happy than right any day."
	|TX Nonce: 31
	|---------------------------------------------------
	|---------------------------------------------------
	|TX Sender: you
	|TX Receiver: 4
	|TX Service: Message "Though I don't think that you're going to like it"
	|TX Nonce: 31
	|---------------------------------------------------
	|---------------------------------------------------
	|TX Sender: 5
	|TX Receiver: you
	|TX Service: Message "Lunchtime doubly so."
	|TX Nonce: 32
	|---------------------------------------------------
	|---------------------------------------------------
	|TX Sender: 2
	|TX Receiver: 4
	|TX Service: Message "Life!"
	|TX Nonce: 32
	|---------------------------------------------------
	|---------------------------------------------------
	|TX Sender: 1
	|TX Receiver: 2
	|TX Service: Message "The Answer to what?"
	|TX Nonce: 32
	|---------------------------------------------------
	|---------------------------------------------------
	|TX Sender: 4
	|TX Receiver: 5
	|TX Service: Message "Forty-two"
	|TX Nonce: 32
	|---------------------------------------------------
	|---------------------------------------------------
	|TX Sender: you
	|TX Receiver: 2
	|TX Service: Message "The Answer to what?"
	|TX Nonce: 32
	|---------------------------------------------------
Block Validator: 4
===================================================
===================================================
Block Index: 18
Block Timestamp: UnixTime {utSeconds = 1710937630, utMicroSeconds = 287265}
Block Transactions: 
	|---------------------------------------------------
	|TX Sender: 5
	|TX Receiver: 2
	|TX Service: Message "That's the display department."
	|TX Nonce: 33
	|---------------------------------------------------
	|---------------------------------------------------
	|TX Sender: 2
	|TX Receiver: you
	|TX Service: Message "With a flashlight."
	|TX Nonce: 33
	|---------------------------------------------------
	|---------------------------------------------------
	|TX Sender: 4
	|TX Receiver: 2
	|TX Service: Message "It is a mistake to think you can solve any major problems just with potatoes."
	|TX Nonce: 33
	|---------------------------------------------------
	|---------------------------------------------------
	|TX Sender: 1
	|TX Receiver: 5
	|TX Service: Message "It is a mistake to think you can solve any major problems just with potatoes."
	|TX Nonce: 33
	|---------------------------------------------------
	|---------------------------------------------------
	|TX Sender: you
	|TX Receiver: 2
	|TX Service: Message "Yes..."
	|TX Nonce: 33
	|---------------------------------------------------
	|---------------------------------------------------
	|TX Sender: 5
	|TX Receiver: 4
	|TX Service: Message "There really is one?"
	|TX Nonce: 34
	|---------------------------------------------------
	|---------------------------------------------------
	|TX Sender: 4
	|TX Receiver: 5
	|TX Service: Message "do you have...er..."
	|TX Nonce: 34
	|---------------------------------------------------
	|---------------------------------------------------
	|TX Sender: 2
	|TX Receiver: 5
	|TX Service: Message "Time is an illusion."
	|TX Nonce: 34
	|---------------------------------------------------
	|---------------------------------------------------
	|TX Sender: 1
	|TX Receiver: 2
	|TX Service: Message "With a flashlight."
	|TX Nonce: 34
	|---------------------------------------------------
	|---------------------------------------------------
	|TX Sender: you
	|TX Receiver: 1
	|TX Service: Message "Yes...!"
	|TX Nonce: 34
	|---------------------------------------------------
Block Validator: 1
===================================================
===================================================
Block Index: 19
Block Timestamp: UnixTime {utSeconds = 1710937631, utMicroSeconds = 303170}
Block Transactions: 
	|---------------------------------------------------
	|TX Sender: 5
	|TX Receiver: you
	|TX Service: Message "All right"
	|TX Nonce: 35
	|---------------------------------------------------
	|---------------------------------------------------
	|TX Sender: 4
	|TX Receiver: 5
	|TX Service: Message "That's the display department."
	|TX Nonce: 35
	|---------------------------------------------------
	|---------------------------------------------------
	|TX Sender: 2
	|TX Receiver: 5
	|TX Service: Message "There really is one."
	|TX Nonce: 35
	|---------------------------------------------------
	|---------------------------------------------------
	|TX Sender: 1
	|TX Receiver: 5
	|TX Service: Message "That's the display department."
	|TX Nonce: 35
	|---------------------------------------------------
	|---------------------------------------------------
	|TX Sender: you
	|TX Receiver: 1
	|TX Service: Message "This has made a lot of people very angry."
	|TX Nonce: 35
	|---------------------------------------------------
	|---------------------------------------------------
	|TX Sender: 5
	|TX Receiver: 4
	|TX Service: Message "On display?"
	|TX Nonce: 36
	|---------------------------------------------------
	|---------------------------------------------------
	|TX Sender: 4
	|TX Receiver: 1
	|TX Service: Message "This has made a lot of people very angry."
	|TX Nonce: 36
	|---------------------------------------------------
	|---------------------------------------------------
	|TX Sender: 2
	|TX Receiver: you
	|TX Service: Message "Ah, well, the lights had probably gone."
	|TX Nonce: 36
	|---------------------------------------------------
	|---------------------------------------------------
	|TX Sender: 1
	|TX Receiver: 5
	|TX Service: Message "There really is one?"
	|TX Nonce: 36
	|---------------------------------------------------
	|---------------------------------------------------
	|TX Sender: you
	|TX Receiver: 4
	|TX Service: Message "I'd far rather be happy than right any day."
	|TX Nonce: 36
	|---------------------------------------------------
Block Validator: 2
===================================================
===================================================
Block Index: 20
Block Timestamp: UnixTime {utSeconds = 1710937632, utMicroSeconds = 318347}
Block Transactions: 
	|---------------------------------------------------
	|TX Sender: 5
	|TX Receiver: 1
	|TX Service: Message "To Everything?"
	|TX Nonce: 37
	|---------------------------------------------------
	|---------------------------------------------------
	|TX Sender: 4
	|TX Receiver: 5
	|TX Service: Message "There really is one?"
	|TX Nonce: 37
	|---------------------------------------------------
	|---------------------------------------------------
	|TX Sender: 2
	|TX Receiver: you
	|TX Service: Message "Yes...!"
	|TX Nonce: 37
	|---------------------------------------------------
	|---------------------------------------------------
	|TX Sender: 1
	|TX Receiver: 5
	|TX Service: Message "Good Morning"
	|TX Nonce: 37
	|---------------------------------------------------
	|---------------------------------------------------
	|TX Sender: you
	|TX Receiver: 4
	|TX Service: Message "Yes"
	|TX Nonce: 37
	|---------------------------------------------------
	|---------------------------------------------------
	|TX Sender: 5
	|TX Receiver: 4
	|TX Service: Message "There really is one."
	|TX Nonce: 38
	|---------------------------------------------------
	|---------------------------------------------------
	|TX Sender: 4
	|TX Receiver: you
	|TX Service: Message "To Everything?"
	|TX Nonce: 38
	|---------------------------------------------------
	|---------------------------------------------------
	|TX Sender: 2
	|TX Receiver: 5
	|TX Service: Message "Lunchtime doubly so."
	|TX Nonce: 38
	|---------------------------------------------------
	|---------------------------------------------------
	|TX Sender: 1
	|TX Receiver: 5
	|TX Service: Message "Yes..."
	|TX Nonce: 38
	|---------------------------------------------------
	|---------------------------------------------------
	|TX Sender: you
	|TX Receiver: 2
	|TX Service: Message "On display?"
	|TX Nonce: 38
	|---------------------------------------------------
Block Validator: 5
===================================================
===================================================
Block Index: 21
Block Timestamp: UnixTime {utSeconds = 1710937633, utMicroSeconds = 335237}
Block Transactions: 
	|---------------------------------------------------
	|TX Sender: 5
	|TX Receiver: 4
	|TX Service: Message "The Answer to what?"
	|TX Nonce: 39
	|---------------------------------------------------
	|---------------------------------------------------
	|TX Sender: 4
	|TX Receiver: 2
	|TX Service: Message "Doesn't matter!"
	|TX Nonce: 39
	|---------------------------------------------------
	|---------------------------------------------------
	|TX Sender: 2
	|TX Receiver: 4
	|TX Service: Message "Is..."
	|TX Nonce: 39
	|---------------------------------------------------
	|---------------------------------------------------
	|TX Sender: you
	|TX Receiver: 4
	|TX Service: Message "But can you do it?"
	|TX Nonce: 39
	|---------------------------------------------------
	|---------------------------------------------------
	|TX Sender: 1
	|TX Receiver: 4
	|TX Service: Message "To Everything?"
	|TX Nonce: 39
	|---------------------------------------------------
	|---------------------------------------------------
	|TX Sender: 5
	|TX Receiver: 2
	|TX Service: Message "Beware of the Leopard"
	|TX Nonce: 40
	|---------------------------------------------------
	|---------------------------------------------------
	|TX Sender: 4
	|TX Receiver: 5
	|TX Service: Message "All right"
	|TX Nonce: 40
	|---------------------------------------------------
	|---------------------------------------------------
	|TX Sender: 2
	|TX Receiver: 4
	|TX Service: Message "All right"
	|TX Nonce: 40
	|---------------------------------------------------
	|---------------------------------------------------
	|TX Sender: you
	|TX Receiver: 4
	|TX Service: Message "Is..."
	|TX Nonce: 40
	|---------------------------------------------------
	|---------------------------------------------------
	|TX Sender: 1
	|TX Receiver: 2
	|TX Service: Message "An Answer for you?"
	|TX Nonce: 40
	|---------------------------------------------------
Block Validator: 2
===================================================
===================================================
Block Index: 22
Block Timestamp: UnixTime {utSeconds = 1710937634, utMicroSeconds = 352440}
Block Transactions: 
	|---------------------------------------------------
	|TX Sender: 5
	|TX Receiver: you
	|TX Service: Message "Doesn't matter!"
	|TX Nonce: 41
	|---------------------------------------------------
	|---------------------------------------------------
	|TX Sender: 4
	|TX Receiver: 1
	|TX Service: Message "Is..."
	|TX Nonce: 41
	|---------------------------------------------------
	|---------------------------------------------------
	|TX Sender: 2
	|TX Receiver: 1
	|TX Service: Message "Nothing travels faster than the speed of light with the possible exception of bad news."
	|TX Nonce: 41
	|---------------------------------------------------
	|---------------------------------------------------
	|TX Sender: you
	|TX Receiver: 4
	|TX Service: Message "Is..."
	|TX Nonce: 41
	|---------------------------------------------------
	|---------------------------------------------------
	|TX Sender: 1
	|TX Receiver: 5
	|TX Service: Message "Of Life, the Universe and Everything..."
	|TX Nonce: 41
	|---------------------------------------------------
	|---------------------------------------------------
	|TX Sender: 5
	|TX Receiver: you
	|TX Service: Message "But can you do it?"
	|TX Nonce: 42
	|---------------------------------------------------
	|---------------------------------------------------
	|TX Sender: 4
	|TX Receiver: you
	|TX Service: Message "Yes"
	|TX Nonce: 42
	|---------------------------------------------------
	|---------------------------------------------------
	|TX Sender: 2
	|TX Receiver: you
	|TX Service: Message "Good Morning"
	|TX Nonce: 42
	|---------------------------------------------------
	|---------------------------------------------------
	|TX Sender: you
	|TX Receiver: 4
	|TX Service: Message "Don't panic"
	|TX Nonce: 42
	|---------------------------------------------------
	|---------------------------------------------------
	|TX Sender: 1
	|TX Receiver: you
	|TX Service: Message "For a moment, nothing happened."
	|TX Nonce: 42
	|---------------------------------------------------
Block Validator: 1
===================================================
===================================================
Block Index: 23
Block Timestamp: UnixTime {utSeconds = 1710937635, utMicroSeconds = 875243}
Block Transactions: 
	|---------------------------------------------------
	|TX Sender: 5
	|TX Receiver: 4
	|TX Service: Message "Er..good morning, O Deep Thought"
	|TX Nonce: 43
	|---------------------------------------------------
	|---------------------------------------------------
	|TX Sender: 4
	|TX Receiver: you
	|TX Service: Message "But look"
	|TX Nonce: 43
	|---------------------------------------------------
	|---------------------------------------------------
	|TX Sender: 1
	|TX Receiver: 4
	|TX Service: Message "Nothing travels faster than the speed of light with the possible exception of bad news."
	|TX Nonce: 43
	|---------------------------------------------------
	|---------------------------------------------------
	|TX Sender: you
	|TX Receiver: 4
	|TX Service: Message "So had the stairs."
	|TX Nonce: 43
	|---------------------------------------------------
	|---------------------------------------------------
	|TX Sender: 4
	|TX Receiver: you
	|TX Service: Message "Forty-two, said Deep Thought, with infinite majesty and calm."
	|TX Nonce: 44
	|---------------------------------------------------
	|---------------------------------------------------
	|TX Sender: 1
	|TX Receiver: you
	|TX Service: Message "Lunchtime doubly so."
	|TX Nonce: 44
	|---------------------------------------------------
	|---------------------------------------------------
	|TX Sender: you
	|TX Receiver: 4
	|TX Service: Message "An Answer for you?"
	|TX Nonce: 44
	|---------------------------------------------------
	|---------------------------------------------------
	|TX Sender: 5
	|TX Receiver: 4
	|TX Service: Message "O Deep Thought computer"
	|TX Nonce: 45
	|---------------------------------------------------
	|---------------------------------------------------
	|TX Sender: 4
	|TX Receiver: 5
	|TX Service: Message "Yes...!!!...?"
	|TX Nonce: 45
	|---------------------------------------------------
	|---------------------------------------------------
	|TX Sender: 1
	|TX Receiver: 2
	|TX Service: Message "But the plans were on display"
	|TX Nonce: 45
	|---------------------------------------------------
Block Validator: 1
===================================================
Mean time between blocks: 959.4090909090909
> Exiting ..
