My id is: 9
Welcome to (the s)hell!
Type 'help' to ask for help.
> Staking 10.0
> Loading transactions from input10/trans6.txt
Sending Message "Time is an illusion." to 3
Sending Message "Good Morning" to 1
Sending Message "But look" to 2
Sending Message "Is..." to 10
Sending Message "Nothing travels faster than the speed of light with the possible exception of bad news." to 10
Sending Message "Everything!" to 2
Sending Message "We want you to tell us...The Answer" to 4
Sending Message "With a flashlight." to 1
Sending Message "In the beginning the Universe was created." to 2
Sending Message "Ah, well, the lights had probably gone." to 5
Sending Message "Yes...!" to 4
Invalid recipient. Check whether the ID was yours or if it does not exist.
Sending Message "On display?" to 2
Sending Message "There really is one." to 5
Invalid recipient. Check whether the ID was yours or if it does not exist.
Invalid recipient. Check whether the ID was yours or if it does not exist.
Sending Message "Yes" to 4
Invalid recipient. Check whether the ID was yours or if it does not exist.
Invalid recipient. Check whether the ID was yours or if it does not exist.
Sending Message "It is a mistake to think you can solve any major problems just with potatoes." to 5
Invalid recipient. Check whether the ID was yours or if it does not exist.
Sending Message "Er..good morning, O Deep Thought" to 8
Sending Message "Don't panic" to 1
Sending Message "I eventually had to go down to the cellar to find them." to 1
Invalid recipient. Check whether the ID was yours or if it does not exist.
Sending Message "Yes." to 8
Sending Message "The Answer to the Great Question..." to 7
Sending Message "do you have...er..." to 7
Sending Message "O Deep Thought computer" to 7
Sending Message "Doesn't matter!" to 1
Sending Message "But can you do it?" to 7
Sending Message "For a moment, nothing happened." to 2
Sending Message "But the plans were on display" to 1
Sending Message "All right" to 3
Sending Message "Beware of the Leopard" to 1
Sending Message "To Everything?" to 1
Sending Message "There is an answer?" to 10
Sending Message "Forty-two" to 4
Sending Message "Of Life, the Universe and Everything..." to 3
Sending Message "Yes" to 4
Sending Message "Forty-two, said Deep Thought, with infinite majesty and calm." to 4
Sending Message "Is..." to 10
Sending Message "Though I don't think that you're going to like it" to 8
Sending Message "There really is one?" to 3
Sending Message "That's the display department." to 7
Sending Message "Lunchtime doubly so." to 10
Sending Message "yes I did" to 1
Sending Message "I'd far rather be happy than right any day." to 1
Sending Message "Yes...!!!...?" to 3
Sending Message "The Universe!" to 4
Sending Message "Time is an illusion." to 3
Sending Message "Good Morning" to 2
Sending Message "But look" to 3
Sending Message "Is..." to 2
Sending Message "Nothing travels faster than the speed of light with the possible exception of bad news." to 2
Sending Message "Everything!" to 2
Sending Message "We want you to tell us...The Answer" to 8
Sending Message "With a flashlight." to 1
Sending Message "In the beginning the Universe was created." to 2
Sending Message "Ah, well, the lights had probably gone." to 7
Sending Message "Yes...!" to 10
Sending Message "This has made a lot of people very angry." to 10
Invalid recipient. Check whether the ID was yours or if it does not exist.
Sending Message "There really is one." to 10
Sending Message "An Answer for you?" to 5
Sending Message "The Answer to what?" to 4
Sending Message "Yes" to 1
Invalid recipient. Check whether the ID was yours or if it does not exist.
Sending Message "Yes..." to 3
Sending Message "It is a mistake to think you can solve any major problems just with potatoes." to 1
Invalid recipient. Check whether the ID was yours or if it does not exist.
Sending Message "Er..good morning, O Deep Thought" to 7
Sending Message "Don't panic" to 3
Sending Message "I eventually had to go down to the cellar to find them." to 3
Sending Message "So had the stairs." to 5
Sending Message "Yes." to 8
Invalid recipient. Check whether the ID was yours or if it does not exist.
Sending Message "do you have...er..." to 8
Sending Message "O Deep Thought computer" to 1
Sending Message "Doesn't matter!" to 1
Invalid recipient. Check whether the ID was yours or if it does not exist.
Sending Message "For a moment, nothing happened." to 2
Sending Message "But the plans were on display" to 2
Invalid recipient. Check whether the ID was yours or if it does not exist.
Invalid recipient. Check whether the ID was yours or if it does not exist.
Sending Message "To Everything?" to 8
Sending Message "There is an answer?" to 3
Sending Message "Forty-two" to 5
Sending Message "Of Life, the Universe and Everything..." to 1
Invalid recipient. Check whether the ID was yours or if it does not exist.
Sending Message "Forty-two, said Deep Thought, with infinite majesty and calm." to 8
Sending Message "Is..." to 7
Invalid recipient. Check whether the ID was yours or if it does not exist.
Sending Message "There really is one?" to 8
Sending Message "That's the display department." to 1
Sending Message "Lunchtime doubly so." to 2
Sending Message "yes I did" to 7
Sending Message "I'd far rather be happy than right any day." to 8
Sending Message "Yes...!!!...?" to 7
Sending Message "The Universe!" to 2
> ===================================================
Block Index: 1
Block Timestamp: UnixTime {utSeconds = 1710073698, utMicroSeconds = 348472}
Block Transactions: 
	|---------------------------------------------------
	|TX Sender: genesis
	|TX Receiver: bootstrap
	|TX Service: Coins 10000.0
	|TX Nonce: 1
	|---------------------------------------------------
Block Validator: genesis
===================================================
===================================================
Block Index: 2
Block Timestamp: UnixTime {utSeconds = 1710073698, utMicroSeconds = 782034}
Block Transactions: 
	|---------------------------------------------------
	|TX Sender: 1
	|TX Receiver: stake
	|TX Service: Coins 10.0
	|TX Nonce: 1
	|---------------------------------------------------
	|---------------------------------------------------
	|TX Sender: 4
	|TX Receiver: stake
	|TX Service: Coins 10.0
	|TX Nonce: 1
	|---------------------------------------------------
	|---------------------------------------------------
	|TX Sender: 3
	|TX Receiver: stake
	|TX Service: Coins 10.0
	|TX Nonce: 1
	|---------------------------------------------------
	|---------------------------------------------------
	|TX Sender: 2
	|TX Receiver: stake
	|TX Service: Coins 10.0
	|TX Nonce: 1
	|---------------------------------------------------
	|---------------------------------------------------
	|TX Sender: 8
	|TX Receiver: stake
	|TX Service: Coins 10.0
	|TX Nonce: 1
	|---------------------------------------------------
Block Validator: 8
===================================================
===================================================
Block Index: 3
Block Timestamp: UnixTime {utSeconds = 1710073698, utMicroSeconds = 796485}
Block Transactions: 
	|---------------------------------------------------
	|TX Sender: 5
	|TX Receiver: stake
	|TX Service: Coins 10.0
	|TX Nonce: 1
	|---------------------------------------------------
	|---------------------------------------------------
	|TX Sender: 10
	|TX Receiver: stake
	|TX Service: Coins 10.0
	|TX Nonce: 1
	|---------------------------------------------------
	|---------------------------------------------------
	|TX Sender: 7
	|TX Receiver: stake
	|TX Service: Coins 10.0
	|TX Nonce: 1
	|---------------------------------------------------
	|---------------------------------------------------
	|TX Sender: 6
	|TX Receiver: stake
	|TX Service: Coins 10.0
	|TX Nonce: 1
	|---------------------------------------------------
	|---------------------------------------------------
	|TX Sender: you
	|TX Receiver: stake
	|TX Service: Coins 10.0
	|TX Nonce: 1
	|---------------------------------------------------
Block Validator: 1
===================================================
===================================================
Block Index: 4
Block Timestamp: UnixTime {utSeconds = 1710073699, utMicroSeconds = 32747}
Block Transactions: 
	|---------------------------------------------------
	|TX Sender: 2
	|TX Receiver: 6
	|TX Service: Message "In the beginning the Universe was created."
	|TX Nonce: 2
	|---------------------------------------------------
	|---------------------------------------------------
	|TX Sender: 8
	|TX Receiver: 10
	|TX Service: Message "Good Morning"
	|TX Nonce: 2
	|---------------------------------------------------
	|---------------------------------------------------
	|TX Sender: 4
	|TX Receiver: 2
	|TX Service: Message "In the beginning the Universe was created."
	|TX Nonce: 2
	|---------------------------------------------------
	|---------------------------------------------------
	|TX Sender: 10
	|TX Receiver: 3
	|TX Service: Message "Yes"
	|TX Nonce: 2
	|---------------------------------------------------
	|---------------------------------------------------
	|TX Sender: 1
	|TX Receiver: you
	|TX Service: Message "On display?"
	|TX Nonce: 2
	|---------------------------------------------------
Block Validator: 7
===================================================
===================================================
Block Index: 5
Block Timestamp: UnixTime {utSeconds = 1710073699, utMicroSeconds = 138672}
Block Transactions: 
	|---------------------------------------------------
	|TX Sender: 3
	|TX Receiver: 7
	|TX Service: Message "Nothing travels faster than the speed of light with the possible exception of bad news."
	|TX Nonce: 2
	|---------------------------------------------------
	|---------------------------------------------------
	|TX Sender: 6
	|TX Receiver: 7
	|TX Service: Message "An Answer for you?"
	|TX Nonce: 2
	|---------------------------------------------------
	|---------------------------------------------------
	|TX Sender: you
	|TX Receiver: 3
	|TX Service: Message "Time is an illusion."
	|TX Nonce: 2
	|---------------------------------------------------
	|---------------------------------------------------
	|TX Sender: 5
	|TX Receiver: 10
	|TX Service: Message "But the plans were on display"
	|TX Nonce: 2
	|---------------------------------------------------
	|---------------------------------------------------
	|TX Sender: 2
	|TX Receiver: 6
	|TX Service: Message "I'd far rather be happy than right any day."
	|TX Nonce: 3
	|---------------------------------------------------
Block Validator: 4
===================================================
===================================================
Block Index: 6
Block Timestamp: UnixTime {utSeconds = 1710073699, utMicroSeconds = 167795}
Block Transactions: 
	|---------------------------------------------------
	|TX Sender: 8
	|TX Receiver: 7
	|TX Service: Message "I eventually had to go down to the cellar to find them."
	|TX Nonce: 3
	|---------------------------------------------------
	|---------------------------------------------------
	|TX Sender: 4
	|TX Receiver: 3
	|TX Service: Message "Don't panic"
	|TX Nonce: 3
	|---------------------------------------------------
	|---------------------------------------------------
	|TX Sender: you
	|TX Receiver: 1
	|TX Service: Message "Good Morning"
	|TX Nonce: 3
	|---------------------------------------------------
	|---------------------------------------------------
	|TX Sender: 7
	|TX Receiver: 6
	|TX Service: Message "It is a mistake to think you can solve any major problems just with potatoes."
	|TX Nonce: 3
	|---------------------------------------------------
	|---------------------------------------------------
	|TX Sender: 1
	|TX Receiver: 6
	|TX Service: Message "Everything!"
	|TX Nonce: 3
	|---------------------------------------------------
Block Validator: 6
===================================================
===================================================
Block Index: 7
Block Timestamp: UnixTime {utSeconds = 1710073699, utMicroSeconds = 272374}
Block Transactions: 
	|---------------------------------------------------
	|TX Sender: 10
	|TX Receiver: 8
	|TX Service: Message "Life!"
	|TX Nonce: 3
	|---------------------------------------------------
	|---------------------------------------------------
	|TX Sender: 6
	|TX Receiver: 7
	|TX Service: Message "Everything!"
	|TX Nonce: 3
	|---------------------------------------------------
	|---------------------------------------------------
	|TX Sender: 5
	|TX Receiver: 8
	|TX Service: Message "In the beginning the Universe was created."
	|TX Nonce: 3
	|---------------------------------------------------
	|---------------------------------------------------
	|TX Sender: 3
	|TX Receiver: 8
	|TX Service: Message "It is a mistake to think you can solve any major problems just with potatoes."
	|TX Nonce: 3
	|---------------------------------------------------
	|---------------------------------------------------
	|TX Sender: 2
	|TX Receiver: 4
	|TX Service: Message "I eventually had to go down to the cellar to find them."
	|TX Nonce: 4
	|---------------------------------------------------
Block Validator: you
===================================================
===================================================
Block Index: 8
Block Timestamp: UnixTime {utSeconds = 1710073699, utMicroSeconds = 348481}
Block Transactions: 
	|---------------------------------------------------
	|TX Sender: 8
	|TX Receiver: 4
	|TX Service: Message "But the plans were on display"
	|TX Nonce: 4
	|---------------------------------------------------
	|---------------------------------------------------
	|TX Sender: 5
	|TX Receiver: 8
	|TX Service: Message "Yes..."
	|TX Nonce: 4
	|---------------------------------------------------
	|---------------------------------------------------
	|TX Sender: 7
	|TX Receiver: 5
	|TX Service: Message "Good Morning"
	|TX Nonce: 4
	|---------------------------------------------------
	|---------------------------------------------------
	|TX Sender: 3
	|TX Receiver: 2
	|TX Service: Message "Forty-two, said Deep Thought, with infinite majesty and calm."
	|TX Nonce: 4
	|---------------------------------------------------
	|---------------------------------------------------
	|TX Sender: you
	|TX Receiver: 2
	|TX Service: Message "But look"
	|TX Nonce: 4
	|---------------------------------------------------
Block Validator: 6
===================================================
===================================================
Block Index: 9
Block Timestamp: UnixTime {utSeconds = 1710073699, utMicroSeconds = 402928}
Block Transactions: 
	|---------------------------------------------------
	|TX Sender: 4
	|TX Receiver: 2
	|TX Service: Message "Yes..."
	|TX Nonce: 4
	|---------------------------------------------------
	|---------------------------------------------------
	|TX Sender: 1
	|TX Receiver: 3
	|TX Service: Message "Lunchtime doubly so."
	|TX Nonce: 4
	|---------------------------------------------------
	|---------------------------------------------------
	|TX Sender: 6
	|TX Receiver: you
	|TX Service: Message "Yes...!"
	|TX Nonce: 4
	|---------------------------------------------------
	|---------------------------------------------------
	|TX Sender: 10
	|TX Receiver: 8
	|TX Service: Message "But can you do it?"
	|TX Nonce: 4
	|---------------------------------------------------
	|---------------------------------------------------
	|TX Sender: 2
	|TX Receiver: 8
	|TX Service: Message "So had the stairs."
	|TX Nonce: 5
	|---------------------------------------------------
Block Validator: 6
===================================================
===================================================
Block Index: 10
Block Timestamp: UnixTime {utSeconds = 1710073699, utMicroSeconds = 485511}
Block Transactions: 
	|---------------------------------------------------
	|TX Sender: 8
	|TX Receiver: 5
	|TX Service: Message "The Answer to the Great Question..."
	|TX Nonce: 5
	|---------------------------------------------------
	|---------------------------------------------------
	|TX Sender: 5
	|TX Receiver: 3
	|TX Service: Message "The Answer to what?"
	|TX Nonce: 5
	|---------------------------------------------------
	|---------------------------------------------------
	|TX Sender: 3
	|TX Receiver: 4
	|TX Service: Message "There really is one."
	|TX Nonce: 5
	|---------------------------------------------------
	|---------------------------------------------------
	|TX Sender: 7
	|TX Receiver: 4
	|TX Service: Message "Forty-two"
	|TX Nonce: 5
	|---------------------------------------------------
	|---------------------------------------------------
	|TX Sender: 4
	|TX Receiver: 6
	|TX Service: Message "I'd far rather be happy than right any day."
	|TX Nonce: 5
	|---------------------------------------------------
Block Validator: 8
===================================================
===================================================
Block Index: 11
Block Timestamp: UnixTime {utSeconds = 1710073699, utMicroSeconds = 539141}
Block Transactions: 
	|---------------------------------------------------
	|TX Sender: you
	|TX Receiver: 10
	|TX Service: Message "Is..."
	|TX Nonce: 5
	|---------------------------------------------------
	|---------------------------------------------------
	|TX Sender: 10
	|TX Receiver: 8
	|TX Service: Message "Yes..."
	|TX Nonce: 5
	|---------------------------------------------------
	|---------------------------------------------------
	|TX Sender: 1
	|TX Receiver: 10
	|TX Service: Message "O Deep Thought computer"
	|TX Nonce: 5
	|---------------------------------------------------
	|---------------------------------------------------
	|TX Sender: 2
	|TX Receiver: 7
	|TX Service: Message "Life!"
	|TX Nonce: 6
	|---------------------------------------------------
	|---------------------------------------------------
	|TX Sender: 8
	|TX Receiver: 5
	|TX Service: Message "Yes"
	|TX Nonce: 6
	|---------------------------------------------------
Block Validator: 1
===================================================
===================================================
Block Index: 12
Block Timestamp: UnixTime {utSeconds = 1710073699, utMicroSeconds = 623988}
Block Transactions: 
	|---------------------------------------------------
	|TX Sender: 5
	|TX Receiver: 2
	|TX Service: Message "Forty-two"
	|TX Nonce: 6
	|---------------------------------------------------
	|---------------------------------------------------
	|TX Sender: 3
	|TX Receiver: 10
	|TX Service: Message "yes I did"
	|TX Nonce: 6
	|---------------------------------------------------
	|---------------------------------------------------
	|TX Sender: 7
	|TX Receiver: 8
	|TX Service: Message "An Answer for you?"
	|TX Nonce: 6
	|---------------------------------------------------
	|---------------------------------------------------
	|TX Sender: 4
	|TX Receiver: 3
	|TX Service: Message "Tricky"
	|TX Nonce: 6
	|---------------------------------------------------
	|---------------------------------------------------
	|TX Sender: you
	|TX Receiver: 10
	|TX Service: Message "Nothing travels faster than the speed of light with the possible exception of bad news."
	|TX Nonce: 6
	|---------------------------------------------------
Block Validator: you
===================================================
===================================================
Block Index: 13
Block Timestamp: UnixTime {utSeconds = 1710073699, utMicroSeconds = 700273}
Block Transactions: 
	|---------------------------------------------------
	|TX Sender: 10
	|TX Receiver: you
	|TX Service: Message "There really is one."
	|TX Nonce: 6
	|---------------------------------------------------
	|---------------------------------------------------
	|TX Sender: 1
	|TX Receiver: 2
	|TX Service: Message "But the plans were on display"
	|TX Nonce: 6
	|---------------------------------------------------
	|---------------------------------------------------
	|TX Sender: 2
	|TX Receiver: you
	|TX Service: Message "Yes...!!!...?"
	|TX Nonce: 7
	|---------------------------------------------------
	|---------------------------------------------------
	|TX Sender: 8
	|TX Receiver: 4
	|TX Service: Message "O Deep Thought computer"
	|TX Nonce: 7
	|---------------------------------------------------
	|---------------------------------------------------
	|TX Sender: 6
	|TX Receiver: you
	|TX Service: Message "For a moment, nothing happened."
	|TX Nonce: 7
	|---------------------------------------------------
Block Validator: 3
===================================================
===================================================
Block Index: 14
Block Timestamp: UnixTime {utSeconds = 1710073699, utMicroSeconds = 758970}
Block Transactions: 
	|---------------------------------------------------
	|TX Sender: 5
	|TX Receiver: 7
	|TX Service: Message "Time is an illusion."
	|TX Nonce: 7
	|---------------------------------------------------
	|---------------------------------------------------
	|TX Sender: 7
	|TX Receiver: 8
	|TX Service: Message "But the plans were on display"
	|TX Nonce: 7
	|---------------------------------------------------
	|---------------------------------------------------
	|TX Sender: 3
	|TX Receiver: 4
	|TX Service: Message "There is an answer?"
	|TX Nonce: 7
	|---------------------------------------------------
	|---------------------------------------------------
	|TX Sender: you
	|TX Receiver: 2
	|TX Service: Message "Everything!"
	|TX Nonce: 7
	|---------------------------------------------------
	|---------------------------------------------------
	|TX Sender: 4
	|TX Receiver: 6
	|TX Service: Message "Yes."
	|TX Nonce: 7
	|---------------------------------------------------
Block Validator: 2
===================================================
> Exiting...
