My id is: 8
Welcome to (the s)hell!
Type 'help' to ask for help.
> Staking 10.0
> Loading transactions from input10/trans8.txt
Sending Message "An Answer for you?" to 7
Sending Message "Everything!" to 7
Sending Message "Yes...!" to 9
Sending Message "Yes" to 6
Sending Message "Is..." to 3
Sending Message "For a moment, nothing happened." to 9
Sending Message "To Everything?" to 2
Sending Message "yes I did" to 4
Sending Message "There really is one." to 10
Sending Message "There really is one?" to 7
Sending Message "Beware of the Leopard" to 4
Sending Message "Good Morning" to 6
Sending Message "Life!" to 3
Sending Message "So had the stairs." to 5
Sending Message "With a flashlight." to 7
Sending Message "Yes..." to 10
Sending Message "On display?" to 3
Sending Message "Yes." to 3
Sending Message "Nothing travels faster than the speed of light with the possible exception of bad news." to 3
Sending Message "This has made a lot of people very angry." to 2
Sending Message "Forty-two, said Deep Thought, with infinite majesty and calm." to 3
Sending Message "Er..good morning, O Deep Thought" to 4
Sending Message "Is..." to 5
Sending Message "The Answer to the Great Question..." to 1
Sending Message "There is an answer?" to 5
Sending Message "O Deep Thought computer" to 7
Sending Message "All right" to 6
Sending Message "In the beginning the Universe was created." to 5
Sending Message "But can you do it?" to 7
Sending Message "That's the display department." to 5
Sending Message "But the plans were on display" to 6
Sending Message "We want you to tell us...The Answer" to 3
Sending Message "Though I don't think that you're going to like it" to 7
Sending Message "I'd far rather be happy than right any day." to 1
Sending Message "The Answer to what?" to 5
Sending Message "Ah, well, the lights had probably gone." to 2
Sending Message "I eventually had to go down to the cellar to find them." to 5
Sending Message "Time is an illusion." to 5
Sending Message "Of Life, the Universe and Everything..." to 3
Sending Message "But look" to 1
Sending Message "Tricky" to 2
Sending Message "Yes" to 6
Sending Message "Yes...!!!...?" to 2
Sending Message "Forty-two" to 5
Sending Message "Lunchtime doubly so." to 3
Sending Message "do you have...er..." to 4
Sending Message "It is a mistake to think you can solve any major problems just with potatoes." to 1
Sending Message "The Universe!" to 1
Sending Message "Doesn't matter!" to 5
Sending Message "Don't panic" to 7
Sending Message "An Answer for you?" to 3
Sending Message "Everything!" to 5
Sending Message "Yes...!" to 3
Sending Message "Yes" to 7
Sending Message "Is..." to 10
Sending Message "For a moment, nothing happened." to 2
Sending Message "To Everything?" to 2
Sending Message "yes I did" to 4
Sending Message "There really is one." to 5
Sending Message "There really is one?" to 1
Sending Message "Beware of the Leopard" to 9
Sending Message "Good Morning" to 7
Sending Message "Life!" to 7
Sending Message "So had the stairs." to 9
Sending Message "With a flashlight." to 5
Sending Message "Yes..." to 9
Sending Message "On display?" to 3
Sending Message "Yes." to 9
Sending Message "Nothing travels faster than the speed of light with the possible exception of bad news." to 9
Sending Message "This has made a lot of people very angry." to 1
Sending Message "Forty-two, said Deep Thought, with infinite majesty and calm." to 4
Sending Message "Er..good morning, O Deep Thought" to 9
Sending Message "Is..." to 6
Sending Message "The Answer to the Great Question..." to 10
Sending Message "There is an answer?" to 5
Sending Message "O Deep Thought computer" to 7
Sending Message "All right" to 5
Sending Message "In the beginning the Universe was created." to 9
Sending Message "But can you do it?" to 1
Sending Message "That's the display department." to 7
Sending Message "But the plans were on display" to 4
Sending Message "We want you to tell us...The Answer" to 6
Sending Message "Though I don't think that you're going to like it" to 6
Sending Message "I'd far rather be happy than right any day." to 3
Sending Message "The Answer to what?" to 2
Sending Message "Ah, well, the lights had probably gone." to 6
Sending Message "I eventually had to go down to the cellar to find them." to 6
Sending Message "Time is an illusion." to 9
Sending Message "Of Life, the Universe and Everything..." to 1
Sending Message "But look" to 1
Sending Message "Tricky" to 10
Sending Message "Yes" to 9
Sending Message "Yes...!!!...?" to 2
Sending Message "Forty-two" to 1
Sending Message "Lunchtime doubly so." to 5
Sending Message "do you have...er..." to 7
Sending Message "It is a mistake to think you can solve any major problems just with potatoes." to 2
Sending Message "The Universe!" to 9
Sending Message "Doesn't matter!" to 2
Sending Message "Don't panic" to 3
> ===================================================
Block Index: 1
Block Timestamp: UnixTime {utSeconds = 1709899605, utMicroSeconds = 861242}
Block Transactions: 
	|---------------------------------------------------
	|TX Sender: genesis
	|TX Receiver: bootstrap
	|TX Service: Coins 10000.0
	|TX Nonce: 1
	|---------------------------------------------------
Block Validator: genesis
===================================================
===================================================
Block Index: 2
Block Timestamp: UnixTime {utSeconds = 1709899606, utMicroSeconds = 121923}
Block Transactions: 
	|---------------------------------------------------
	|TX Sender: 3
	|TX Receiver: stake
	|TX Service: Coins 10.0
	|TX Nonce: 1
	|---------------------------------------------------
	|---------------------------------------------------
	|TX Sender: 2
	|TX Receiver: stake
	|TX Service: Coins 10.0
	|TX Nonce: 1
	|---------------------------------------------------
	|---------------------------------------------------
	|TX Sender: 7
	|TX Receiver: stake
	|TX Service: Coins 10.0
	|TX Nonce: 1
	|---------------------------------------------------
	|---------------------------------------------------
	|TX Sender: 4
	|TX Receiver: stake
	|TX Service: Coins 10.0
	|TX Nonce: 1
	|---------------------------------------------------
	|---------------------------------------------------
	|TX Sender: you
	|TX Receiver: stake
	|TX Service: Coins 10.0
	|TX Nonce: 1
	|---------------------------------------------------
Block Validator: 3
===================================================
===================================================
Block Index: 3
Block Timestamp: UnixTime {utSeconds = 1709899606, utMicroSeconds = 139964}
Block Transactions: 
	|---------------------------------------------------
	|TX Sender: 6
	|TX Receiver: stake
	|TX Service: Coins 10.0
	|TX Nonce: 1
	|---------------------------------------------------
	|---------------------------------------------------
	|TX Sender: 10
	|TX Receiver: stake
	|TX Service: Coins 10.0
	|TX Nonce: 1
	|---------------------------------------------------
	|---------------------------------------------------
	|TX Sender: 5
	|TX Receiver: stake
	|TX Service: Coins 10.0
	|TX Nonce: 1
	|---------------------------------------------------
	|---------------------------------------------------
	|TX Sender: 3
	|TX Receiver: 7
	|TX Service: Message "Nothing travels faster than the speed of light with the possible exception of bad news."
	|TX Nonce: 2
	|---------------------------------------------------
	|---------------------------------------------------
	|TX Sender: 4
	|TX Receiver: 10
	|TX Service: Message "But the plans were on display"
	|TX Nonce: 2
	|---------------------------------------------------
Block Validator: 6
===================================================
===================================================
Block Index: 4
Block Timestamp: UnixTime {utSeconds = 1709899606, utMicroSeconds = 154798}
Block Transactions: 
	|---------------------------------------------------
	|TX Sender: 7
	|TX Receiver: 3
	|TX Service: Message "Time is an illusion."
	|TX Nonce: 2
	|---------------------------------------------------
	|---------------------------------------------------
	|TX Sender: you
	|TX Receiver: 7
	|TX Service: Message "An Answer for you?"
	|TX Nonce: 2
	|---------------------------------------------------
	|---------------------------------------------------
	|TX Sender: 1
	|TX Receiver: 9
	|TX Service: Message "On display?"
	|TX Nonce: 2
	|---------------------------------------------------
	|---------------------------------------------------
	|TX Sender: 10
	|TX Receiver: 7
	|TX Service: Message "I eventually had to go down to the cellar to find them."
	|TX Nonce: 3
	|---------------------------------------------------
	|---------------------------------------------------
	|TX Sender: 2
	|TX Receiver: 6
	|TX Service: Message "In the beginning the Universe was created."
	|TX Nonce: 2
	|---------------------------------------------------
Block Validator: 6
===================================================
===================================================
Block Index: 5
Block Timestamp: UnixTime {utSeconds = 1709899606, utMicroSeconds = 168515}
Block Transactions: 
	|---------------------------------------------------
	|TX Sender: 6
	|TX Receiver: 5
	|TX Service: Message "Good Morning"
	|TX Nonce: 4
	|---------------------------------------------------
	|---------------------------------------------------
	|TX Sender: 9
	|TX Receiver: stake
	|TX Service: Coins 10.0
	|TX Nonce: 1
	|---------------------------------------------------
	|---------------------------------------------------
	|TX Sender: 3
	|TX Receiver: you
	|TX Service: Message "It is a mistake to think you can solve any major problems just with potatoes."
	|TX Nonce: 3
	|---------------------------------------------------
	|---------------------------------------------------
	|TX Sender: 7
	|TX Receiver: 1
	|TX Service: Message "Good Morning"
	|TX Nonce: 3
	|---------------------------------------------------
	|---------------------------------------------------
	|TX Sender: you
	|TX Receiver: 7
	|TX Service: Message "Everything!"
	|TX Nonce: 3
	|---------------------------------------------------
Block Validator: 10
===================================================
===================================================
Block Index: 6
Block Timestamp: UnixTime {utSeconds = 1709899606, utMicroSeconds = 194390}
Block Transactions: 
	|---------------------------------------------------
	|TX Sender: 1
	|TX Receiver: 6
	|TX Service: Message "Everything!"
	|TX Nonce: 3
	|---------------------------------------------------
	|---------------------------------------------------
	|TX Sender: 4
	|TX Receiver: you
	|TX Service: Message "In the beginning the Universe was created."
	|TX Nonce: 3
	|---------------------------------------------------
	|---------------------------------------------------
	|TX Sender: 2
	|TX Receiver: 6
	|TX Service: Message "I'd far rather be happy than right any day."
	|TX Nonce: 3
	|---------------------------------------------------
	|---------------------------------------------------
	|TX Sender: 6
	|TX Receiver: 4
	|TX Service: Message "Forty-two"
	|TX Nonce: 5
	|---------------------------------------------------
	|---------------------------------------------------
	|TX Sender: 7
	|TX Receiver: 2
	|TX Service: Message "But look"
	|TX Nonce: 4
	|---------------------------------------------------
Block Validator: 4
===================================================
===================================================
Block Index: 7
Block Timestamp: UnixTime {utSeconds = 1709899606, utMicroSeconds = 217329}
Block Transactions: 
	|---------------------------------------------------
	|TX Sender: 3
	|TX Receiver: 2
	|TX Service: Message "Forty-two, said Deep Thought, with infinite majesty and calm."
	|TX Nonce: 4
	|---------------------------------------------------
	|---------------------------------------------------
	|TX Sender: 10
	|TX Receiver: 4
	|TX Service: Message "But the plans were on display"
	|TX Nonce: 4
	|---------------------------------------------------
	|---------------------------------------------------
	|TX Sender: 9
	|TX Receiver: 3
	|TX Service: Message "Yes"
	|TX Nonce: 2
	|---------------------------------------------------
	|---------------------------------------------------
	|TX Sender: 1
	|TX Receiver: 3
	|TX Service: Message "Lunchtime doubly so."
	|TX Nonce: 4
	|---------------------------------------------------
	|---------------------------------------------------
	|TX Sender: 5
	|TX Receiver: 3
	|TX Service: Message "Don't panic"
	|TX Nonce: 3
	|---------------------------------------------------
Block Validator: 4
===================================================
===================================================
Block Index: 8
Block Timestamp: UnixTime {utSeconds = 1709899606, utMicroSeconds = 224102}
Block Transactions: 
	|---------------------------------------------------
	|TX Sender: 4
	|TX Receiver: you
	|TX Service: Message "Yes..."
	|TX Nonce: 4
	|---------------------------------------------------
	|---------------------------------------------------
	|TX Sender: 3
	|TX Receiver: 4
	|TX Service: Message "There really is one."
	|TX Nonce: 5
	|---------------------------------------------------
	|---------------------------------------------------
	|TX Sender: 2
	|TX Receiver: 4
	|TX Service: Message "I eventually had to go down to the cellar to find them."
	|TX Nonce: 4
	|---------------------------------------------------
	|---------------------------------------------------
	|TX Sender: 1
	|TX Receiver: 10
	|TX Service: Message "O Deep Thought computer"
	|TX Nonce: 5
	|---------------------------------------------------
	|---------------------------------------------------
	|TX Sender: 10
	|TX Receiver: 5
	|TX Service: Message "The Answer to the Great Question..."
	|TX Nonce: 5
	|---------------------------------------------------
Block Validator: 2
===================================================
> Exiting...
