My id is: 3
Welcome to (the s)hell!
Type 'help' to ask for help.
> Staking 10.0
> Loading transactions from input10/trans3.txt
Sending Message "Nothing travels faster than the speed of light with the possible exception of bad news." to 7
Sending Message "It is a mistake to think you can solve any major problems just with potatoes." to 8
Sending Message "Forty-two, said Deep Thought, with infinite majesty and calm." to 2
Sending Message "There really is one." to 4
Sending Message "yes I did" to 10
Sending Message "There is an answer?" to 4
Sending Message "Forty-two" to 4
Sending Message "With a flashlight." to 4
Sending Message "Though I don't think that you're going to like it" to 6
Sending Message "Good Morning" to 10
Sending Message "The Answer to what?" to 7
Sending Message "Yes..." to 2
Sending Message "Of Life, the Universe and Everything..." to 1
Sending Message "Tricky" to 2
Sending Message "To Everything?" to 4
Sending Message "Yes...!!!...?" to 6
Sending Message "The Universe!" to 2
Sending Message "Yes." to 10
Sending Message "Yes...!" to 8
Sending Message "Time is an illusion." to 7
Sending Message "This has made a lot of people very angry." to 2
Sending Message "Yes" to 9
Sending Message "All right" to 2
Sending Message "I'd far rather be happy than right any day." to 2
Sending Message "Yes" to 6
Sending Message "On display?" to 6
Sending Message "Doesn't matter!" to 8
Sending Message "But can you do it?" to 10
Sending Message "Is..." to 1
Sending Message "Is..." to 10
Sending Message "Don't panic" to 9
Sending Message "So had the stairs." to 1
Sending Message "In the beginning the Universe was created." to 1
Sending Message "But look" to 8
Sending Message "But the plans were on display" to 2
Sending Message "I eventually had to go down to the cellar to find them." to 8
Sending Message "An Answer for you?" to 4
Sending Message "The Answer to the Great Question..." to 9
Sending Message "We want you to tell us...The Answer" to 10
Sending Message "Er..good morning, O Deep Thought" to 1
Sending Message "do you have...er..." to 10
Sending Message "Beware of the Leopard" to 6
Sending Message "Everything!" to 4
Sending Message "For a moment, nothing happened." to 5
Sending Message "Ah, well, the lights had probably gone." to 9
Sending Message "Life!" to 5
Sending Message "Lunchtime doubly so." to 7
Sending Message "That's the display department." to 5
Sending Message "There really is one?" to 1
Sending Message "O Deep Thought computer" to 4
Sending Message "Nothing travels faster than the speed of light with the possible exception of bad news." to 7
Sending Message "It is a mistake to think you can solve any major problems just with potatoes." to 7
Sending Message "Forty-two, said Deep Thought, with infinite majesty and calm." to 4
Sending Message "There really is one." to 7
Sending Message "yes I did" to 2
Sending Message "There is an answer?" to 5
Sending Message "Forty-two" to 4
Sending Message "With a flashlight." to 8
Sending Message "Though I don't think that you're going to like it" to 4
Sending Message "Good Morning" to 6
Sending Message "The Answer to what?" to 2
Sending Message "Yes..." to 2
Sending Message "Of Life, the Universe and Everything..." to 10
Sending Message "Tricky" to 7
Sending Message "To Everything?" to 9
Sending Message "Yes...!!!...?" to 6
Sending Message "The Universe!" to 8
Sending Message "Yes." to 9
Sending Message "Yes...!" to 1
Sending Message "Time is an illusion." to 6
Sending Message "This has made a lot of people very angry." to 1
Sending Message "Yes" to 9
Sending Message "All right" to 9
Sending Message "I'd far rather be happy than right any day." to 4
Sending Message "Yes" to 4
Sending Message "On display?" to 2
Sending Message "Doesn't matter!" to 7
Sending Message "But can you do it?" to 4
Sending Message "Is..." to 4
Sending Message "Is..." to 4
Sending Message "Don't panic" to 4
Sending Message "So had the stairs." to 4
Sending Message "In the beginning the Universe was created." to 7
Sending Message "But look" to 6
Sending Message "But the plans were on display" to 8
Sending Message "I eventually had to go down to the cellar to find them." to 8
Sending Message "An Answer for you?" to 4
Sending Message "The Answer to the Great Question..." to 10
Sending Message "We want you to tell us...The Answer" to 4
Sending Message "Er..good morning, O Deep Thought" to 8
Sending Message "do you have...er..." to 1
Sending Message "Beware of the Leopard" to 6
Sending Message "Everything!" to 8
Sending Message "For a moment, nothing happened." to 7
Sending Message "Ah, well, the lights had probably gone." to 2
Sending Message "Life!" to 9
Sending Message "Lunchtime doubly so." to 5
Sending Message "That's the display department." to 7
Sending Message "There really is one?" to 8
Sending Message "O Deep Thought computer" to 5
> ===================================================
Block Index: 1
Block Timestamp: UnixTime {utSeconds = 1710150212, utMicroSeconds = 896380}
Block Transactions: 
	|---------------------------------------------------
	|TX Sender: genesis
	|TX Receiver: bootstrap
	|TX Service: Coins 10000.0
	|TX Nonce: 1
	|---------------------------------------------------
Block Validator: genesis
===================================================
===================================================
Block Index: 2
Block Timestamp: UnixTime {utSeconds = 1710150214, utMicroSeconds = 303235}
Block Transactions: 
	|---------------------------------------------------
	|TX Sender: 10
	|TX Receiver: stake
	|TX Service: Coins 10.0
	|TX Nonce: 1
	|---------------------------------------------------
	|---------------------------------------------------
	|TX Sender: 6
	|TX Receiver: stake
	|TX Service: Coins 10.0
	|TX Nonce: 1
	|---------------------------------------------------
	|---------------------------------------------------
	|TX Sender: 4
	|TX Receiver: stake
	|TX Service: Coins 10.0
	|TX Nonce: 1
	|---------------------------------------------------
	|---------------------------------------------------
	|TX Sender: you
	|TX Receiver: stake
	|TX Service: Coins 10.0
	|TX Nonce: 1
	|---------------------------------------------------
	|---------------------------------------------------
	|TX Sender: 2
	|TX Receiver: stake
	|TX Service: Coins 10.0
	|TX Nonce: 1
	|---------------------------------------------------
Block Validator: 2
===================================================
===================================================
Block Index: 3
Block Timestamp: UnixTime {utSeconds = 1710150214, utMicroSeconds = 310805}
Block Transactions: 
	|---------------------------------------------------
	|TX Sender: 1
	|TX Receiver: stake
	|TX Service: Coins 10.0
	|TX Nonce: 1
	|---------------------------------------------------
	|---------------------------------------------------
	|TX Sender: 5
	|TX Receiver: stake
	|TX Service: Coins 10.0
	|TX Nonce: 1
	|---------------------------------------------------
	|---------------------------------------------------
	|TX Sender: 8
	|TX Receiver: stake
	|TX Service: Coins 10.0
	|TX Nonce: 1
	|---------------------------------------------------
	|---------------------------------------------------
	|TX Sender: 9
	|TX Receiver: stake
	|TX Service: Coins 10.0
	|TX Nonce: 1
	|---------------------------------------------------
	|---------------------------------------------------
	|TX Sender: 7
	|TX Receiver: stake
	|TX Service: Coins 10.0
	|TX Nonce: 1
	|---------------------------------------------------
Block Validator: 5
===================================================
===================================================
Block Index: 4
Block Timestamp: UnixTime {utSeconds = 1710150216, utMicroSeconds = 321371}
Block Transactions: 
	|---------------------------------------------------
	|TX Sender: 10
	|TX Receiver: you
	|TX Service: Message "Yes"
	|TX Nonce: 2
	|---------------------------------------------------
	|---------------------------------------------------
	|TX Sender: 4
	|TX Receiver: 10
	|TX Service: Message "But the plans were on display"
	|TX Nonce: 2
	|---------------------------------------------------
	|---------------------------------------------------
	|TX Sender: 2
	|TX Receiver: 6
	|TX Service: Message "In the beginning the Universe was created."
	|TX Nonce: 2
	|---------------------------------------------------
	|---------------------------------------------------
	|TX Sender: 6
	|TX Receiver: you
	|TX Service: Message "Time is an illusion."
	|TX Nonce: 2
	|---------------------------------------------------
	|---------------------------------------------------
	|TX Sender: you
	|TX Receiver: 7
	|TX Service: Message "Nothing travels faster than the speed of light with the possible exception of bad news."
	|TX Nonce: 2
	|---------------------------------------------------
Block Validator: 10
===================================================
===================================================
Block Index: 5
Block Timestamp: UnixTime {utSeconds = 1710150216, utMicroSeconds = 329315}
Block Transactions: 
	|---------------------------------------------------
	|TX Sender: 5
	|TX Receiver: 2
	|TX Service: Message "In the beginning the Universe was created."
	|TX Nonce: 2
	|---------------------------------------------------
	|---------------------------------------------------
	|TX Sender: 7
	|TX Receiver: 6
	|TX Service: Message "All right"
	|TX Nonce: 2
	|---------------------------------------------------
	|---------------------------------------------------
	|TX Sender: 9
	|TX Receiver: 10
	|TX Service: Message "Good Morning"
	|TX Nonce: 2
	|---------------------------------------------------
	|---------------------------------------------------
	|TX Sender: 8
	|TX Receiver: 7
	|TX Service: Message "An Answer for you?"
	|TX Nonce: 2
	|---------------------------------------------------
	|---------------------------------------------------
	|TX Sender: 1
	|TX Receiver: 9
	|TX Service: Message "On display?"
	|TX Nonce: 2
	|---------------------------------------------------
Block Validator: 10
===================================================
===================================================
Block Index: 6
Block Timestamp: UnixTime {utSeconds = 1710150217, utMicroSeconds = 334676}
Block Transactions: 
	|---------------------------------------------------
	|TX Sender: 10
	|TX Receiver: 8
	|TX Service: Message "Life!"
	|TX Nonce: 3
	|---------------------------------------------------
	|---------------------------------------------------
	|TX Sender: 2
	|TX Receiver: 6
	|TX Service: Message "I'd far rather be happy than right any day."
	|TX Nonce: 3
	|---------------------------------------------------
	|---------------------------------------------------
	|TX Sender: 6
	|TX Receiver: 1
	|TX Service: Message "Good Morning"
	|TX Nonce: 3
	|---------------------------------------------------
	|---------------------------------------------------
	|TX Sender: 4
	|TX Receiver: 8
	|TX Service: Message "In the beginning the Universe was created."
	|TX Nonce: 3
	|---------------------------------------------------
	|---------------------------------------------------
	|TX Sender: 5
	|TX Receiver: you
	|TX Service: Message "Don't panic"
	|TX Nonce: 3
	|---------------------------------------------------
Block Validator: 10
===================================================
===================================================
Block Index: 7
Block Timestamp: UnixTime {utSeconds = 1710150218, utMicroSeconds = 331366}
Block Transactions: 
	|---------------------------------------------------
	|TX Sender: 8
	|TX Receiver: 7
	|TX Service: Message "Everything!"
	|TX Nonce: 3
	|---------------------------------------------------
	|---------------------------------------------------
	|TX Sender: you
	|TX Receiver: 8
	|TX Service: Message "It is a mistake to think you can solve any major problems just with potatoes."
	|TX Nonce: 3
	|---------------------------------------------------
	|---------------------------------------------------
	|TX Sender: 1
	|TX Receiver: 6
	|TX Service: Message "Everything!"
	|TX Nonce: 3
	|---------------------------------------------------
	|---------------------------------------------------
	|TX Sender: 7
	|TX Receiver: 6
	|TX Service: Message "It is a mistake to think you can solve any major problems just with potatoes."
	|TX Nonce: 3
	|---------------------------------------------------
	|---------------------------------------------------
	|TX Sender: 10
	|TX Receiver: 8
	|TX Service: Message "But can you do it?"
	|TX Nonce: 4
	|---------------------------------------------------
Block Validator: 6
===================================================
===================================================
Block Index: 8
Block Timestamp: UnixTime {utSeconds = 1710150218, utMicroSeconds = 355450}
Block Transactions: 
	|---------------------------------------------------
	|TX Sender: 6
	|TX Receiver: 2
	|TX Service: Message "But look"
	|TX Nonce: 4
	|---------------------------------------------------
	|---------------------------------------------------
	|TX Sender: 4
	|TX Receiver: 8
	|TX Service: Message "Yes..."
	|TX Nonce: 4
	|---------------------------------------------------
	|---------------------------------------------------
	|TX Sender: 9
	|TX Receiver: 4
	|TX Service: Message "But the plans were on display"
	|TX Nonce: 4
	|---------------------------------------------------
	|---------------------------------------------------
	|TX Sender: 5
	|TX Receiver: 2
	|TX Service: Message "Yes..."
	|TX Nonce: 4
	|---------------------------------------------------
	|---------------------------------------------------
	|TX Sender: 8
	|TX Receiver: 9
	|TX Service: Message "Yes...!"
	|TX Nonce: 4
	|---------------------------------------------------
Block Validator: 1
===================================================
===================================================
Block Index: 9
Block Timestamp: UnixTime {utSeconds = 1710150219, utMicroSeconds = 344953}
Block Transactions: 
	|---------------------------------------------------
	|TX Sender: 1
	|TX Receiver: you
	|TX Service: Message "Lunchtime doubly so."
	|TX Nonce: 4
	|---------------------------------------------------
	|---------------------------------------------------
	|TX Sender: you
	|TX Receiver: 2
	|TX Service: Message "Forty-two, said Deep Thought, with infinite majesty and calm."
	|TX Nonce: 4
	|---------------------------------------------------
	|---------------------------------------------------
	|TX Sender: 7
	|TX Receiver: 5
	|TX Service: Message "Good Morning"
	|TX Nonce: 4
	|---------------------------------------------------
	|---------------------------------------------------
	|TX Sender: 10
	|TX Receiver: 8
	|TX Service: Message "Yes..."
	|TX Nonce: 5
	|---------------------------------------------------
	|---------------------------------------------------
	|TX Sender: 2
	|TX Receiver: 8
	|TX Service: Message "So had the stairs."
	|TX Nonce: 5
	|---------------------------------------------------
Block Validator: 4
===================================================
===================================================
Block Index: 10
Block Timestamp: UnixTime {utSeconds = 1710150219, utMicroSeconds = 367378}
Block Transactions: 
	|---------------------------------------------------
	|TX Sender: 6
	|TX Receiver: 10
	|TX Service: Message "Is..."
	|TX Nonce: 5
	|---------------------------------------------------
	|---------------------------------------------------
	|TX Sender: 9
	|TX Receiver: 5
	|TX Service: Message "The Answer to the Great Question..."
	|TX Nonce: 5
	|---------------------------------------------------
	|---------------------------------------------------
	|TX Sender: 4
	|TX Receiver: you
	|TX Service: Message "The Answer to what?"
	|TX Nonce: 5
	|---------------------------------------------------
	|---------------------------------------------------
	|TX Sender: 8
	|TX Receiver: 6
	|TX Service: Message "Yes"
	|TX Nonce: 5
	|---------------------------------------------------
	|---------------------------------------------------
	|TX Sender: 5
	|TX Receiver: 6
	|TX Service: Message "I'd far rather be happy than right any day."
	|TX Nonce: 5
	|---------------------------------------------------
Block Validator: 4
===================================================
===================================================
Block Index: 11
Block Timestamp: UnixTime {utSeconds = 1710150220, utMicroSeconds = 353123}
Block Transactions: 
	|---------------------------------------------------
	|TX Sender: 1
	|TX Receiver: 10
	|TX Service: Message "O Deep Thought computer"
	|TX Nonce: 5
	|---------------------------------------------------
	|---------------------------------------------------
	|TX Sender: you
	|TX Receiver: 4
	|TX Service: Message "There really is one."
	|TX Nonce: 5
	|---------------------------------------------------
	|---------------------------------------------------
	|TX Sender: 7
	|TX Receiver: 4
	|TX Service: Message "Forty-two"
	|TX Nonce: 5
	|---------------------------------------------------
	|---------------------------------------------------
	|TX Sender: 10
	|TX Receiver: 9
	|TX Service: Message "There really is one."
	|TX Nonce: 6
	|---------------------------------------------------
	|---------------------------------------------------
	|TX Sender: 2
	|TX Receiver: 7
	|TX Service: Message "Life!"
	|TX Nonce: 6
	|---------------------------------------------------
Block Validator: 10
===================================================
===================================================
Block Index: 12
Block Timestamp: UnixTime {utSeconds = 1710150220, utMicroSeconds = 380586}
Block Transactions: 
	|---------------------------------------------------
	|TX Sender: 6
	|TX Receiver: 10
	|TX Service: Message "Nothing travels faster than the speed of light with the possible exception of bad news."
	|TX Nonce: 6
	|---------------------------------------------------
	|---------------------------------------------------
	|TX Sender: 9
	|TX Receiver: 5
	|TX Service: Message "Yes"
	|TX Nonce: 6
	|---------------------------------------------------
	|---------------------------------------------------
	|TX Sender: 4
	|TX Receiver: 2
	|TX Service: Message "Forty-two"
	|TX Nonce: 6
	|---------------------------------------------------
	|---------------------------------------------------
	|TX Sender: 8
	|TX Receiver: you
	|TX Service: Message "Is..."
	|TX Nonce: 6
	|---------------------------------------------------
	|---------------------------------------------------
	|TX Sender: 5
	|TX Receiver: you
	|TX Service: Message "Tricky"
	|TX Nonce: 6
	|---------------------------------------------------
Block Validator: 1
===================================================
> Exiting...
