My id is: 1
Welcome to (the s)hell!
Type 'help' to ask for help.
> Staking 10.0
> Loading transactions from input5/trans2.txt
Sending Message "I eventually had to go down to the cellar to find them." to 4
Sending Message "With a flashlight." to 5
Sending Message "Time is an illusion." to 5
Sending Message "Everything!" to 3
Sending Message "Though I don't think that you're going to like it" to 5
Sending Message "Ah, well, the lights had probably gone." to 3
Invalid recipient. Check whether the ID was yours or if it does not exist.
Sending Message "Lunchtime doubly so." to 5
Sending Message "Is..." to 3
Sending Message "All right" to 3
Sending Message "It is a mistake to think you can solve any major problems just with potatoes." to 4
Sending Message "But look" to 4
Invalid recipient. Check whether the ID was yours or if it does not exist.
Sending Message "This has made a lot of people very angry." to 4
Sending Message "Tricky" to 4
Sending Message "Good Morning" to 5
Invalid recipient. Check whether the ID was yours or if it does not exist.
Invalid recipient. Check whether the ID was yours or if it does not exist.
Invalid recipient. Check whether the ID was yours or if it does not exist.
Sending Message "Beware of the Leopard" to 3
Invalid recipient. Check whether the ID was yours or if it does not exist.
Sending Message "But can you do it?" to 5
Invalid recipient. Check whether the ID was yours or if it does not exist.
Invalid recipient. Check whether the ID was yours or if it does not exist.
Invalid recipient. Check whether the ID was yours or if it does not exist.
Sending Message "For a moment, nothing happened." to 4
Sending Message "Of Life, the Universe and Everything..." to 5
Sending Message "We want you to tell us...The Answer" to 4
Sending Message "Is..." to 3
Sending Message "I'd far rather be happy than right any day." to 4
Sending Message "Life!" to 4
Sending Message "With a flashlight." to 3
Sending Message "Time is an illusion." to 5
Sending Message "There really is one." to 5
Sending Message "Ah, well, the lights had probably gone." to 3
Sending Message "Yes...!" to 3
Sending Message "Lunchtime doubly so." to 5
Sending Message "Is..." to 4
Sending Message "All right" to 4
Invalid recipient. Check whether the ID was yours or if it does not exist.
Sending Message "Good Morning" to 3
Sending Message "Forty-two" to 4
Invalid recipient. Check whether the ID was yours or if it does not exist.
Sending Message "Don't panic" to 5
Sending Message "For a moment, nothing happened." to 4
Invalid recipient. Check whether the ID was yours or if it does not exist.
Sending Message "We want you to tell us...The Answer" to 5
Sending Message "Is..." to 4
