My id is: 4
Welcome to (the s)hell!
Type 'help' to ask for help.
> Staking 10.0
> Loading transactions from input5/trans4.txt
Sending Message "The Answer to what?" to 3
Sending Message "Forty-two" to 2
Sending Message "It is a mistake to think you can solve any major problems just with potatoes." to 2
Sending Message "Tricky" to 1
Sending Message "do you have...er..." to 1
Sending Message "Beware of the Leopard" to 1
Sending Message "This has made a lot of people very angry." to 5
Sending Message "There really is one?" to 2
Sending Message "To Everything?" to 1
Sending Message "An Answer for you?" to 5
Sending Message "The Answer to the Great Question..." to 1
Sending Message "On display?" to 3
Sending Message "Though I don't think that you're going to like it" to 5
Sending Message "I'd far rather be happy than right any day." to 1
Sending Message "Doesn't matter!" to 3
Sending Message "Ah, well, the lights had probably gone." to 2
Sending Message "With a flashlight." to 3
Sending Message "Yes...!!!...?" to 2
Sending Message "Life!" to 2
Sending Message "Yes." to 5
Sending Message "For a moment, nothing happened." to 5
Sending Message "We want you to tell us...The Answer" to 5
Sending Message "The Universe!" to 1
Sending Message "Is..." to 5
Sending Message "Good Morning" to 2
Sending Message "There really is one." to 1
Sending Message "Everything!" to 1
Sending Message "O Deep Thought computer" to 2
Sending Message "Yes..." to 3
Sending Message "The Answer to what?" to 5
Sending Message "Forty-two" to 5
Sending Message "It is a mistake to think you can solve any major problems just with potatoes." to 2
Sending Message "do you have...er..." to 5
Sending Message "That's the display department." to 5
Sending Message "This has made a lot of people very angry." to 1
Sending Message "There really is one?" to 5
Sending Message "To Everything?" to 3
Sending Message "Doesn't matter!" to 2
Sending Message "All right" to 5
Sending Message "Is..." to 1
Sending Message "Yes" to 3
Sending Message "But look" to 3
Sending Message "Forty-two, said Deep Thought, with infinite majesty and calm." to 3
Sending Message "Yes...!!!...?" to 5
Sending Message "Life!" to 1
Sending Message "Yes." to 2
Sending Message "yes I did" to 1
Sending Message "For a moment, nothing happened." to 3
Sending Message "Er..good morning, O Deep Thought" to 3
Sending Message "Don't panic" to 3
> ===================================================
Block Index: 1
Block Timestamp: UnixTime {utSeconds = 1710149897, utMicroSeconds = 109590}
Block Transactions: 
	|---------------------------------------------------
	|TX Sender: genesis
	|TX Receiver: bootstrap
	|TX Service: Coins 5000.0
	|TX Nonce: 1
	|---------------------------------------------------
Block Validator: genesis
===================================================
===================================================
Block Index: 2
Block Timestamp: UnixTime {utSeconds = 1710149897, utMicroSeconds = 591504}
Block Transactions: 
	|---------------------------------------------------
	|TX Sender: 1
	|TX Receiver: stake
	|TX Service: Coins 100.0
	|TX Nonce: 1
	|---------------------------------------------------
	|---------------------------------------------------
	|TX Sender: 2
	|TX Receiver: stake
	|TX Service: Coins 10.0
	|TX Nonce: 1
	|---------------------------------------------------
	|---------------------------------------------------
	|TX Sender: 3
	|TX Receiver: stake
	|TX Service: Coins 10.0
	|TX Nonce: 1
	|---------------------------------------------------
	|---------------------------------------------------
	|TX Sender: 5
	|TX Receiver: stake
	|TX Service: Coins 10.0
	|TX Nonce: 1
	|---------------------------------------------------
	|---------------------------------------------------
	|TX Sender: you
	|TX Receiver: stake
	|TX Service: Coins 10.0
	|TX Nonce: 1
	|---------------------------------------------------
Block Validator: 1
===================================================
===================================================
Block Index: 3
Block Timestamp: UnixTime {utSeconds = 1710149898, utMicroSeconds = 101762}
Block Transactions: 
	|---------------------------------------------------
	|TX Sender: 3
	|TX Receiver: 2
	|TX Service: Message "Forty-two, said Deep Thought, with infinite majesty and calm."
	|TX Nonce: 2
	|---------------------------------------------------
	|---------------------------------------------------
	|TX Sender: 1
	|TX Receiver: 3
	|TX Service: Message "Lunchtime doubly so."
	|TX Nonce: 2
	|---------------------------------------------------
	|---------------------------------------------------
	|TX Sender: 2
	|TX Receiver: you
	|TX Service: Message "I eventually had to go down to the cellar to find them."
	|TX Nonce: 2
	|---------------------------------------------------
	|---------------------------------------------------
	|TX Sender: you
	|TX Receiver: 3
	|TX Service: Message "The Answer to what?"
	|TX Nonce: 2
	|---------------------------------------------------
	|---------------------------------------------------
	|TX Sender: 5
	|TX Receiver: 2
	|TX Service: Message "In the beginning the Universe was created."
	|TX Nonce: 2
	|---------------------------------------------------
Block Validator: 2
===================================================
===================================================
Block Index: 4
Block Timestamp: UnixTime {utSeconds = 1710149898, utMicroSeconds = 362396}
Block Transactions: 
	|---------------------------------------------------
	|TX Sender: 1
	|TX Receiver: 2
	|TX Service: Message "But the plans were on display"
	|TX Nonce: 3
	|---------------------------------------------------
	|---------------------------------------------------
	|TX Sender: 3
	|TX Receiver: you
	|TX Service: Message "There really is one."
	|TX Nonce: 3
	|---------------------------------------------------
	|---------------------------------------------------
	|TX Sender: 5
	|TX Receiver: 3
	|TX Service: Message "Don't panic"
	|TX Nonce: 3
	|---------------------------------------------------
	|---------------------------------------------------
	|TX Sender: 2
	|TX Receiver: 5
	|TX Service: Message "With a flashlight."
	|TX Nonce: 3
	|---------------------------------------------------
	|---------------------------------------------------
	|TX Sender: you
	|TX Receiver: 2
	|TX Service: Message "Forty-two"
	|TX Nonce: 3
	|---------------------------------------------------
Block Validator: 1
===================================================
===================================================
Block Index: 5
Block Timestamp: UnixTime {utSeconds = 1710149898, utMicroSeconds = 624283}
Block Transactions: 
	|---------------------------------------------------
	|TX Sender: 3
	|TX Receiver: you
	|TX Service: Message "There is an answer?"
	|TX Nonce: 4
	|---------------------------------------------------
	|---------------------------------------------------
	|TX Sender: 1
	|TX Receiver: 3
	|TX Service: Message "do you have...er..."
	|TX Nonce: 4
	|---------------------------------------------------
	|---------------------------------------------------
	|TX Sender: 2
	|TX Receiver: 5
	|TX Service: Message "Time is an illusion."
	|TX Nonce: 4
	|---------------------------------------------------
	|---------------------------------------------------
	|TX Sender: 5
	|TX Receiver: 2
	|TX Service: Message "Yes..."
	|TX Nonce: 4
	|---------------------------------------------------
	|---------------------------------------------------
	|TX Sender: you
	|TX Receiver: 2
	|TX Service: Message "It is a mistake to think you can solve any major problems just with potatoes."
	|TX Nonce: 4
	|---------------------------------------------------
Block Validator: 1
===================================================
===================================================
Block Index: 6
Block Timestamp: UnixTime {utSeconds = 1710149898, utMicroSeconds = 883747}
Block Transactions: 
	|---------------------------------------------------
	|TX Sender: 3
	|TX Receiver: you
	|TX Service: Message "Forty-two"
	|TX Nonce: 5
	|---------------------------------------------------
	|---------------------------------------------------
	|TX Sender: 2
	|TX Receiver: 3
	|TX Service: Message "Everything!"
	|TX Nonce: 5
	|---------------------------------------------------
	|---------------------------------------------------
	|TX Sender: 1
	|TX Receiver: 2
	|TX Service: Message "Yes"
	|TX Nonce: 5
	|---------------------------------------------------
	|---------------------------------------------------
	|TX Sender: 5
	|TX Receiver: 3
	|TX Service: Message "Tricky"
	|TX Nonce: 5
	|---------------------------------------------------
	|---------------------------------------------------
	|TX Sender: you
	|TX Receiver: 1
	|TX Service: Message "Tricky"
	|TX Nonce: 5
	|---------------------------------------------------
Block Validator: 1
===================================================
===================================================
Block Index: 7
Block Timestamp: UnixTime {utSeconds = 1710149899, utMicroSeconds = 144729}
Block Transactions: 
	|---------------------------------------------------
	|TX Sender: 3
	|TX Receiver: you
	|TX Service: Message "With a flashlight."
	|TX Nonce: 6
	|---------------------------------------------------
	|---------------------------------------------------
	|TX Sender: 1
	|TX Receiver: 2
	|TX Service: Message "But look"
	|TX Nonce: 6
	|---------------------------------------------------
	|---------------------------------------------------
	|TX Sender: 2
	|TX Receiver: 5
	|TX Service: Message "Though I don't think that you're going to like it"
	|TX Nonce: 6
	|---------------------------------------------------
	|---------------------------------------------------
	|TX Sender: 5
	|TX Receiver: you
	|TX Service: Message "Yes...!"
	|TX Nonce: 6
	|---------------------------------------------------
	|---------------------------------------------------
	|TX Sender: you
	|TX Receiver: 1
	|TX Service: Message "do you have...er..."
	|TX Nonce: 6
	|---------------------------------------------------
Block Validator: 1
===================================================
===================================================
Block Index: 8
Block Timestamp: UnixTime {utSeconds = 1710149899, utMicroSeconds = 402438}
Block Transactions: 
	|---------------------------------------------------
	|TX Sender: 3
	|TX Receiver: 2
	|TX Service: Message "Yes..."
	|TX Nonce: 7
	|---------------------------------------------------
	|---------------------------------------------------
	|TX Sender: 1
	|TX Receiver: 2
	|TX Service: Message "Beware of the Leopard"
	|TX Nonce: 7
	|---------------------------------------------------
	|---------------------------------------------------
	|TX Sender: 2
	|TX Receiver: 3
	|TX Service: Message "Ah, well, the lights had probably gone."
	|TX Nonce: 7
	|---------------------------------------------------
	|---------------------------------------------------
	|TX Sender: 5
	|TX Receiver: 1
	|TX Service: Message "The Universe!"
	|TX Nonce: 7
	|---------------------------------------------------
	|---------------------------------------------------
	|TX Sender: you
	|TX Receiver: 1
	|TX Service: Message "Beware of the Leopard"
	|TX Nonce: 7
	|---------------------------------------------------
Block Validator: 1
===================================================
===================================================
Block Index: 9
Block Timestamp: UnixTime {utSeconds = 1710149899, utMicroSeconds = 659953}
Block Transactions: 
	|---------------------------------------------------
	|TX Sender: 3
	|TX Receiver: 1
	|TX Service: Message "Of Life, the Universe and Everything..."
	|TX Nonce: 8
	|---------------------------------------------------
	|---------------------------------------------------
	|TX Sender: 1
	|TX Receiver: 5
	|TX Service: Message "This has made a lot of people very angry."
	|TX Nonce: 8
	|---------------------------------------------------
	|---------------------------------------------------
	|TX Sender: 2
	|TX Receiver: 1
	|TX Service: Message "Yes...!"
	|TX Nonce: 8
	|---------------------------------------------------
	|---------------------------------------------------
	|TX Sender: 5
	|TX Receiver: you
	|TX Service: Message "But look"
	|TX Nonce: 8
	|---------------------------------------------------
	|---------------------------------------------------
	|TX Sender: you
	|TX Receiver: 5
	|TX Service: Message "This has made a lot of people very angry."
	|TX Nonce: 8
	|---------------------------------------------------
Block Validator: 1
===================================================
===================================================
Block Index: 10
Block Timestamp: UnixTime {utSeconds = 1710149899, utMicroSeconds = 919869}
Block Transactions: 
	|---------------------------------------------------
	|TX Sender: 3
	|TX Receiver: 2
	|TX Service: Message "Tricky"
	|TX Nonce: 9
	|---------------------------------------------------
	|---------------------------------------------------
	|TX Sender: 1
	|TX Receiver: 2
	|TX Service: Message "Is..."
	|TX Nonce: 9
	|---------------------------------------------------
	|---------------------------------------------------
	|TX Sender: 2
	|TX Receiver: 5
	|TX Service: Message "Lunchtime doubly so."
	|TX Nonce: 9
	|---------------------------------------------------
	|---------------------------------------------------
	|TX Sender: 5
	|TX Receiver: 2
	|TX Service: Message "That's the display department."
	|TX Nonce: 9
	|---------------------------------------------------
	|---------------------------------------------------
	|TX Sender: you
	|TX Receiver: 2
	|TX Service: Message "There really is one?"
	|TX Nonce: 9
	|---------------------------------------------------
Block Validator: 1
===================================================
===================================================
Block Index: 11
Block Timestamp: UnixTime {utSeconds = 1710149900, utMicroSeconds = 178840}
Block Transactions: 
	|---------------------------------------------------
	|TX Sender: 3
	|TX Receiver: you
	|TX Service: Message "To Everything?"
	|TX Nonce: 10
	|---------------------------------------------------
	|---------------------------------------------------
	|TX Sender: 1
	|TX Receiver: 3
	|TX Service: Message "All right"
	|TX Nonce: 10
	|---------------------------------------------------
	|---------------------------------------------------
	|TX Sender: 2
	|TX Receiver: 3
	|TX Service: Message "Is..."
	|TX Nonce: 10
	|---------------------------------------------------
	|---------------------------------------------------
	|TX Sender: 5
	|TX Receiver: 2
	|TX Service: Message "There really is one?"
	|TX Nonce: 10
	|---------------------------------------------------
	|---------------------------------------------------
	|TX Sender: you
	|TX Receiver: 1
	|TX Service: Message "To Everything?"
	|TX Nonce: 10
	|---------------------------------------------------
Block Validator: 3
===================================================
===================================================
Block Index: 12
Block Timestamp: UnixTime {utSeconds = 1710149900, utMicroSeconds = 439536}
Block Transactions: 
	|---------------------------------------------------
	|TX Sender: 3
	|TX Receiver: 2
	|TX Service: Message "The Universe!"
	|TX Nonce: 11
	|---------------------------------------------------
	|---------------------------------------------------
	|TX Sender: 1
	|TX Receiver: 5
	|TX Service: Message "Yes"
	|TX Nonce: 11
	|---------------------------------------------------
	|---------------------------------------------------
	|TX Sender: 2
	|TX Receiver: 3
	|TX Service: Message "All right"
	|TX Nonce: 11
	|---------------------------------------------------
	|---------------------------------------------------
	|TX Sender: 5
	|TX Receiver: 3
	|TX Service: Message "All right"
	|TX Nonce: 11
	|---------------------------------------------------
	|---------------------------------------------------
	|TX Sender: you
	|TX Receiver: 5
	|TX Service: Message "An Answer for you?"
	|TX Nonce: 11
	|---------------------------------------------------
Block Validator: 1
===================================================
===================================================
Block Index: 13
Block Timestamp: UnixTime {utSeconds = 1710149900, utMicroSeconds = 697315}
Block Transactions: 
	|---------------------------------------------------
	|TX Sender: 3
	|TX Receiver: 2
	|TX Service: Message "This has made a lot of people very angry."
	|TX Nonce: 12
	|---------------------------------------------------
	|---------------------------------------------------
	|TX Sender: 1
	|TX Receiver: 5
	|TX Service: Message "It is a mistake to think you can solve any major problems just with potatoes."
	|TX Nonce: 12
	|---------------------------------------------------
	|---------------------------------------------------
	|TX Sender: 2
	|TX Receiver: you
	|TX Service: Message "It is a mistake to think you can solve any major problems just with potatoes."
	|TX Nonce: 12
	|---------------------------------------------------
	|---------------------------------------------------
	|TX Sender: 5
	|TX Receiver: 2
	|TX Service: Message "Everything!"
	|TX Nonce: 12
	|---------------------------------------------------
	|---------------------------------------------------
	|TX Sender: you
	|TX Receiver: 1
	|TX Service: Message "The Answer to the Great Question..."
	|TX Nonce: 12
	|---------------------------------------------------
Block Validator: 1
===================================================
===================================================
Block Index: 14
Block Timestamp: UnixTime {utSeconds = 1710149900, utMicroSeconds = 958573}
Block Transactions: 
	|---------------------------------------------------
	|TX Sender: 3
	|TX Receiver: 2
	|TX Service: Message "All right"
	|TX Nonce: 13
	|---------------------------------------------------
	|---------------------------------------------------
	|TX Sender: 2
	|TX Receiver: you
	|TX Service: Message "But look"
	|TX Nonce: 13
	|---------------------------------------------------
	|---------------------------------------------------
	|TX Sender: 1
	|TX Receiver: 5
	|TX Service: Message "Yes...!"
	|TX Nonce: 13
	|---------------------------------------------------
	|---------------------------------------------------
	|TX Sender: 5
	|TX Receiver: you
	|TX Service: Message "It is a mistake to think you can solve any major problems just with potatoes."
	|TX Nonce: 13
	|---------------------------------------------------
	|---------------------------------------------------
	|TX Sender: you
	|TX Receiver: 3
	|TX Service: Message "On display?"
	|TX Nonce: 13
	|---------------------------------------------------
Block Validator: 1
===================================================
===================================================
Block Index: 15
Block Timestamp: UnixTime {utSeconds = 1710149901, utMicroSeconds = 217510}
Block Transactions: 
	|---------------------------------------------------
	|TX Sender: 3
	|TX Receiver: 2
	|TX Service: Message "I'd far rather be happy than right any day."
	|TX Nonce: 14
	|---------------------------------------------------
	|---------------------------------------------------
	|TX Sender: 2
	|TX Receiver: 1
	|TX Service: Message "Yes"
	|TX Nonce: 14
	|---------------------------------------------------
	|---------------------------------------------------
	|TX Sender: 1
	|TX Receiver: you
	|TX Service: Message "There really is one."
	|TX Nonce: 14
	|---------------------------------------------------
	|---------------------------------------------------
	|TX Sender: 5
	|TX Receiver: you
	|TX Service: Message "To Everything?"
	|TX Nonce: 14
	|---------------------------------------------------
	|---------------------------------------------------
	|TX Sender: you
	|TX Receiver: 5
	|TX Service: Message "Though I don't think that you're going to like it"
	|TX Nonce: 14
	|---------------------------------------------------
Block Validator: 1
===================================================
===================================================
Block Index: 16
Block Timestamp: UnixTime {utSeconds = 1710149901, utMicroSeconds = 474687}
Block Transactions: 
	|---------------------------------------------------
	|TX Sender: 3
	|TX Receiver: 1
	|TX Service: Message "Is..."
	|TX Nonce: 15
	|---------------------------------------------------
	|---------------------------------------------------
	|TX Sender: 2
	|TX Receiver: you
	|TX Service: Message "This has made a lot of people very angry."
	|TX Nonce: 15
	|---------------------------------------------------
	|---------------------------------------------------
	|TX Sender: 1
	|TX Receiver: 3
	|TX Service: Message "That's the display department."
	|TX Nonce: 15
	|---------------------------------------------------
	|---------------------------------------------------
	|TX Sender: 5
	|TX Receiver: 2
	|TX Service: Message "Beware of the Leopard"
	|TX Nonce: 15
	|---------------------------------------------------
	|---------------------------------------------------
	|TX Sender: you
	|TX Receiver: 1
	|TX Service: Message "I'd far rather be happy than right any day."
	|TX Nonce: 15
	|---------------------------------------------------
Block Validator: 2
===================================================
===================================================
Block Index: 17
Block Timestamp: UnixTime {utSeconds = 1710149901, utMicroSeconds = 733188}
Block Transactions: 
	|---------------------------------------------------
	|TX Sender: 3
	|TX Receiver: 1
	|TX Service: Message "So had the stairs."
	|TX Nonce: 16
	|---------------------------------------------------
	|---------------------------------------------------
	|TX Sender: 2
	|TX Receiver: you
	|TX Service: Message "Tricky"
	|TX Nonce: 16
	|---------------------------------------------------
	|---------------------------------------------------
	|TX Sender: 1
	|TX Receiver: 5
	|TX Service: Message "Good Morning"
	|TX Nonce: 16
	|---------------------------------------------------
	|---------------------------------------------------
	|TX Sender: 5
	|TX Receiver: 3
	|TX Service: Message "Doesn't matter!"
	|TX Nonce: 16
	|---------------------------------------------------
	|---------------------------------------------------
	|TX Sender: you
	|TX Receiver: 3
	|TX Service: Message "Doesn't matter!"
	|TX Nonce: 16
	|---------------------------------------------------
Block Validator: 1
===================================================
===================================================
Block Index: 18
Block Timestamp: UnixTime {utSeconds = 1710149901, utMicroSeconds = 992006}
Block Transactions: 
	|---------------------------------------------------
	|TX Sender: 3
	|TX Receiver: 1
	|TX Service: Message "In the beginning the Universe was created."
	|TX Nonce: 17
	|---------------------------------------------------
	|---------------------------------------------------
	|TX Sender: 2
	|TX Receiver: 5
	|TX Service: Message "Good Morning"
	|TX Nonce: 17
	|---------------------------------------------------
	|---------------------------------------------------
	|TX Sender: 1
	|TX Receiver: you
	|TX Service: Message "To Everything?"
	|TX Nonce: 17
	|---------------------------------------------------
	|---------------------------------------------------
	|TX Sender: 5
	|TX Receiver: 3
	|TX Service: Message "With a flashlight."
	|TX Nonce: 17
	|---------------------------------------------------
	|---------------------------------------------------
	|TX Sender: you
	|TX Receiver: 2
	|TX Service: Message "Ah, well, the lights had probably gone."
	|TX Nonce: 17
	|---------------------------------------------------
Block Validator: 1
===================================================
===================================================
Block Index: 19
Block Timestamp: UnixTime {utSeconds = 1710149902, utMicroSeconds = 248897}
Block Transactions: 
	|---------------------------------------------------
	|TX Sender: 3
	|TX Receiver: 2
	|TX Service: Message "But the plans were on display"
	|TX Nonce: 18
	|---------------------------------------------------
	|---------------------------------------------------
	|TX Sender: 2
	|TX Receiver: 1
	|TX Service: Message "There is an answer?"
	|TX Nonce: 18
	|---------------------------------------------------
	|---------------------------------------------------
	|TX Sender: 1
	|TX Receiver: 2
	|TX Service: Message "But can you do it?"
	|TX Nonce: 18
	|---------------------------------------------------
	|---------------------------------------------------
	|TX Sender: 5
	|TX Receiver: 2
	|TX Service: Message "Nothing travels faster than the speed of light with the possible exception of bad news."
	|TX Nonce: 18
	|---------------------------------------------------
	|---------------------------------------------------
	|TX Sender: you
	|TX Receiver: 3
	|TX Service: Message "With a flashlight."
	|TX Nonce: 18
	|---------------------------------------------------
Block Validator: 1
===================================================
===================================================
Block Index: 20
Block Timestamp: UnixTime {utSeconds = 1710149902, utMicroSeconds = 506317}
Block Transactions: 
	|---------------------------------------------------
	|TX Sender: 3
	|TX Receiver: you
	|TX Service: Message "An Answer for you?"
	|TX Nonce: 19
	|---------------------------------------------------
	|---------------------------------------------------
	|TX Sender: 2
	|TX Receiver: 1
	|TX Service: Message "Forty-two"
	|TX Nonce: 19
	|---------------------------------------------------
	|---------------------------------------------------
	|TX Sender: 1
	|TX Receiver: 3
	|TX Service: Message "I'd far rather be happy than right any day."
	|TX Nonce: 19
	|---------------------------------------------------
	|---------------------------------------------------
	|TX Sender: 5
	|TX Receiver: 1
	|TX Service: Message "We want you to tell us...The Answer"
	|TX Nonce: 19
	|---------------------------------------------------
	|---------------------------------------------------
	|TX Sender: you
	|TX Receiver: 2
	|TX Service: Message "Yes...!!!...?"
	|TX Nonce: 19
	|---------------------------------------------------
Block Validator: 1
===================================================
===================================================
Block Index: 21
Block Timestamp: UnixTime {utSeconds = 1710149902, utMicroSeconds = 763103}
Block Transactions: 
	|---------------------------------------------------
	|TX Sender: 3
	|TX Receiver: 1
	|TX Service: Message "Er..good morning, O Deep Thought"
	|TX Nonce: 20
	|---------------------------------------------------
	|---------------------------------------------------
	|TX Sender: 2
	|TX Receiver: 1
	|TX Service: Message "yes I did"
	|TX Nonce: 20
	|---------------------------------------------------
	|---------------------------------------------------
	|TX Sender: 1
	|TX Receiver: 3
	|TX Service: Message "Of Life, the Universe and Everything..."
	|TX Nonce: 20
	|---------------------------------------------------
	|---------------------------------------------------
	|TX Sender: 5
	|TX Receiver: you
	|TX Service: Message "Forty-two, said Deep Thought, with infinite majesty and calm."
	|TX Nonce: 20
	|---------------------------------------------------
	|---------------------------------------------------
	|TX Sender: you
	|TX Receiver: 2
	|TX Service: Message "Life!"
	|TX Nonce: 20
	|---------------------------------------------------
Block Validator: 5
===================================================
===================================================
Block Index: 22
Block Timestamp: UnixTime {utSeconds = 1710149903, utMicroSeconds = 20258}
Block Transactions: 
	|---------------------------------------------------
	|TX Sender: 3
	|TX Receiver: you
	|TX Service: Message "Everything!"
	|TX Nonce: 21
	|---------------------------------------------------
	|---------------------------------------------------
	|TX Sender: 2
	|TX Receiver: 3
	|TX Service: Message "Beware of the Leopard"
	|TX Nonce: 21
	|---------------------------------------------------
	|---------------------------------------------------
	|TX Sender: 1
	|TX Receiver: 5
	|TX Service: Message "Is..."
	|TX Nonce: 21
	|---------------------------------------------------
	|---------------------------------------------------
	|TX Sender: 5
	|TX Receiver: 2
	|TX Service: Message "For a moment, nothing happened."
	|TX Nonce: 21
	|---------------------------------------------------
	|---------------------------------------------------
	|TX Sender: you
	|TX Receiver: 5
	|TX Service: Message "Yes."
	|TX Nonce: 21
	|---------------------------------------------------
Block Validator: 5
===================================================
===================================================
Block Index: 23
Block Timestamp: UnixTime {utSeconds = 1710149903, utMicroSeconds = 278198}
Block Transactions: 
	|---------------------------------------------------
	|TX Sender: 3
	|TX Receiver: 5
	|TX Service: Message "For a moment, nothing happened."
	|TX Nonce: 22
	|---------------------------------------------------
	|---------------------------------------------------
	|TX Sender: 2
	|TX Receiver: 1
	|TX Service: Message "do you have...er..."
	|TX Nonce: 22
	|---------------------------------------------------
	|---------------------------------------------------
	|TX Sender: 1
	|TX Receiver: 2
	|TX Service: Message "yes I did"
	|TX Nonce: 22
	|---------------------------------------------------
	|---------------------------------------------------
	|TX Sender: 5
	|TX Receiver: you
	|TX Service: Message "I eventually had to go down to the cellar to find them."
	|TX Nonce: 22
	|---------------------------------------------------
	|---------------------------------------------------
	|TX Sender: you
	|TX Receiver: 5
	|TX Service: Message "For a moment, nothing happened."
	|TX Nonce: 22
	|---------------------------------------------------
Block Validator: 1
===================================================
===================================================
Block Index: 24
Block Timestamp: UnixTime {utSeconds = 1710149903, utMicroSeconds = 535072}
Block Transactions: 
	|---------------------------------------------------
	|TX Sender: 3
	|TX Receiver: 5
	|TX Service: Message "Life!"
	|TX Nonce: 23
	|---------------------------------------------------
	|---------------------------------------------------
	|TX Sender: 2
	|TX Receiver: 5
	|TX Service: Message "But can you do it?"
	|TX Nonce: 23
	|---------------------------------------------------
	|---------------------------------------------------
	|TX Sender: 1
	|TX Receiver: 3
	|TX Service: Message "Don't panic"
	|TX Nonce: 23
	|---------------------------------------------------
	|---------------------------------------------------
	|TX Sender: 5
	|TX Receiver: 1
	|TX Service: Message "Yes"
	|TX Nonce: 23
	|---------------------------------------------------
	|---------------------------------------------------
	|TX Sender: you
	|TX Receiver: 5
	|TX Service: Message "We want you to tell us...The Answer"
	|TX Nonce: 23
	|---------------------------------------------------
Block Validator: 1
===================================================
===================================================
Block Index: 25
Block Timestamp: UnixTime {utSeconds = 1710149903, utMicroSeconds = 791955}
Block Transactions: 
	|---------------------------------------------------
	|TX Sender: 3
	|TX Receiver: 5
	|TX Service: Message "That's the display department."
	|TX Nonce: 24
	|---------------------------------------------------
	|---------------------------------------------------
	|TX Sender: 2
	|TX Receiver: 1
	|TX Service: Message "But the plans were on display"
	|TX Nonce: 24
	|---------------------------------------------------
	|---------------------------------------------------
	|TX Sender: 1
	|TX Receiver: you
	|TX Service: Message "O Deep Thought computer"
	|TX Nonce: 24
	|---------------------------------------------------
	|---------------------------------------------------
	|TX Sender: 5
	|TX Receiver: you
	|TX Service: Message "Good Morning"
	|TX Nonce: 24
	|---------------------------------------------------
	|---------------------------------------------------
	|TX Sender: you
	|TX Receiver: 1
	|TX Service: Message "The Universe!"
	|TX Nonce: 24
	|---------------------------------------------------
Block Validator: 1
===================================================
===================================================
Block Index: 26
Block Timestamp: UnixTime {utSeconds = 1710149904, utMicroSeconds = 48776}
Block Transactions: 
	|---------------------------------------------------
	|TX Sender: 3
	|TX Receiver: 1
	|TX Service: Message "There really is one?"
	|TX Nonce: 25
	|---------------------------------------------------
	|---------------------------------------------------
	|TX Sender: 2
	|TX Receiver: 1
	|TX Service: Message "Forty-two, said Deep Thought, with infinite majesty and calm."
	|TX Nonce: 25
	|---------------------------------------------------
	|---------------------------------------------------
	|TX Sender: 1
	|TX Receiver: 5
	|TX Service: Message "But the plans were on display"
	|TX Nonce: 25
	|---------------------------------------------------
	|---------------------------------------------------
	|TX Sender: 5
	|TX Receiver: 3
	|TX Service: Message "There is an answer?"
	|TX Nonce: 25
	|---------------------------------------------------
	|---------------------------------------------------
	|TX Sender: you
	|TX Receiver: 5
	|TX Service: Message "Is..."
	|TX Nonce: 25
	|---------------------------------------------------
Block Validator: 1
===================================================
===================================================
Block Index: 27
Block Timestamp: UnixTime {utSeconds = 1710149904, utMicroSeconds = 305617}
Block Transactions: 
	|---------------------------------------------------
	|TX Sender: 3
	|TX Receiver: you
	|TX Service: Message "O Deep Thought computer"
	|TX Nonce: 26
	|---------------------------------------------------
	|---------------------------------------------------
	|TX Sender: 2
	|TX Receiver: 1
	|TX Service: Message "The Answer to what?"
	|TX Nonce: 26
	|---------------------------------------------------
	|---------------------------------------------------
	|TX Sender: 1
	|TX Receiver: 2
	|TX Service: Message "The Answer to the Great Question..."
	|TX Nonce: 26
	|---------------------------------------------------
	|---------------------------------------------------
	|TX Sender: 5
	|TX Receiver: 3
	|TX Service: Message "Don't panic"
	|TX Nonce: 26
	|---------------------------------------------------
	|---------------------------------------------------
	|TX Sender: you
	|TX Receiver: 2
	|TX Service: Message "Good Morning"
	|TX Nonce: 26
	|---------------------------------------------------
Block Validator: 1
===================================================
===================================================
Block Index: 28
Block Timestamp: UnixTime {utSeconds = 1710149904, utMicroSeconds = 562441}
Block Transactions: 
	|---------------------------------------------------
	|TX Sender: 3
	|TX Receiver: you
	|TX Service: Message "Forty-two, said Deep Thought, with infinite majesty and calm."
	|TX Nonce: 27
	|---------------------------------------------------
	|---------------------------------------------------
	|TX Sender: 2
	|TX Receiver: you
	|TX Service: Message "For a moment, nothing happened."
	|TX Nonce: 27
	|---------------------------------------------------
	|---------------------------------------------------
	|TX Sender: 1
	|TX Receiver: 5
	|TX Service: Message "Life!"
	|TX Nonce: 27
	|---------------------------------------------------
	|---------------------------------------------------
	|TX Sender: 5
	|TX Receiver: you
	|TX Service: Message "Yes..."
	|TX Nonce: 27
	|---------------------------------------------------
	|---------------------------------------------------
	|TX Sender: you
	|TX Receiver: 1
	|TX Service: Message "There really is one."
	|TX Nonce: 27
	|---------------------------------------------------
Block Validator: 1
===================================================
===================================================
Block Index: 29
Block Timestamp: UnixTime {utSeconds = 1710149904, utMicroSeconds = 819704}
Block Transactions: 
	|---------------------------------------------------
	|TX Sender: 3
	|TX Receiver: 2
	|TX Service: Message "yes I did"
	|TX Nonce: 28
	|---------------------------------------------------
	|---------------------------------------------------
	|TX Sender: 2
	|TX Receiver: 5
	|TX Service: Message "Of Life, the Universe and Everything..."
	|TX Nonce: 28
	|---------------------------------------------------
	|---------------------------------------------------
	|TX Sender: 1
	|TX Receiver: 2
	|TX Service: Message "But look"
	|TX Nonce: 28
	|---------------------------------------------------
	|---------------------------------------------------
	|TX Sender: 5
	|TX Receiver: 3
	|TX Service: Message "I'd far rather be happy than right any day."
	|TX Nonce: 28
	|---------------------------------------------------
	|---------------------------------------------------
	|TX Sender: you
	|TX Receiver: 1
	|TX Service: Message "Everything!"
	|TX Nonce: 28
	|---------------------------------------------------
Block Validator: 1
===================================================
===================================================
Block Index: 30
Block Timestamp: UnixTime {utSeconds = 1710149905, utMicroSeconds = 76543}
Block Transactions: 
	|---------------------------------------------------
	|TX Sender: 3
	|TX Receiver: 5
	|TX Service: Message "There is an answer?"
	|TX Nonce: 29
	|---------------------------------------------------
	|---------------------------------------------------
	|TX Sender: 2
	|TX Receiver: you
	|TX Service: Message "We want you to tell us...The Answer"
	|TX Nonce: 29
	|---------------------------------------------------
	|---------------------------------------------------
	|TX Sender: 1
	|TX Receiver: 3
	|TX Service: Message "This has made a lot of people very angry."
	|TX Nonce: 29
	|---------------------------------------------------
	|---------------------------------------------------
	|TX Sender: 5
	|TX Receiver: 1
	|TX Service: Message "Yes."
	|TX Nonce: 29
	|---------------------------------------------------
	|---------------------------------------------------
	|TX Sender: you
	|TX Receiver: 2
	|TX Service: Message "O Deep Thought computer"
	|TX Nonce: 29
	|---------------------------------------------------
Block Validator: 5
===================================================
===================================================
Block Index: 31
Block Timestamp: UnixTime {utSeconds = 1710149905, utMicroSeconds = 333876}
Block Transactions: 
	|---------------------------------------------------
	|TX Sender: 3
	|TX Receiver: you
	|TX Service: Message "Forty-two"
	|TX Nonce: 30
	|---------------------------------------------------
	|---------------------------------------------------
	|TX Sender: 2
	|TX Receiver: 3
	|TX Service: Message "Is..."
	|TX Nonce: 30
	|---------------------------------------------------
	|---------------------------------------------------
	|TX Sender: 1
	|TX Receiver: 2
	|TX Service: Message "The Universe!"
	|TX Nonce: 30
	|---------------------------------------------------
	|---------------------------------------------------
	|TX Sender: 5
	|TX Receiver: 3
	|TX Service: Message "Of Life, the Universe and Everything..."
	|TX Nonce: 30
	|---------------------------------------------------
	|---------------------------------------------------
	|TX Sender: you
	|TX Receiver: 3
	|TX Service: Message "Yes..."
	|TX Nonce: 30
	|---------------------------------------------------
Block Validator: 1
===================================================
===================================================
Block Index: 32
Block Timestamp: UnixTime {utSeconds = 1710149905, utMicroSeconds = 591379}
Block Transactions: 
	|---------------------------------------------------
	|TX Sender: 3
	|TX Receiver: you
	|TX Service: Message "Though I don't think that you're going to like it"
	|TX Nonce: 31
	|---------------------------------------------------
	|---------------------------------------------------
	|TX Sender: 5
	|TX Receiver: 1
	|TX Service: Message "The Universe!"
	|TX Nonce: 31
	|---------------------------------------------------
	|---------------------------------------------------
	|TX Sender: 2
	|TX Receiver: you
	|TX Service: Message "I'd far rather be happy than right any day."
	|TX Nonce: 31
	|---------------------------------------------------
	|---------------------------------------------------
	|TX Sender: 1
	|TX Receiver: 3
	|TX Service: Message "Is..."
	|TX Nonce: 31
	|---------------------------------------------------
	|---------------------------------------------------
	|TX Sender: you
	|TX Receiver: 5
	|TX Service: Message "The Answer to what?"
	|TX Nonce: 31
	|---------------------------------------------------
Block Validator: 1
===================================================
===================================================
Block Index: 33
Block Timestamp: UnixTime {utSeconds = 1710149905, utMicroSeconds = 849925}
Block Transactions: 
	|---------------------------------------------------
	|TX Sender: 3
	|TX Receiver: 2
	|TX Service: Message "The Answer to what?"
	|TX Nonce: 32
	|---------------------------------------------------
	|---------------------------------------------------
	|TX Sender: 5
	|TX Receiver: 3
	|TX Service: Message "Lunchtime doubly so."
	|TX Nonce: 32
	|---------------------------------------------------
	|---------------------------------------------------
	|TX Sender: 2
	|TX Receiver: you
	|TX Service: Message "Life!"
	|TX Nonce: 32
	|---------------------------------------------------
	|---------------------------------------------------
	|TX Sender: 1
	|TX Receiver: 2
	|TX Service: Message "The Answer to what?"
	|TX Nonce: 32
	|---------------------------------------------------
	|---------------------------------------------------
	|TX Sender: you
	|TX Receiver: 5
	|TX Service: Message "Forty-two"
	|TX Nonce: 32
	|---------------------------------------------------
Block Validator: 5
===================================================
===================================================
Block Index: 34
Block Timestamp: UnixTime {utSeconds = 1710149906, utMicroSeconds = 108275}
Block Transactions: 
	|---------------------------------------------------
	|TX Sender: 3
	|TX Receiver: 2
	|TX Service: Message "Yes..."
	|TX Nonce: 33
	|---------------------------------------------------
	|---------------------------------------------------
	|TX Sender: 2
	|TX Receiver: 3
	|TX Service: Message "With a flashlight."
	|TX Nonce: 33
	|---------------------------------------------------
	|---------------------------------------------------
	|TX Sender: 5
	|TX Receiver: 2
	|TX Service: Message "That's the display department."
	|TX Nonce: 33
	|---------------------------------------------------
	|---------------------------------------------------
	|TX Sender: you
	|TX Receiver: 2
	|TX Service: Message "It is a mistake to think you can solve any major problems just with potatoes."
	|TX Nonce: 33
	|---------------------------------------------------
	|---------------------------------------------------
	|TX Sender: 1
	|TX Receiver: 5
	|TX Service: Message "It is a mistake to think you can solve any major problems just with potatoes."
	|TX Nonce: 33
	|---------------------------------------------------
Block Validator: 3
===================================================
===================================================
Block Index: 35
Block Timestamp: UnixTime {utSeconds = 1710149906, utMicroSeconds = 366844}
Block Transactions: 
	|---------------------------------------------------
	|TX Sender: 3
	|TX Receiver: 1
	|TX Service: Message "Yes...!"
	|TX Nonce: 34
	|---------------------------------------------------
	|---------------------------------------------------
	|TX Sender: 2
	|TX Receiver: 5
	|TX Service: Message "Time is an illusion."
	|TX Nonce: 34
	|---------------------------------------------------
	|---------------------------------------------------
	|TX Sender: 5
	|TX Receiver: you
	|TX Service: Message "There really is one?"
	|TX Nonce: 34
	|---------------------------------------------------
	|---------------------------------------------------
	|TX Sender: you
	|TX Receiver: 5
	|TX Service: Message "do you have...er..."
	|TX Nonce: 34
	|---------------------------------------------------
	|---------------------------------------------------
	|TX Sender: 1
	|TX Receiver: 2
	|TX Service: Message "With a flashlight."
	|TX Nonce: 34
	|---------------------------------------------------
Block Validator: 1
===================================================
===================================================
Block Index: 36
Block Timestamp: UnixTime {utSeconds = 1710149906, utMicroSeconds = 624942}
Block Transactions: 
	|---------------------------------------------------
	|TX Sender: 3
	|TX Receiver: 1
	|TX Service: Message "This has made a lot of people very angry."
	|TX Nonce: 35
	|---------------------------------------------------
	|---------------------------------------------------
	|TX Sender: 5
	|TX Receiver: 3
	|TX Service: Message "All right"
	|TX Nonce: 35
	|---------------------------------------------------
	|---------------------------------------------------
	|TX Sender: 2
	|TX Receiver: 5
	|TX Service: Message "There really is one."
	|TX Nonce: 35
	|---------------------------------------------------
	|---------------------------------------------------
	|TX Sender: you
	|TX Receiver: 5
	|TX Service: Message "That's the display department."
	|TX Nonce: 35
	|---------------------------------------------------
	|---------------------------------------------------
	|TX Sender: 1
	|TX Receiver: 5
	|TX Service: Message "That's the display department."
	|TX Nonce: 35
	|---------------------------------------------------
Block Validator: you
===================================================
===================================================
Block Index: 37
Block Timestamp: UnixTime {utSeconds = 1710149906, utMicroSeconds = 883526}
Block Transactions: 
	|---------------------------------------------------
	|TX Sender: 3
	|TX Receiver: you
	|TX Service: Message "I'd far rather be happy than right any day."
	|TX Nonce: 36
	|---------------------------------------------------
	|---------------------------------------------------
	|TX Sender: 5
	|TX Receiver: you
	|TX Service: Message "On display?"
	|TX Nonce: 36
	|---------------------------------------------------
	|---------------------------------------------------
	|TX Sender: 2
	|TX Receiver: 3
	|TX Service: Message "Ah, well, the lights had probably gone."
	|TX Nonce: 36
	|---------------------------------------------------
	|---------------------------------------------------
	|TX Sender: you
	|TX Receiver: 1
	|TX Service: Message "This has made a lot of people very angry."
	|TX Nonce: 36
	|---------------------------------------------------
	|---------------------------------------------------
	|TX Sender: 1
	|TX Receiver: 5
	|TX Service: Message "There really is one?"
	|TX Nonce: 36
	|---------------------------------------------------
Block Validator: 1
===================================================
===================================================
Block Index: 38
Block Timestamp: UnixTime {utSeconds = 1710149907, utMicroSeconds = 141608}
Block Transactions: 
	|---------------------------------------------------
	|TX Sender: 3
	|TX Receiver: you
	|TX Service: Message "Yes"
	|TX Nonce: 37
	|---------------------------------------------------
	|---------------------------------------------------
	|TX Sender: 5
	|TX Receiver: 1
	|TX Service: Message "To Everything?"
	|TX Nonce: 37
	|---------------------------------------------------
	|---------------------------------------------------
	|TX Sender: 2
	|TX Receiver: 3
	|TX Service: Message "Yes...!"
	|TX Nonce: 37
	|---------------------------------------------------
	|---------------------------------------------------
	|TX Sender: 1
	|TX Receiver: 5
	|TX Service: Message "Good Morning"
	|TX Nonce: 37
	|---------------------------------------------------
	|---------------------------------------------------
	|TX Sender: you
	|TX Receiver: 5
	|TX Service: Message "There really is one?"
	|TX Nonce: 37
	|---------------------------------------------------
Block Validator: 5
===================================================
===================================================
Block Index: 39
Block Timestamp: UnixTime {utSeconds = 1710149907, utMicroSeconds = 401637}
Block Transactions: 
	|---------------------------------------------------
	|TX Sender: 3
	|TX Receiver: 2
	|TX Service: Message "On display?"
	|TX Nonce: 38
	|---------------------------------------------------
	|---------------------------------------------------
	|TX Sender: 5
	|TX Receiver: you
	|TX Service: Message "There really is one."
	|TX Nonce: 38
	|---------------------------------------------------
	|---------------------------------------------------
	|TX Sender: 2
	|TX Receiver: 5
	|TX Service: Message "Lunchtime doubly so."
	|TX Nonce: 38
	|---------------------------------------------------
	|---------------------------------------------------
	|TX Sender: 1
	|TX Receiver: 5
	|TX Service: Message "Yes..."
	|TX Nonce: 38
	|---------------------------------------------------
	|---------------------------------------------------
	|TX Sender: you
	|TX Receiver: 3
	|TX Service: Message "To Everything?"
	|TX Nonce: 38
	|---------------------------------------------------
Block Validator: 1
===================================================
===================================================
Block Index: 40
Block Timestamp: UnixTime {utSeconds = 1710149907, utMicroSeconds = 658705}
Block Transactions: 
	|---------------------------------------------------
	|TX Sender: 3
	|TX Receiver: you
	|TX Service: Message "But can you do it?"
	|TX Nonce: 39
	|---------------------------------------------------
	|---------------------------------------------------
	|TX Sender: 5
	|TX Receiver: you
	|TX Service: Message "The Answer to what?"
	|TX Nonce: 39
	|---------------------------------------------------
	|---------------------------------------------------
	|TX Sender: 2
	|TX Receiver: you
	|TX Service: Message "Is..."
	|TX Nonce: 39
	|---------------------------------------------------
	|---------------------------------------------------
	|TX Sender: 1
	|TX Receiver: you
	|TX Service: Message "To Everything?"
	|TX Nonce: 39
	|---------------------------------------------------
	|---------------------------------------------------
	|TX Sender: you
	|TX Receiver: 2
	|TX Service: Message "Doesn't matter!"
	|TX Nonce: 39
	|---------------------------------------------------
Block Validator: 1
===================================================
===================================================
Block Index: 41
Block Timestamp: UnixTime {utSeconds = 1710149907, utMicroSeconds = 919294}
Block Transactions: 
	|---------------------------------------------------
	|TX Sender: 3
	|TX Receiver: you
	|TX Service: Message "Is..."
	|TX Nonce: 40
	|---------------------------------------------------
	|---------------------------------------------------
	|TX Sender: 5
	|TX Receiver: 2
	|TX Service: Message "Beware of the Leopard"
	|TX Nonce: 40
	|---------------------------------------------------
	|---------------------------------------------------
	|TX Sender: 2
	|TX Receiver: you
	|TX Service: Message "All right"
	|TX Nonce: 40
	|---------------------------------------------------
	|---------------------------------------------------
	|TX Sender: 1
	|TX Receiver: 2
	|TX Service: Message "An Answer for you?"
	|TX Nonce: 40
	|---------------------------------------------------
	|---------------------------------------------------
	|TX Sender: you
	|TX Receiver: 5
	|TX Service: Message "All right"
	|TX Nonce: 40
	|---------------------------------------------------
Block Validator: 1
===================================================
===================================================
Block Index: 42
Block Timestamp: UnixTime {utSeconds = 1710149908, utMicroSeconds = 176049}
Block Transactions: 
	|---------------------------------------------------
	|TX Sender: 3
	|TX Receiver: you
	|TX Service: Message "Is..."
	|TX Nonce: 41
	|---------------------------------------------------
	|---------------------------------------------------
	|TX Sender: 5
	|TX Receiver: 3
	|TX Service: Message "Doesn't matter!"
	|TX Nonce: 41
	|---------------------------------------------------
	|---------------------------------------------------
	|TX Sender: 2
	|TX Receiver: 1
	|TX Service: Message "Nothing travels faster than the speed of light with the possible exception of bad news."
	|TX Nonce: 41
	|---------------------------------------------------
	|---------------------------------------------------
	|TX Sender: 1
	|TX Receiver: 5
	|TX Service: Message "Of Life, the Universe and Everything..."
	|TX Nonce: 41
	|---------------------------------------------------
	|---------------------------------------------------
	|TX Sender: you
	|TX Receiver: 1
	|TX Service: Message "Is..."
	|TX Nonce: 41
	|---------------------------------------------------
Block Validator: 1
===================================================
===================================================
Block Index: 43
Block Timestamp: UnixTime {utSeconds = 1710149908, utMicroSeconds = 437367}
Block Transactions: 
	|---------------------------------------------------
	|TX Sender: 3
	|TX Receiver: you
	|TX Service: Message "Don't panic"
	|TX Nonce: 42
	|---------------------------------------------------
	|---------------------------------------------------
	|TX Sender: 5
	|TX Receiver: 3
	|TX Service: Message "But can you do it?"
	|TX Nonce: 42
	|---------------------------------------------------
	|---------------------------------------------------
	|TX Sender: 2
	|TX Receiver: 3
	|TX Service: Message "Good Morning"
	|TX Nonce: 42
	|---------------------------------------------------
	|---------------------------------------------------
	|TX Sender: 1
	|TX Receiver: 3
	|TX Service: Message "For a moment, nothing happened."
	|TX Nonce: 42
	|---------------------------------------------------
	|---------------------------------------------------
	|TX Sender: you
	|TX Receiver: 3
	|TX Service: Message "Yes"
	|TX Nonce: 42
	|---------------------------------------------------
Block Validator: 1
===================================================
===================================================
Block Index: 44
Block Timestamp: UnixTime {utSeconds = 1710149908, utMicroSeconds = 925563}
Block Transactions: 
	|---------------------------------------------------
	|TX Sender: 3
	|TX Receiver: you
	|TX Service: Message "So had the stairs."
	|TX Nonce: 43
	|---------------------------------------------------
	|---------------------------------------------------
	|TX Sender: 5
	|TX Receiver: you
	|TX Service: Message "Er..good morning, O Deep Thought"
	|TX Nonce: 43
	|---------------------------------------------------
	|---------------------------------------------------
	|TX Sender: 1
	|TX Receiver: you
	|TX Service: Message "Nothing travels faster than the speed of light with the possible exception of bad news."
	|TX Nonce: 43
	|---------------------------------------------------
	|---------------------------------------------------
	|TX Sender: you
	|TX Receiver: 3
	|TX Service: Message "But look"
	|TX Nonce: 43
	|---------------------------------------------------
	|---------------------------------------------------
	|TX Sender: 3
	|TX Receiver: you
	|TX Service: Message "An Answer for you?"
	|TX Nonce: 44
	|---------------------------------------------------
Block Validator: 1
===================================================
===================================================
Block Index: 45
Block Timestamp: UnixTime {utSeconds = 1710149909, utMicroSeconds = 955293}
Block Transactions: 
	|---------------------------------------------------
	|TX Sender: 3
	|TX Receiver: 1
	|TX Service: Message "do you have...er..."
	|TX Nonce: 46
	|---------------------------------------------------
	|---------------------------------------------------
	|TX Sender: you
	|TX Receiver: 1
	|TX Service: Message "Life!"
	|TX Nonce: 46
	|---------------------------------------------------
	|---------------------------------------------------
	|TX Sender: 3
	|TX Receiver: 2
	|TX Service: Message "Ah, well, the lights had probably gone."
	|TX Nonce: 47
	|---------------------------------------------------
	|---------------------------------------------------
	|TX Sender: you
	|TX Receiver: 2
	|TX Service: Message "Yes."
	|TX Nonce: 47
	|---------------------------------------------------
	|---------------------------------------------------
	|TX Sender: 3
	|TX Receiver: 5
	|TX Service: Message "Lunchtime doubly so."
	|TX Nonce: 48
	|---------------------------------------------------
Block Validator: 3
===================================================
===================================================
Block Index: 46
Block Timestamp: UnixTime {utSeconds = 1710149910, utMicroSeconds = 225026}
Block Transactions: 
	|---------------------------------------------------
	|TX Sender: 2
	|TX Receiver: 1
	|TX Service: Message "Of Life, the Universe and Everything..."
	|TX Nonce: 47
	|---------------------------------------------------
	|---------------------------------------------------
	|TX Sender: 5
	|TX Receiver: 1
	|TX Service: Message "Yes"
	|TX Nonce: 48
	|---------------------------------------------------
	|---------------------------------------------------
	|TX Sender: 2
	|TX Receiver: 5
	|TX Service: Message "We want you to tell us...The Answer"
	|TX Nonce: 48
	|---------------------------------------------------
	|---------------------------------------------------
	|TX Sender: you
	|TX Receiver: 1
	|TX Service: Message "yes I did"
	|TX Nonce: 48
	|---------------------------------------------------
	|---------------------------------------------------
	|TX Sender: 2
	|TX Receiver: you
	|TX Service: Message "Is..."
	|TX Nonce: 49
	|---------------------------------------------------
Block Validator: 2
===================================================
> 200.70000000000005
> Exiting...
