My id is: 3
Welcome to (the s)hell!
Type 'help' to ask for help.
> Staking 10.0
> Loading transactions from input10/trans3.txt
Sending Message "Nothing travels faster than the speed of light with the possible exception of bad news." to 7
Sending Message "It is a mistake to think you can solve any major problems just with potatoes." to 8
Sending Message "Forty-two, said Deep Thought, with infinite majesty and calm." to 2
Sending Message "There really is one." to 4
Sending Message "yes I did" to 10
Sending Message "There is an answer?" to 4
Sending Message "Forty-two" to 4
Sending Message "With a flashlight." to 4
Sending Message "Though I don't think that you're going to like it" to 6
Sending Message "Good Morning" to 10
Sending Message "The Answer to what?" to 7
Sending Message "Yes..." to 2
Sending Message "Of Life, the Universe and Everything..." to 1
Sending Message "Tricky" to 2
Sending Message "To Everything?" to 4
Sending Message "Yes...!!!...?" to 6
Sending Message "The Universe!" to 2
Sending Message "Yes." to 10
Sending Message "Yes...!" to 8
Sending Message "Time is an illusion." to 7
Sending Message "This has made a lot of people very angry." to 2
Sending Message "Yes" to 9
Sending Message "All right" to 2
Sending Message "I'd far rather be happy than right any day." to 2
Sending Message "Yes" to 6
Sending Message "On display?" to 6
Sending Message "Doesn't matter!" to 8
Sending Message "But can you do it?" to 10
Sending Message "Is..." to 1
Sending Message "Is..." to 10
Sending Message "Don't panic" to 9
Sending Message "So had the stairs." to 1
Sending Message "In the beginning the Universe was created." to 1
Sending Message "But look" to 8
Sending Message "But the plans were on display" to 2
Sending Message "I eventually had to go down to the cellar to find them." to 8
Sending Message "An Answer for you?" to 4
Sending Message "The Answer to the Great Question..." to 9
Sending Message "We want you to tell us...The Answer" to 10
Sending Message "Er..good morning, O Deep Thought" to 1
Sending Message "do you have...er..." to 10
Sending Message "Beware of the Leopard" to 6
Sending Message "Everything!" to 4
Sending Message "For a moment, nothing happened." to 5
Sending Message "Ah, well, the lights had probably gone." to 9
Sending Message "Life!" to 5
Sending Message "Lunchtime doubly so." to 7
Sending Message "That's the display department." to 5
Sending Message "There really is one?" to 1
Sending Message "O Deep Thought computer" to 4
Sending Message "Nothing travels faster than the speed of light with the possible exception of bad news." to 7
Sending Message "It is a mistake to think you can solve any major problems just with potatoes." to 7
Sending Message "Forty-two, said Deep Thought, with infinite majesty and calm." to 4
Sending Message "There really is one." to 7
Sending Message "yes I did" to 2
Sending Message "There is an answer?" to 5
Sending Message "Forty-two" to 4
Sending Message "With a flashlight." to 8
Sending Message "Though I don't think that you're going to like it" to 4
Sending Message "Good Morning" to 6
Sending Message "The Answer to what?" to 2
Sending Message "Yes..." to 2
Sending Message "Of Life, the Universe and Everything..." to 10
Sending Message "Tricky" to 7
Sending Message "To Everything?" to 9
Sending Message "Yes...!!!...?" to 6
Sending Message "The Universe!" to 8
Sending Message "Yes." to 9
Sending Message "Yes...!" to 1
Sending Message "Time is an illusion." to 6
Sending Message "This has made a lot of people very angry." to 1
Sending Message "Yes" to 9
Sending Message "All right" to 9
Sending Message "I'd far rather be happy than right any day." to 4
Sending Message "Yes" to 4
Sending Message "On display?" to 2
Sending Message "Doesn't matter!" to 7
Sending Message "But can you do it?" to 4
Sending Message "Is..." to 4
Sending Message "Is..." to 4
Sending Message "Don't panic" to 4
Sending Message "So had the stairs." to 4
Sending Message "In the beginning the Universe was created." to 7
Sending Message "But look" to 6
Sending Message "But the plans were on display" to 8
Sending Message "I eventually had to go down to the cellar to find them." to 8
Sending Message "An Answer for you?" to 4
Sending Message "The Answer to the Great Question..." to 10
Sending Message "We want you to tell us...The Answer" to 4
Sending Message "Er..good morning, O Deep Thought" to 8
Sending Message "do you have...er..." to 1
Sending Message "Beware of the Leopard" to 6
Sending Message "Everything!" to 8
Sending Message "For a moment, nothing happened." to 7
Sending Message "Ah, well, the lights had probably gone." to 2
Sending Message "Life!" to 9
Sending Message "Lunchtime doubly so." to 5
Sending Message "That's the display department." to 7
Sending Message "There really is one?" to 8
Sending Message "O Deep Thought computer" to 5
> ===================================================
Block Index: 1
Block Timestamp: UnixTime {utSeconds = 1709919146, utMicroSeconds = 186192}
Block Transactions: 
	|---------------------------------------------------
	|TX Sender: genesis
	|TX Receiver: bootstrap
	|TX Service: Coins 10000.0
	|TX Nonce: 1
	|---------------------------------------------------
Block Validator: genesis
===================================================
> Exiting...
