My id is: 5
Welcome to (the s)hell!
Type 'help' to ask for help.
> Staking 10.0
> Loading transactions from input10/trans5.txt
Sending Message "In the beginning the Universe was created." to 2
Sending Message "Don't panic" to 3
Sending Message "Yes..." to 2
Sending Message "I'd far rather be happy than right any day." to 6
Sending Message "Tricky" to 3
Sending Message "Yes." to 6
Sending Message "Of Life, the Universe and Everything..." to 6
Sending Message "This has made a lot of people very angry." to 6
Sending Message "Yes...!" to 4
Sending Message "The Universe!" to 1
Sending Message "Lunchtime doubly so." to 7
Sending Message "But look" to 4
Sending Message "That's the display department." to 2
Sending Message "Is..." to 6
Sending Message "There really is one?" to 2
Sending Message "All right" to 3
Sending Message "Everything!" to 2
Sending Message "do you have...er..." to 10
Sending Message "On display?" to 9
Sending Message "The Answer to the Great Question..." to 7
Sending Message "It is a mistake to think you can solve any major problems just with potatoes." to 4
Sending Message "To Everything?" to 4
Sending Message "Is..." to 10
Sending Message "There really is one." to 6
Sending Message "So had the stairs." to 8
Sending Message "Life!" to 7
Sending Message "Though I don't think that you're going to like it" to 10
Sending Message "The Answer to what?" to 6
Sending Message "Beware of the Leopard" to 2
Sending Message "Doesn't matter!" to 3
Sending Message "But can you do it?" to 9
Sending Message "Er..good morning, O Deep Thought" to 6
Sending Message "Yes...!!!...?" to 7
Sending Message "With a flashlight." to 3
Sending Message "Nothing travels faster than the speed of light with the possible exception of bad news." to 2
Sending Message "We want you to tell us...The Answer" to 1
Sending Message "Forty-two, said Deep Thought, with infinite majesty and calm." to 4
Sending Message "An Answer for you?" to 8
Sending Message "O Deep Thought computer" to 6
Sending Message "For a moment, nothing happened." to 2
Sending Message "Yes" to 10
Sending Message "I eventually had to go down to the cellar to find them." to 4
Sending Message "Yes" to 1
Sending Message "yes I did" to 9
Sending Message "Ah, well, the lights had probably gone." to 6
Sending Message "Good Morning" to 4
Sending Message "Time is an illusion." to 6
Sending Message "There is an answer?" to 3
Sending Message "But the plans were on display" to 6
Sending Message "Forty-two" to 6
Sending Message "In the beginning the Universe was created." to 10
Sending Message "Don't panic" to 3
Sending Message "Yes..." to 4
Sending Message "I'd far rather be happy than right any day." to 3
Sending Message "Tricky" to 8
Sending Message "Yes." to 1
Sending Message "Of Life, the Universe and Everything..." to 3
Sending Message "This has made a lot of people very angry." to 7
Sending Message "Yes...!" to 8
Sending Message "The Universe!" to 1
Sending Message "Lunchtime doubly so." to 3
Sending Message "But look" to 8
Sending Message "That's the display department." to 2
Sending Message "Is..." to 9
Sending Message "There really is one?" to 4
Sending Message "All right" to 3
Sending Message "Everything!" to 9
Sending Message "do you have...er..." to 6
Sending Message "On display?" to 4
Sending Message "The Answer to the Great Question..." to 6
Sending Message "It is a mistake to think you can solve any major problems just with potatoes." to 6
Sending Message "To Everything?" to 1
Sending Message "Is..." to 7
Sending Message "There really is one." to 4
Sending Message "So had the stairs." to 9
Sending Message "Life!" to 9
Sending Message "Though I don't think that you're going to like it" to 8
Sending Message "The Answer to what?" to 4
Sending Message "Beware of the Leopard" to 2
Sending Message "Doesn't matter!" to 3
Sending Message "But can you do it?" to 3
Sending Message "Er..good morning, O Deep Thought" to 4
Sending Message "Yes...!!!...?" to 8
Sending Message "With a flashlight." to 10
Sending Message "Nothing travels faster than the speed of light with the possible exception of bad news." to 4
Sending Message "We want you to tell us...The Answer" to 8
Sending Message "Forty-two, said Deep Thought, with infinite majesty and calm." to 7
Sending Message "An Answer for you?" to 8
Sending Message "O Deep Thought computer" to 4
Sending Message "For a moment, nothing happened." to 4
Sending Message "Yes" to 9
Sending Message "I eventually had to go down to the cellar to find them." to 4
Sending Message "Yes" to 1
Sending Message "yes I did" to 7
Sending Message "Ah, well, the lights had probably gone." to 1
Sending Message "Good Morning" to 8
Sending Message "Time is an illusion." to 10
Sending Message "There is an answer?" to 8
Sending Message "But the plans were on display" to 7
Sending Message "Forty-two" to 2
> ===================================================
Block Index: 1
Block Timestamp: UnixTime {utSeconds = 1709899605, utMicroSeconds = 861242}
Block Transactions: 
	|---------------------------------------------------
	|TX Sender: genesis
	|TX Receiver: bootstrap
	|TX Service: Coins 10000.0
	|TX Nonce: 1
	|---------------------------------------------------
Block Validator: genesis
===================================================
===================================================
Block Index: 2
Block Timestamp: UnixTime {utSeconds = 1709899606, utMicroSeconds = 121923}
Block Transactions: 
	|---------------------------------------------------
	|TX Sender: 3
	|TX Receiver: stake
	|TX Service: Coins 10.0
	|TX Nonce: 1
	|---------------------------------------------------
	|---------------------------------------------------
	|TX Sender: 2
	|TX Receiver: stake
	|TX Service: Coins 10.0
	|TX Nonce: 1
	|---------------------------------------------------
	|---------------------------------------------------
	|TX Sender: 7
	|TX Receiver: stake
	|TX Service: Coins 10.0
	|TX Nonce: 1
	|---------------------------------------------------
	|---------------------------------------------------
	|TX Sender: 4
	|TX Receiver: stake
	|TX Service: Coins 10.0
	|TX Nonce: 1
	|---------------------------------------------------
	|---------------------------------------------------
	|TX Sender: 8
	|TX Receiver: stake
	|TX Service: Coins 10.0
	|TX Nonce: 1
	|---------------------------------------------------
Block Validator: 3
===================================================
===================================================
Block Index: 3
Block Timestamp: UnixTime {utSeconds = 1709899606, utMicroSeconds = 139964}
Block Transactions: 
	|---------------------------------------------------
	|TX Sender: 6
	|TX Receiver: stake
	|TX Service: Coins 10.0
	|TX Nonce: 1
	|---------------------------------------------------
	|---------------------------------------------------
	|TX Sender: 10
	|TX Receiver: stake
	|TX Service: Coins 10.0
	|TX Nonce: 1
	|---------------------------------------------------
	|---------------------------------------------------
	|TX Sender: you
	|TX Receiver: stake
	|TX Service: Coins 10.0
	|TX Nonce: 1
	|---------------------------------------------------
	|---------------------------------------------------
	|TX Sender: 3
	|TX Receiver: 7
	|TX Service: Message "Nothing travels faster than the speed of light with the possible exception of bad news."
	|TX Nonce: 2
	|---------------------------------------------------
	|---------------------------------------------------
	|TX Sender: 4
	|TX Receiver: 10
	|TX Service: Message "But the plans were on display"
	|TX Nonce: 2
	|---------------------------------------------------
Block Validator: 6
===================================================
> Exiting...
