My id is: 7
Welcome to (the s)hell!
Type 'help' to ask for help.
> Staking 10.0
> Loading transactions from input10/trans7.txt
Sending Message "All right" to 6
Sending Message "It is a mistake to think you can solve any major problems just with potatoes." to 6
Sending Message "Good Morning" to 5
Sending Message "Forty-two" to 4
Sending Message "An Answer for you?" to 8
Sending Message "But the plans were on display" to 8
Sending Message "There really is one." to 8
Sending Message "But can you do it?" to 5
Sending Message "Lunchtime doubly so." to 8
Sending Message "yes I did" to 8
Sending Message "In the beginning the Universe was created." to 2
Sending Message "So had the stairs." to 5
Sending Message "The Universe!" to 2
Sending Message "With a flashlight." to 10
Sending Message "Beware of the Leopard" to 3
Sending Message "Yes" to 9
Sending Message "Doesn't matter!" to 1
Sending Message "Is..." to 8
Sending Message "Yes...!!!...?" to 1
Sending Message "Of Life, the Universe and Everything..." to 10
Sending Message "Nothing travels faster than the speed of light with the possible exception of bad news." to 1
Sending Message "But look" to 10
Sending Message "There is an answer?" to 6
Sending Message "To Everything?" to 3
Sending Message "On display?" to 9
Sending Message "Yes" to 10
Sending Message "That's the display department." to 9
Sending Message "Time is an illusion." to 4
Sending Message "Don't panic" to 3
Sending Message "Yes...!" to 3
Sending Message "Though I don't think that you're going to like it" to 6
Sending Message "Forty-two, said Deep Thought, with infinite majesty and calm." to 9
Sending Message "Tricky" to 10
Sending Message "Er..good morning, O Deep Thought" to 8
Sending Message "Is..." to 4
Sending Message "I eventually had to go down to the cellar to find them." to 5
Sending Message "Life!" to 5
Sending Message "do you have...er..." to 2
Sending Message "This has made a lot of people very angry." to 9
Sending Message "There really is one?" to 10
Sending Message "I'd far rather be happy than right any day." to 2
Sending Message "Yes..." to 10
Sending Message "Everything!" to 5
Sending Message "For a moment, nothing happened." to 2
Sending Message "O Deep Thought computer" to 3
Sending Message "The Answer to what?" to 8
Sending Message "Ah, well, the lights had probably gone." to 4
Sending Message "The Answer to the Great Question..." to 10
Sending Message "We want you to tell us...The Answer" to 6
Sending Message "Yes." to 8
Sending Message "All right" to 3
Sending Message "It is a mistake to think you can solve any major problems just with potatoes." to 5
Sending Message "Good Morning" to 9
Sending Message "Forty-two" to 9
Sending Message "An Answer for you?" to 1
Sending Message "But the plans were on display" to 1
Sending Message "There really is one." to 9
Sending Message "But can you do it?" to 5
Sending Message "Lunchtime doubly so." to 5
Sending Message "yes I did" to 8
Sending Message "In the beginning the Universe was created." to 10
Sending Message "So had the stairs." to 4
Sending Message "The Universe!" to 3
Sending Message "With a flashlight." to 2
Sending Message "Beware of the Leopard" to 5
Sending Message "Yes" to 4
Sending Message "Doesn't matter!" to 3
Sending Message "Is..." to 6
Sending Message "Yes...!!!...?" to 4
Sending Message "Of Life, the Universe and Everything..." to 1
Sending Message "Nothing travels faster than the speed of light with the possible exception of bad news." to 8
Sending Message "But look" to 10
Sending Message "There is an answer?" to 3
Sending Message "To Everything?" to 8
Sending Message "On display?" to 8
Sending Message "Yes" to 4
Sending Message "That's the display department." to 4
Sending Message "Time is an illusion." to 9
Sending Message "Don't panic" to 8
Sending Message "Yes...!" to 10
Sending Message "Though I don't think that you're going to like it" to 1
Sending Message "Forty-two, said Deep Thought, with infinite majesty and calm." to 4
Sending Message "Tricky" to 2
Sending Message "Er..good morning, O Deep Thought" to 5
Sending Message "Is..." to 9
Sending Message "I eventually had to go down to the cellar to find them." to 9
Sending Message "Life!" to 10
Sending Message "do you have...er..." to 10
Sending Message "This has made a lot of people very angry." to 5
Sending Message "There really is one?" to 9
Sending Message "I'd far rather be happy than right any day." to 4
Sending Message "Yes..." to 2
Sending Message "Everything!" to 9
Sending Message "For a moment, nothing happened." to 4
Sending Message "O Deep Thought computer" to 2
Sending Message "The Answer to what?" to 9
Sending Message "Ah, well, the lights had probably gone." to 6
Sending Message "The Answer to the Great Question..." to 10
Sending Message "We want you to tell us...The Answer" to 2
Sending Message "Yes." to 1
> ===================================================
Block Index: 1
Block Timestamp: UnixTime {utSeconds = 1709901792, utMicroSeconds = 275178}
Block Transactions: 
	|---------------------------------------------------
	|TX Sender: genesis
	|TX Receiver: bootstrap
	|TX Service: Coins 10000.0
	|TX Nonce: 1
	|---------------------------------------------------
Block Validator: genesis
===================================================
===================================================
Block Index: 2
Block Timestamp: UnixTime {utSeconds = 1709901792, utMicroSeconds = 805511}
Block Transactions: 
	|---------------------------------------------------
	|TX Sender: 2
	|TX Receiver: stake
	|TX Service: Coins 10.0
	|TX Nonce: 1
	|---------------------------------------------------
	|---------------------------------------------------
	|TX Sender: 1
	|TX Receiver: stake
	|TX Service: Coins 10.0
	|TX Nonce: 1
	|---------------------------------------------------
	|---------------------------------------------------
	|TX Sender: 4
	|TX Receiver: stake
	|TX Service: Coins 10.0
	|TX Nonce: 1
	|---------------------------------------------------
	|---------------------------------------------------
	|TX Sender: 10
	|TX Receiver: stake
	|TX Service: Coins 10.0
	|TX Nonce: 1
	|---------------------------------------------------
	|---------------------------------------------------
	|TX Sender: 5
	|TX Receiver: stake
	|TX Service: Coins 10.0
	|TX Nonce: 1
	|---------------------------------------------------
Block Validator: 5
===================================================
===================================================
Block Index: 3
Block Timestamp: UnixTime {utSeconds = 1709901792, utMicroSeconds = 833851}
Block Transactions: 
	|---------------------------------------------------
	|TX Sender: 3
	|TX Receiver: stake
	|TX Service: Coins 10.0
	|TX Nonce: 1
	|---------------------------------------------------
	|---------------------------------------------------
	|TX Sender: you
	|TX Receiver: stake
	|TX Service: Coins 10.0
	|TX Nonce: 1
	|---------------------------------------------------
	|---------------------------------------------------
	|TX Sender: 10
	|TX Receiver: 3
	|TX Service: Message "Yes"
	|TX Nonce: 2
	|---------------------------------------------------
	|---------------------------------------------------
	|TX Sender: 9
	|TX Receiver: stake
	|TX Service: Coins 10.0
	|TX Nonce: 1
	|---------------------------------------------------
	|---------------------------------------------------
	|TX Sender: 4
	|TX Receiver: 10
	|TX Service: Message "But the plans were on display"
	|TX Nonce: 2
	|---------------------------------------------------
Block Validator: you
===================================================
> Exiting...
